knexfile.ts(5,1): error TS6133: 'Knex' is declared but its value is never read.
knexfile.ts(6,8): error TS1295: ECMAScript imports and exports cannot be written in a CommonJS file under 'verbatimModuleSyntax'. Adjust the 'type' field in the nearest 'package.json' to make this file an ECMAScript module, or adjust your 'verbatimModuleSyntax', 'module', and 'moduleResolution' settings in TypeScript.
knexfile.ts(8,1): error TS1295: ECMAScript imports and exports cannot be written in a CommonJS file under 'verbatimModuleSyntax'. Adjust the 'type' field in the nearest 'package.json' to make this file an ECMAScript module, or adjust your 'verbatimModuleSyntax', 'module', and 'moduleResolution' settings in TypeScript.
src/__tests__/ai/integration.test.utils.ts(6,1): error TS6133: 'db' is declared but its value is never read.
src/__tests__/ai/integration.test.utils.ts(7,8): error TS1295: ECMAScript imports and exports cannot be written in a CommonJS file under 'verbatimModuleSyntax'. Adjust the 'type' field in the nearest 'package.json' to make this file an ECMAScript module, or adjust your 'verbatimModuleSyntax', 'module', and 'moduleResolution' settings in TypeScript.
src/__tests__/ai/integration.test.utils.ts(12,1): error TS1287: A top-level 'export' modifier cannot be used on value declarations in a CommonJS module when 'verbatimModuleSyntax' is enabled.
src/__tests__/ai/integration.test.utils.ts(28,1): error TS1287: A top-level 'export' modifier cannot be used on value declarations in a CommonJS module when 'verbatimModuleSyntax' is enabled.
src/__tests__/ai/integration.test.utils.ts(46,1): error TS1287: A top-level 'export' modifier cannot be used on value declarations in a CommonJS module when 'verbatimModuleSyntax' is enabled.
src/__tests__/auth.utils.ts(6,8): error TS1295: ECMAScript imports and exports cannot be written in a CommonJS file under 'verbatimModuleSyntax'. Adjust the 'type' field in the nearest 'package.json' to make this file an ECMAScript module, or adjust your 'verbatimModuleSyntax', 'module', and 'moduleResolution' settings in TypeScript.
src/__tests__/auth.utils.ts(14,1): error TS1287: A top-level 'export' modifier cannot be used on value declarations in a CommonJS module when 'verbatimModuleSyntax' is enabled.
src/__tests__/auth.utils.ts(20,14): error TS2769: No overload matches this call.
  Overload 1 of 5, '(payload: string | object | Buffer<ArrayBufferLike>, secretOrPrivateKey: null, options?: (SignOptions & { algorithm: "none"; }) | undefined): string', gave the following error.
    Argument of type 'string' is not assignable to parameter of type 'null'.
  Overload 2 of 5, '(payload: string | object | Buffer<ArrayBufferLike>, secretOrPrivateKey: Secret | Buffer<ArrayBufferLike> | JsonWebKeyInput | PrivateKeyInput, options?: SignOptions | undefined): string', gave the following error.
    Type 'string' is not assignable to type 'number | StringValue | undefined'.
  Overload 3 of 5, '(payload: string | object | Buffer<ArrayBufferLike>, secretOrPrivateKey: Secret | Buffer<ArrayBufferLike> | JsonWebKeyInput | PrivateKeyInput, callback: SignCallback): void', gave the following error.
    Object literal may only specify known properties, and 'expiresIn' does not exist in type 'SignCallback'.
src/__tests__/auth.utils.ts(35,1): error TS1287: A top-level 'export' modifier cannot be used on value declarations in a CommonJS module when 'verbatimModuleSyntax' is enabled.
src/__tests__/auth.utils.ts(45,1): error TS1287: A top-level 'export' modifier cannot be used on value declarations in a CommonJS module when 'verbatimModuleSyntax' is enabled.
src/__tests__/auth.utils.ts(62,1): error TS1287: A top-level 'export' modifier cannot be used on value declarations in a CommonJS module when 'verbatimModuleSyntax' is enabled.
src/__tests__/auth.utils.ts(71,1): error TS1287: A top-level 'export' modifier cannot be used on value declarations in a CommonJS module when 'verbatimModuleSyntax' is enabled.
src/__tests__/db.ts(5,16): error TS2307: Cannot find module '../../db' or its corresponding type declarations.
src/__tests__/db.ts(7,1): error TS1295: ECMAScript imports and exports cannot be written in a CommonJS file under 'verbatimModuleSyntax'. Adjust the 'type' field in the nearest 'package.json' to make this file an ECMAScript module, or adjust your 'verbatimModuleSyntax', 'module', and 'moduleResolution' settings in TypeScript.
src/__tests__/integration/auth.utils.ts(5,8): error TS1295: ECMAScript imports and exports cannot be written in a CommonJS file under 'verbatimModuleSyntax'. Adjust the 'type' field in the nearest 'package.json' to make this file an ECMAScript module, or adjust your 'verbatimModuleSyntax', 'module', and 'moduleResolution' settings in TypeScript.
src/__tests__/integration/auth.utils.ts(6,8): error TS1295: ECMAScript imports and exports cannot be written in a CommonJS file under 'verbatimModuleSyntax'. Adjust the 'type' field in the nearest 'package.json' to make this file an ECMAScript module, or adjust your 'verbatimModuleSyntax', 'module', and 'moduleResolution' settings in TypeScript.
src/__tests__/integration/auth.utils.ts(11,1): error TS1287: A top-level 'export' modifier cannot be used on value declarations in a CommonJS module when 'verbatimModuleSyntax' is enabled.
src/__tests__/integration/integration.test.setup.ts(11,1): error TS1287: A top-level 'export' modifier cannot be used on value declarations in a CommonJS module when 'verbatimModuleSyntax' is enabled.
src/__tests__/integration/integration.test.setup.ts(20,1): error TS1287: A top-level 'export' modifier cannot be used on value declarations in a CommonJS module when 'verbatimModuleSyntax' is enabled.
src/__tests__/integration/integration.test.setup.ts(27,1): error TS1287: A top-level 'export' modifier cannot be used on value declarations in a CommonJS module when 'verbatimModuleSyntax' is enabled.
src/__tests__/integration/integration.test.setup.ts(44,1): error TS1287: A top-level 'export' modifier cannot be used on value declarations in a CommonJS module when 'verbatimModuleSyntax' is enabled.
src/__tests__/integration/integration.test.setup.ts(46,49): error TS7006: Parameter 'exists' implicitly has an 'any' type.
src/__tests__/integration/integration.test.setup.ts(48,45): error TS7006: Parameter 'table' implicitly has an 'any' type.
src/__tests__/integration/integration.test.setup.ts(63,50): error TS7006: Parameter 'exists' implicitly has an 'any' type.
src/__tests__/integration/integration.test.setup.ts(65,46): error TS7006: Parameter 'table' implicitly has an 'any' type.
src/__tests__/integration/integration.test.setup.ts(89,58): error TS7006: Parameter 'exists' implicitly has an 'any' type.
src/__tests__/integration/integration.test.setup.ts(91,54): error TS7006: Parameter 'table' implicitly has an 'any' type.
src/__tests__/integration/integration.test.setup.ts(105,64): error TS7006: Parameter 'exists' implicitly has an 'any' type.
src/__tests__/integration/integration.test.setup.ts(107,60): error TS7006: Parameter 'table' implicitly has an 'any' type.
src/__tests__/integration/utils.ts(5,8): error TS1295: ECMAScript imports and exports cannot be written in a CommonJS file under 'verbatimModuleSyntax'. Adjust the 'type' field in the nearest 'package.json' to make this file an ECMAScript module, or adjust your 'verbatimModuleSyntax', 'module', and 'moduleResolution' settings in TypeScript.
src/__tests__/integration/utils.ts(6,1): error TS6133: 'db' is declared but its value is never read.
src/__tests__/integration/utils.ts(6,10): error TS2614: Module '"../../db"' has no exported member 'db'. Did you mean to use 'import db from "../../db"' instead?
src/__tests__/integration/utils.ts(11,1): error TS1287: A top-level 'export' modifier cannot be used on value declarations in a CommonJS module when 'verbatimModuleSyntax' is enabled.
src/__tests__/integration/utils.ts(27,1): error TS1287: A top-level 'export' modifier cannot be used on value declarations in a CommonJS module when 'verbatimModuleSyntax' is enabled.
src/__tests__/utils.ts(6,51): error TS2307: Cannot find module '../../types/chart' or its corresponding type declarations.
src/__tests__/utils.ts(15,1): error TS1287: A top-level 'export' modifier cannot be used on value declarations in a CommonJS module when 'verbatimModuleSyntax' is enabled.
src/__tests__/utils.ts(42,1): error TS1287: A top-level 'export' modifier cannot be used on value declarations in a CommonJS module when 'verbatimModuleSyntax' is enabled.
src/__tests__/utils.ts(200,1): error TS1287: A top-level 'export' modifier cannot be used on value declarations in a CommonJS module when 'verbatimModuleSyntax' is enabled.
src/__tests__/utils.ts(227,1): error TS1287: A top-level 'export' modifier cannot be used on value declarations in a CommonJS module when 'verbatimModuleSyntax' is enabled.
src/__tests__/utils.ts(232,1): error TS1287: A top-level 'export' modifier cannot be used on value declarations in a CommonJS module when 'verbatimModuleSyntax' is enabled.
src/__tests__/utils.ts(246,1): error TS1287: A top-level 'export' modifier cannot be used on value declarations in a CommonJS module when 'verbatimModuleSyntax' is enabled.
src/__tests__/utils.ts(263,1): error TS1287: A top-level 'export' modifier cannot be used on value declarations in a CommonJS module when 'verbatimModuleSyntax' is enabled.
src/__tests__/utils.ts(276,1): error TS1287: A top-level 'export' modifier cannot be used on value declarations in a CommonJS module when 'verbatimModuleSyntax' is enabled.
src/__tests__/utils.ts(277,32): error TS2552: Cannot find name 'bcrypt'. Did you mean 'crypto'?
src/__tests__/utils.ts(279,21): error TS2339: Property 'email' does not exist on type '{}'.
src/__tests__/utils.ts(281,20): error TS2339: Property 'name' does not exist on type '{}'.
src/__tests__/utils.ts(282,24): error TS2339: Property 'timezone' does not exist on type '{}'.
src/__tests__/utils.ts(293,1): error TS1287: A top-level 'export' modifier cannot be used on value declarations in a CommonJS module when 'verbatimModuleSyntax' is enabled.
src/__tests__/utils.ts(296,21): error TS2339: Property 'name' does not exist on type '{}'.
src/__tests__/utils.ts(297,21): error TS2339: Property 'type' does not exist on type '{}'.
src/__tests__/utils.ts(298,27): error TS2339: Property 'birth_date' does not exist on type '{}'.
src/__tests__/utils.ts(299,27): error TS2339: Property 'birth_time' does not exist on type '{}'.
src/__tests__/utils.ts(300,28): error TS2339: Property 'birth_place' does not exist on type '{}'.
src/__tests__/utils.ts(301,25): error TS2339: Property 'latitude' does not exist on type '{}'.
src/__tests__/utils.ts(302,26): error TS2339: Property 'longitude' does not exist on type '{}'.
src/__tests__/utils.ts(303,25): error TS2339: Property 'timezone' does not exist on type '{}'.
src/__tests__/utils.ts(304,29): error TS2339: Property 'time_unknown' does not exist on type '{}'.
src/__tests__/utils.ts(305,29): error TS2339: Property 'house_system' does not exist on type '{}'.
src/__tests__/utils.ts(306,23): error TS2339: Property 'zodiac' does not exist on type '{}'.
src/__tests__/utils.ts(307,32): error TS2339: Property 'calculated_data' does not exist on type '{}'.
src/__tests__/utils.ts(322,1): error TS1287: A top-level 'export' modifier cannot be used on value declarations in a CommonJS module when 'verbatimModuleSyntax' is enabled.
src/__tests__/utils.ts(343,1): error TS1287: A top-level 'export' modifier cannot be used on value declarations in a CommonJS module when 'verbatimModuleSyntax' is enabled.
src/__tests__/utils.ts(352,1): error TS1287: A top-level 'export' modifier cannot be used on value declarations in a CommonJS module when 'verbatimModuleSyntax' is enabled.
src/__tests__/utils.ts(360,1): error TS1287: A top-level 'export' modifier cannot be used on value declarations in a CommonJS module when 'verbatimModuleSyntax' is enabled.
src/__tests__/utils.ts(381,1): error TS1287: A top-level 'export' modifier cannot be used on value declarations in a CommonJS module when 'verbatimModuleSyntax' is enabled.
src/__tests__/utils.ts(407,1): error TS1287: A top-level 'export' modifier cannot be used on value declarations in a CommonJS module when 'verbatimModuleSyntax' is enabled.
src/__tests__/utils.ts(427,1): error TS1287: A top-level 'export' modifier cannot be used on value declarations in a CommonJS module when 'verbatimModuleSyntax' is enabled.
src/__tests__/utils.ts(439,1): error TS1287: A top-level 'export' modifier cannot be used on value declarations in a CommonJS module when 'verbatimModuleSyntax' is enabled.
src/api/index.ts(6,10): error TS1295: ECMAScript imports and exports cannot be written in a CommonJS file under 'verbatimModuleSyntax'. Adjust the 'type' field in the nearest 'package.json' to make this file an ECMAScript module, or adjust your 'verbatimModuleSyntax', 'module', and 'moduleResolution' settings in TypeScript.
src/api/index.ts(6,18): error TS1295: ECMAScript imports and exports cannot be written in a CommonJS file under 'verbatimModuleSyntax'. Adjust the 'type' field in the nearest 'package.json' to make this file an ECMAScript module, or adjust your 'verbatimModuleSyntax', 'module', and 'moduleResolution' settings in TypeScript.
src/api/index.ts(6,18): error TS1484: 'Request' is a type and must be imported using a type-only import when 'verbatimModuleSyntax' is enabled.
src/api/index.ts(6,27): error TS1295: ECMAScript imports and exports cannot be written in a CommonJS file under 'verbatimModuleSyntax'. Adjust the 'type' field in the nearest 'package.json' to make this file an ECMAScript module, or adjust your 'verbatimModuleSyntax', 'module', and 'moduleResolution' settings in TypeScript.
src/api/index.ts(6,27): error TS1484: 'Response' is a type and must be imported using a type-only import when 'verbatimModuleSyntax' is enabled.
src/api/index.ts(7,8): error TS1295: ECMAScript imports and exports cannot be written in a CommonJS file under 'verbatimModuleSyntax'. Adjust the 'type' field in the nearest 'package.json' to make this file an ECMAScript module, or adjust your 'verbatimModuleSyntax', 'module', and 'moduleResolution' settings in TypeScript.
src/api/index.ts(8,8): error TS1295: ECMAScript imports and exports cannot be written in a CommonJS file under 'verbatimModuleSyntax'. Adjust the 'type' field in the nearest 'package.json' to make this file an ECMAScript module, or adjust your 'verbatimModuleSyntax', 'module', and 'moduleResolution' settings in TypeScript.
src/api/index.ts(13,18): error TS6133: 'req' is declared but its value is never read.
src/api/index.ts(29,1): error TS1295: ECMAScript imports and exports cannot be written in a CommonJS file under 'verbatimModuleSyntax'. Adjust the 'type' field in the nearest 'package.json' to make this file an ECMAScript module, or adjust your 'verbatimModuleSyntax', 'module', and 'moduleResolution' settings in TypeScript.
src/api/v1/index.ts(6,10): error TS1295: ECMAScript imports and exports cannot be written in a CommonJS file under 'verbatimModuleSyntax'. Adjust the 'type' field in the nearest 'package.json' to make this file an ECMAScript module, or adjust your 'verbatimModuleSyntax', 'module', and 'moduleResolution' settings in TypeScript.
src/api/v1/index.ts(15,10): error TS1295: ECMAScript imports and exports cannot be written in a CommonJS file under 'verbatimModuleSyntax'. Adjust the 'type' field in the nearest 'package.json' to make this file an ECMAScript module, or adjust your 'verbatimModuleSyntax', 'module', and 'moduleResolution' settings in TypeScript.
src/api/v1/index.ts(16,8): error TS1295: ECMAScript imports and exports cannot be written in a CommonJS file under 'verbatimModuleSyntax'. Adjust the 'type' field in the nearest 'package.json' to make this file an ECMAScript module, or adjust your 'verbatimModuleSyntax', 'module', and 'moduleResolution' settings in TypeScript.
src/api/v1/index.ts(17,26): error TS2307: Cannot find module '../../routes/health.routes' or its corresponding type declarations.
src/api/v1/index.ts(54,1): error TS1295: ECMAScript imports and exports cannot be written in a CommonJS file under 'verbatimModuleSyntax'. Adjust the 'type' field in the nearest 'package.json' to make this file an ECMAScript module, or adjust your 'verbatimModuleSyntax', 'module', and 'moduleResolution' settings in TypeScript.
src/api/v1/middleware/version.ts(6,10): error TS1295: ECMAScript imports and exports cannot be written in a CommonJS file under 'verbatimModuleSyntax'. Adjust the 'type' field in the nearest 'package.json' to make this file an ECMAScript module, or adjust your 'verbatimModuleSyntax', 'module', and 'moduleResolution' settings in TypeScript.
src/api/v1/middleware/version.ts(6,10): error TS1484: 'Request' is a type and must be imported using a type-only import when 'verbatimModuleSyntax' is enabled.
src/api/v1/middleware/version.ts(6,19): error TS1295: ECMAScript imports and exports cannot be written in a CommonJS file under 'verbatimModuleSyntax'. Adjust the 'type' field in the nearest 'package.json' to make this file an ECMAScript module, or adjust your 'verbatimModuleSyntax', 'module', and 'moduleResolution' settings in TypeScript.
src/api/v1/middleware/version.ts(6,19): error TS1484: 'Response' is a type and must be imported using a type-only import when 'verbatimModuleSyntax' is enabled.
src/api/v1/middleware/version.ts(6,29): error TS1295: ECMAScript imports and exports cannot be written in a CommonJS file under 'verbatimModuleSyntax'. Adjust the 'type' field in the nearest 'package.json' to make this file an ECMAScript module, or adjust your 'verbatimModuleSyntax', 'module', and 'moduleResolution' settings in TypeScript.
src/api/v1/middleware/version.ts(6,29): error TS1484: 'NextFunction' is a type and must be imported using a type-only import when 'verbatimModuleSyntax' is enabled.
src/api/v1/middleware/version.ts(8,1): error TS1287: A top-level 'export' modifier cannot be used on value declarations in a CommonJS module when 'verbatimModuleSyntax' is enabled.
src/api/v1/middleware/version.ts(22,1): error TS1287: A top-level 'export' modifier cannot be used on value declarations in a CommonJS module when 'verbatimModuleSyntax' is enabled.
src/api/v1/middleware/version.ts(22,35): error TS7030: Not all code paths return a value.
src/api/v2/index.ts(6,10): error TS1295: ECMAScript imports and exports cannot be written in a CommonJS file under 'verbatimModuleSyntax'. Adjust the 'type' field in the nearest 'package.json' to make this file an ECMAScript module, or adjust your 'verbatimModuleSyntax', 'module', and 'moduleResolution' settings in TypeScript.
src/api/v2/index.ts(13,18): error TS6133: 'req' is declared but its value is never read.
src/api/v2/index.ts(21,1): error TS1295: ECMAScript imports and exports cannot be written in a CommonJS file under 'verbatimModuleSyntax'. Adjust the 'type' field in the nearest 'package.json' to make this file an ECMAScript module, or adjust your 'verbatimModuleSyntax', 'module', and 'moduleResolution' settings in TypeScript.
src/config/database.ts(6,8): error TS1295: ECMAScript imports and exports cannot be written in a CommonJS file under 'verbatimModuleSyntax'. Adjust the 'type' field in the nearest 'package.json' to make this file an ECMAScript module, or adjust your 'verbatimModuleSyntax', 'module', and 'moduleResolution' settings in TypeScript.
src/config/database.ts(32,1): error TS1295: ECMAScript imports and exports cannot be written in a CommonJS file under 'verbatimModuleSyntax'. Adjust the 'type' field in the nearest 'package.json' to make this file an ECMAScript module, or adjust your 'verbatimModuleSyntax', 'module', and 'moduleResolution' settings in TypeScript.
src/config/index.ts(5,8): error TS1295: ECMAScript imports and exports cannot be written in a CommonJS file under 'verbatimModuleSyntax'. Adjust the 'type' field in the nearest 'package.json' to make this file an ECMAScript module, or adjust your 'verbatimModuleSyntax', 'module', and 'moduleResolution' settings in TypeScript.
src/config/index.ts(96,1): error TS1295: ECMAScript imports and exports cannot be written in a CommonJS file under 'verbatimModuleSyntax'. Adjust the 'type' field in the nearest 'package.json' to make this file an ECMAScript module, or adjust your 'verbatimModuleSyntax', 'module', and 'moduleResolution' settings in TypeScript.
src/data/astrologicalEvents.ts(6,35): error TS2307: Cannot find module '../models/calendar.model' or its corresponding type declarations.
src/data/astrologicalEvents.ts(44,1): error TS1287: A top-level 'export' modifier cannot be used on value declarations in a CommonJS module when 'verbatimModuleSyntax' is enabled.
src/data/astrologicalEvents.ts(488,1): error TS1287: A top-level 'export' modifier cannot be used on value declarations in a CommonJS module when 'verbatimModuleSyntax' is enabled.
src/data/astrologicalEvents.ts(564,1): error TS1287: A top-level 'export' modifier cannot be used on value declarations in a CommonJS module when 'verbatimModuleSyntax' is enabled.
src/data/astrologicalEvents.ts(600,1): error TS1287: A top-level 'export' modifier cannot be used on value declarations in a CommonJS module when 'verbatimModuleSyntax' is enabled.
src/data/astrologicalEvents.ts(658,1): error TS1295: ECMAScript imports and exports cannot be written in a CommonJS file under 'verbatimModuleSyntax'. Adjust the 'type' field in the nearest 'package.json' to make this file an ECMAScript module, or adjust your 'verbatimModuleSyntax', 'module', and 'moduleResolution' settings in TypeScript.
src/data/interpretations.ts(26,1): error TS1287: A top-level 'export' modifier cannot be used on value declarations in a CommonJS module when 'verbatimModuleSyntax' is enabled.
src/data/interpretations.ts(1575,1): error TS1287: A top-level 'export' modifier cannot be used on value declarations in a CommonJS module when 'verbatimModuleSyntax' is enabled.
src/data/interpretations.ts(1580,5): error TS2322: Type 'null' is not assignable to type 'boolean'.
src/data/interpretations.ts(1674,1): error TS1287: A top-level 'export' modifier cannot be used on value declarations in a CommonJS module when 'verbatimModuleSyntax' is enabled.
src/data/interpretations.ts(1849,1): error TS1287: A top-level 'export' modifier cannot be used on value declarations in a CommonJS module when 'verbatimModuleSyntax' is enabled.
src/data/interpretations.ts(1901,1): error TS1287: A top-level 'export' modifier cannot be used on value declarations in a CommonJS module when 'verbatimModuleSyntax' is enabled.
src/data/interpretations.ts(1914,1): error TS1287: A top-level 'export' modifier cannot be used on value declarations in a CommonJS module when 'verbatimModuleSyntax' is enabled.
src/data/interpretations.ts(1924,1): error TS1287: A top-level 'export' modifier cannot be used on value declarations in a CommonJS module when 'verbatimModuleSyntax' is enabled.
src/data/interpretations.ts(1934,1): error TS1287: A top-level 'export' modifier cannot be used on value declarations in a CommonJS module when 'verbatimModuleSyntax' is enabled.
src/data/lunarReturnInterpretations.ts(33,1): error TS1287: A top-level 'export' modifier cannot be used on value declarations in a CommonJS module when 'verbatimModuleSyntax' is enabled.
src/data/lunarReturnInterpretations.ts(689,1): error TS1287: A top-level 'export' modifier cannot be used on value declarations in a CommonJS module when 'verbatimModuleSyntax' is enabled.
src/data/lunarReturnInterpretations.ts(832,1): error TS1287: A top-level 'export' modifier cannot be used on value declarations in a CommonJS module when 'verbatimModuleSyntax' is enabled.
src/data/lunarReturnInterpretations.ts(962,1): error TS1287: A top-level 'export' modifier cannot be used on value declarations in a CommonJS module when 'verbatimModuleSyntax' is enabled.
src/data/lunarReturnInterpretations.ts(975,1): error TS1295: ECMAScript imports and exports cannot be written in a CommonJS file under 'verbatimModuleSyntax'. Adjust the 'type' field in the nearest 'package.json' to make this file an ECMAScript module, or adjust your 'verbatimModuleSyntax', 'module', and 'moduleResolution' settings in TypeScript.
src/data/solarReturnInterpretations.ts(6,10): error TS1295: ECMAScript imports and exports cannot be written in a CommonJS file under 'verbatimModuleSyntax'. Adjust the 'type' field in the nearest 'package.json' to make this file an ECMAScript module, or adjust your 'verbatimModuleSyntax', 'module', and 'moduleResolution' settings in TypeScript.
src/data/solarReturnInterpretations.ts(6,10): error TS1484: 'SolarReturnInterpretation' is a type and must be imported using a type-only import when 'verbatimModuleSyntax' is enabled.
src/data/solarReturnInterpretations.ts(263,1): error TS1287: A top-level 'export' modifier cannot be used on value declarations in a CommonJS module when 'verbatimModuleSyntax' is enabled.
src/data/solarReturnInterpretations.ts(263,67): error TS6133: 'year' is declared but its value is never read.
src/data/solarReturnInterpretations.ts(293,5): error TS2741: Property 'phase' is missing in type '{ interpretation: string; energy: string; advice: string[]; }' but required in type '{ phase: string; interpretation: string; }'.
src/data/solarReturnInterpretations.ts(441,45): error TS6133: 'chartData' is declared but its value is never read.
src/data/solarReturnInterpretations.ts(464,1): error TS1295: ECMAScript imports and exports cannot be written in a CommonJS file under 'verbatimModuleSyntax'. Adjust the 'type' field in the nearest 'package.json' to make this file an ECMAScript module, or adjust your 'verbatimModuleSyntax', 'module', and 'moduleResolution' settings in TypeScript.
src/data/synastryInterpretations.ts(32,1): error TS1287: A top-level 'export' modifier cannot be used on value declarations in a CommonJS module when 'verbatimModuleSyntax' is enabled.
src/data/synastryInterpretations.ts(300,1): error TS1287: A top-level 'export' modifier cannot be used on value declarations in a CommonJS module when 'verbatimModuleSyntax' is enabled.
src/data/synastryInterpretations.ts(484,1): error TS1287: A top-level 'export' modifier cannot be used on value declarations in a CommonJS module when 'verbatimModuleSyntax' is enabled.
src/data/synastryInterpretations.ts(485,3): error TS2741: Property 'aspect' is missing in type '{ generalMeaning: string; inRelationship: string; growthPotential: string; }' but required in type 'SynastryAspectTheme'.
src/data/synastryInterpretations.ts(490,3): error TS2741: Property 'aspect' is missing in type '{ generalMeaning: string; inRelationship: string; growthPotential: string; }' but required in type 'SynastryAspectTheme'.
src/data/synastryInterpretations.ts(495,3): error TS2741: Property 'aspect' is missing in type '{ generalMeaning: string; inRelationship: string; growthPotential: string; }' but required in type 'SynastryAspectTheme'.
src/data/synastryInterpretations.ts(500,3): error TS2741: Property 'aspect' is missing in type '{ generalMeaning: string; inRelationship: string; growthPotential: string; }' but required in type 'SynastryAspectTheme'.
src/data/synastryInterpretations.ts(505,3): error TS2741: Property 'aspect' is missing in type '{ generalMeaning: string; inRelationship: string; growthPotential: string; }' but required in type 'SynastryAspectTheme'.
src/data/synastryInterpretations.ts(510,3): error TS2741: Property 'aspect' is missing in type '{ generalMeaning: string; inRelationship: string; growthPotential: string; }' but required in type 'SynastryAspectTheme'.
src/data/synastryInterpretations.ts(515,3): error TS2741: Property 'aspect' is missing in type '{ generalMeaning: string; inRelationship: string; growthPotential: string; }' but required in type 'SynastryAspectTheme'.
src/data/synastryInterpretations.ts(523,1): error TS1287: A top-level 'export' modifier cannot be used on value declarations in a CommonJS module when 'verbatimModuleSyntax' is enabled.
src/data/synastryInterpretations.ts(576,1): error TS1295: ECMAScript imports and exports cannot be written in a CommonJS file under 'verbatimModuleSyntax'. Adjust the 'type' field in the nearest 'package.json' to make this file an ECMAScript module, or adjust your 'verbatimModuleSyntax', 'module', and 'moduleResolution' settings in TypeScript.
src/db/index.ts(5,8): error TS1295: ECMAScript imports and exports cannot be written in a CommonJS file under 'verbatimModuleSyntax'. Adjust the 'type' field in the nearest 'package.json' to make this file an ECMAScript module, or adjust your 'verbatimModuleSyntax', 'module', and 'moduleResolution' settings in TypeScript.
src/db/index.ts(6,8): error TS1295: ECMAScript imports and exports cannot be written in a CommonJS file under 'verbatimModuleSyntax'. Adjust the 'type' field in the nearest 'package.json' to make this file an ECMAScript module, or adjust your 'verbatimModuleSyntax', 'module', and 'moduleResolution' settings in TypeScript.
src/db/index.ts(6,24): error TS6059: File 'C:/Users/plner/MVP_Projects/backend/knexfile.ts' is not under 'rootDir' 'C:/Users/plner/MVP_Projects/backend/src'. 'rootDir' is expected to contain all source files.
  File is CommonJS module because 'C:/Users/plner/MVP_Projects/backend/package.json' does not have field "type"
src/db/index.ts(25,1): error TS1295: ECMAScript imports and exports cannot be written in a CommonJS file under 'verbatimModuleSyntax'. Adjust the 'type' field in the nearest 'package.json' to make this file an ECMAScript module, or adjust your 'verbatimModuleSyntax', 'module', and 'moduleResolution' settings in TypeScript.
src/middleware/auth.ts(5,10): error TS1295: ECMAScript imports and exports cannot be written in a CommonJS file under 'verbatimModuleSyntax'. Adjust the 'type' field in the nearest 'package.json' to make this file an ECMAScript module, or adjust your 'verbatimModuleSyntax', 'module', and 'moduleResolution' settings in TypeScript.
src/middleware/auth.ts(5,10): error TS1484: 'Request' is a type and must be imported using a type-only import when 'verbatimModuleSyntax' is enabled.
src/middleware/auth.ts(5,19): error TS1295: ECMAScript imports and exports cannot be written in a CommonJS file under 'verbatimModuleSyntax'. Adjust the 'type' field in the nearest 'package.json' to make this file an ECMAScript module, or adjust your 'verbatimModuleSyntax', 'module', and 'moduleResolution' settings in TypeScript.
src/middleware/auth.ts(5,19): error TS1484: 'Response' is a type and must be imported using a type-only import when 'verbatimModuleSyntax' is enabled.
src/middleware/auth.ts(5,29): error TS1295: ECMAScript imports and exports cannot be written in a CommonJS file under 'verbatimModuleSyntax'. Adjust the 'type' field in the nearest 'package.json' to make this file an ECMAScript module, or adjust your 'verbatimModuleSyntax', 'module', and 'moduleResolution' settings in TypeScript.
src/middleware/auth.ts(5,29): error TS1484: 'NextFunction' is a type and must be imported using a type-only import when 'verbatimModuleSyntax' is enabled.
src/middleware/auth.ts(6,8): error TS1295: ECMAScript imports and exports cannot be written in a CommonJS file under 'verbatimModuleSyntax'. Adjust the 'type' field in the nearest 'package.json' to make this file an ECMAScript module, or adjust your 'verbatimModuleSyntax', 'module', and 'moduleResolution' settings in TypeScript.
src/middleware/auth.ts(7,10): error TS1295: ECMAScript imports and exports cannot be written in a CommonJS file under 'verbatimModuleSyntax'. Adjust the 'type' field in the nearest 'package.json' to make this file an ECMAScript module, or adjust your 'verbatimModuleSyntax', 'module', and 'moduleResolution' settings in TypeScript.
src/middleware/auth.ts(8,8): error TS1295: ECMAScript imports and exports cannot be written in a CommonJS file under 'verbatimModuleSyntax'. Adjust the 'type' field in the nearest 'package.json' to make this file an ECMAScript module, or adjust your 'verbatimModuleSyntax', 'module', and 'moduleResolution' settings in TypeScript.
src/middleware/auth.ts(29,1): error TS1287: A top-level 'export' modifier cannot be used on value declarations in a CommonJS module when 'verbatimModuleSyntax' is enabled.
src/middleware/auth.ts(31,3): error TS6133: 'res' is declared but its value is never read.
src/middleware/auth.ts(65,1): error TS1287: A top-level 'export' modifier cannot be used on value declarations in a CommonJS module when 'verbatimModuleSyntax' is enabled.
src/middleware/auth.ts(67,3): error TS6133: 'res' is declared but its value is never read.
src/middleware/auth.ts(89,1): error TS1287: A top-level 'export' modifier cannot be used on value declarations in a CommonJS module when 'verbatimModuleSyntax' is enabled.
src/middleware/auth.ts(90,14): error TS2769: No overload matches this call.
  Overload 1 of 5, '(payload: string | object | Buffer<ArrayBufferLike>, secretOrPrivateKey: null, options?: (SignOptions & { algorithm: "none"; }) | undefined): string', gave the following error.
    Argument of type 'string' is not assignable to parameter of type 'null'.
  Overload 2 of 5, '(payload: string | object | Buffer<ArrayBufferLike>, secretOrPrivateKey: Secret | Buffer<ArrayBufferLike> | JsonWebKeyInput | PrivateKeyInput, options?: SignOptions | undefined): string', gave the following error.
    Type 'string' is not assignable to type 'number | StringValue | undefined'.
  Overload 3 of 5, '(payload: string | object | Buffer<ArrayBufferLike>, secretOrPrivateKey: Secret | Buffer<ArrayBufferLike> | JsonWebKeyInput | PrivateKeyInput, callback: SignCallback): void', gave the following error.
    Object literal may only specify known properties, and 'expiresIn' does not exist in type 'SignCallback'.
src/middleware/auth.ts(98,1): error TS1287: A top-level 'export' modifier cannot be used on value declarations in a CommonJS module when 'verbatimModuleSyntax' is enabled.
src/middleware/auth.ts(99,14): error TS2769: No overload matches this call.
  Overload 1 of 5, '(payload: string | object | Buffer<ArrayBufferLike>, secretOrPrivateKey: null, options?: (SignOptions & { algorithm: "none"; }) | undefined): string', gave the following error.
    Argument of type 'string' is not assignable to parameter of type 'null'.
  Overload 2 of 5, '(payload: string | object | Buffer<ArrayBufferLike>, secretOrPrivateKey: Secret | Buffer<ArrayBufferLike> | JsonWebKeyInput | PrivateKeyInput, options?: SignOptions | undefined): string', gave the following error.
    Type 'string' is not assignable to type 'number | StringValue | undefined'.
  Overload 3 of 5, '(payload: string | object | Buffer<ArrayBufferLike>, secretOrPrivateKey: Secret | Buffer<ArrayBufferLike> | JsonWebKeyInput | PrivateKeyInput, callback: SignCallback): void', gave the following error.
    Object literal may only specify known properties, and 'expiresIn' does not exist in type 'SignCallback'.
src/middleware/errorHandler.ts(5,10): error TS1295: ECMAScript imports and exports cannot be written in a CommonJS file under 'verbatimModuleSyntax'. Adjust the 'type' field in the nearest 'package.json' to make this file an ECMAScript module, or adjust your 'verbatimModuleSyntax', 'module', and 'moduleResolution' settings in TypeScript.
src/middleware/errorHandler.ts(5,10): error TS1484: 'Request' is a type and must be imported using a type-only import when 'verbatimModuleSyntax' is enabled.
src/middleware/errorHandler.ts(5,19): error TS1295: ECMAScript imports and exports cannot be written in a CommonJS file under 'verbatimModuleSyntax'. Adjust the 'type' field in the nearest 'package.json' to make this file an ECMAScript module, or adjust your 'verbatimModuleSyntax', 'module', and 'moduleResolution' settings in TypeScript.
src/middleware/errorHandler.ts(5,19): error TS1484: 'Response' is a type and must be imported using a type-only import when 'verbatimModuleSyntax' is enabled.
src/middleware/errorHandler.ts(5,29): error TS1295: ECMAScript imports and exports cannot be written in a CommonJS file under 'verbatimModuleSyntax'. Adjust the 'type' field in the nearest 'package.json' to make this file an ECMAScript module, or adjust your 'verbatimModuleSyntax', 'module', and 'moduleResolution' settings in TypeScript.
src/middleware/errorHandler.ts(5,29): error TS1484: 'NextFunction' is a type and must be imported using a type-only import when 'verbatimModuleSyntax' is enabled.
src/middleware/errorHandler.ts(6,8): error TS1295: ECMAScript imports and exports cannot be written in a CommonJS file under 'verbatimModuleSyntax'. Adjust the 'type' field in the nearest 'package.json' to make this file an ECMAScript module, or adjust your 'verbatimModuleSyntax', 'module', and 'moduleResolution' settings in TypeScript.
src/middleware/errorHandler.ts(7,10): error TS1295: ECMAScript imports and exports cannot be written in a CommonJS file under 'verbatimModuleSyntax'. Adjust the 'type' field in the nearest 'package.json' to make this file an ECMAScript module, or adjust your 'verbatimModuleSyntax', 'module', and 'moduleResolution' settings in TypeScript.
src/middleware/errorHandler.ts(10,10): error TS1295: ECMAScript imports and exports cannot be written in a CommonJS file under 'verbatimModuleSyntax'. Adjust the 'type' field in the nearest 'package.json' to make this file an ECMAScript module, or adjust your 'verbatimModuleSyntax', 'module', and 'moduleResolution' settings in TypeScript.
src/middleware/errorHandler.ts(19,1): error TS1287: A top-level 'export' modifier cannot be used on value declarations in a CommonJS module when 'verbatimModuleSyntax' is enabled.
src/middleware/errorHandler.ts(23,3): error TS6133: 'next' is declared but its value is never read.
src/middleware/errorHandler.ts(74,7): error TS2698: Spread types may only be created from object types.
src/middleware/errorHandler.ts(95,1): error TS1287: A top-level 'export' modifier cannot be used on value declarations in a CommonJS module when 'verbatimModuleSyntax' is enabled.
src/middleware/errorHandler.ts(112,1): error TS1287: A top-level 'export' modifier cannot be used on value declarations in a CommonJS module when 'verbatimModuleSyntax' is enabled.
src/middleware/errorHandler.ts(135,1): error TS1287: A top-level 'export' modifier cannot be used on value declarations in a CommonJS module when 'verbatimModuleSyntax' is enabled.
src/middleware/errorHandler.ts(144,1): error TS1287: A top-level 'export' modifier cannot be used on value declarations in a CommonJS module when 'verbatimModuleSyntax' is enabled.
src/middleware/errorHandler.ts(152,1): error TS1287: A top-level 'export' modifier cannot be used on value declarations in a CommonJS module when 'verbatimModuleSyntax' is enabled.
src/middleware/errorHandler.ts(160,1): error TS1287: A top-level 'export' modifier cannot be used on value declarations in a CommonJS module when 'verbatimModuleSyntax' is enabled.
src/middleware/errorHandler.ts(173,1): error TS1287: A top-level 'export' modifier cannot be used on value declarations in a CommonJS module when 'verbatimModuleSyntax' is enabled.
src/middleware/httpLogger.ts(6,10): error TS1295: ECMAScript imports and exports cannot be written in a CommonJS file under 'verbatimModuleSyntax'. Adjust the 'type' field in the nearest 'package.json' to make this file an ECMAScript module, or adjust your 'verbatimModuleSyntax', 'module', and 'moduleResolution' settings in TypeScript.
src/middleware/httpLogger.ts(6,10): error TS1484: 'Request' is a type and must be imported using a type-only import when 'verbatimModuleSyntax' is enabled.
src/middleware/httpLogger.ts(6,19): error TS1295: ECMAScript imports and exports cannot be written in a CommonJS file under 'verbatimModuleSyntax'. Adjust the 'type' field in the nearest 'package.json' to make this file an ECMAScript module, or adjust your 'verbatimModuleSyntax', 'module', and 'moduleResolution' settings in TypeScript.
src/middleware/httpLogger.ts(6,19): error TS1484: 'Response' is a type and must be imported using a type-only import when 'verbatimModuleSyntax' is enabled.
src/middleware/httpLogger.ts(6,29): error TS1295: ECMAScript imports and exports cannot be written in a CommonJS file under 'verbatimModuleSyntax'. Adjust the 'type' field in the nearest 'package.json' to make this file an ECMAScript module, or adjust your 'verbatimModuleSyntax', 'module', and 'moduleResolution' settings in TypeScript.
src/middleware/httpLogger.ts(6,29): error TS1484: 'NextFunction' is a type and must be imported using a type-only import when 'verbatimModuleSyntax' is enabled.
src/middleware/httpLogger.ts(7,10): error TS1295: ECMAScript imports and exports cannot be written in a CommonJS file under 'verbatimModuleSyntax'. Adjust the 'type' field in the nearest 'package.json' to make this file an ECMAScript module, or adjust your 'verbatimModuleSyntax', 'module', and 'moduleResolution' settings in TypeScript.
src/middleware/httpLogger.ts(8,10): error TS1295: ECMAScript imports and exports cannot be written in a CommonJS file under 'verbatimModuleSyntax'. Adjust the 'type' field in the nearest 'package.json' to make this file an ECMAScript module, or adjust your 'verbatimModuleSyntax', 'module', and 'moduleResolution' settings in TypeScript.
src/middleware/httpLogger.ts(8,18): error TS1295: ECMAScript imports and exports cannot be written in a CommonJS file under 'verbatimModuleSyntax'. Adjust the 'type' field in the nearest 'package.json' to make this file an ECMAScript module, or adjust your 'verbatimModuleSyntax', 'module', and 'moduleResolution' settings in TypeScript.
src/middleware/httpLogger.ts(8,34): error TS1295: ECMAScript imports and exports cannot be written in a CommonJS file under 'verbatimModuleSyntax'. Adjust the 'type' field in the nearest 'package.json' to make this file an ECMAScript module, or adjust your 'verbatimModuleSyntax', 'module', and 'moduleResolution' settings in TypeScript.
src/middleware/httpLogger.ts(23,1): error TS1287: A top-level 'export' modifier cannot be used on value declarations in a CommonJS module when 'verbatimModuleSyntax' is enabled.
src/middleware/httpLogger.ts(96,1): error TS1287: A top-level 'export' modifier cannot be used on value declarations in a CommonJS module when 'verbatimModuleSyntax' is enabled.
src/middleware/httpLogger.ts(123,1): error TS1287: A top-level 'export' modifier cannot be used on value declarations in a CommonJS module when 'verbatimModuleSyntax' is enabled.
src/middleware/httpLogger.ts(123,61): error TS6133: 'res' is declared but its value is never read.
src/middleware/httpLogger.ts(143,1): error TS1287: A top-level 'export' modifier cannot be used on value declarations in a CommonJS module when 'verbatimModuleSyntax' is enabled.
src/middleware/httpLogger.ts(163,1): error TS1287: A top-level 'export' modifier cannot be used on value declarations in a CommonJS module when 'verbatimModuleSyntax' is enabled.
src/middleware/notFoundHandler.ts(5,10): error TS1295: ECMAScript imports and exports cannot be written in a CommonJS file under 'verbatimModuleSyntax'. Adjust the 'type' field in the nearest 'package.json' to make this file an ECMAScript module, or adjust your 'verbatimModuleSyntax', 'module', and 'moduleResolution' settings in TypeScript.
src/middleware/notFoundHandler.ts(5,10): error TS1484: 'Request' is a type and must be imported using a type-only import when 'verbatimModuleSyntax' is enabled.
src/middleware/notFoundHandler.ts(5,19): error TS1295: ECMAScript imports and exports cannot be written in a CommonJS file under 'verbatimModuleSyntax'. Adjust the 'type' field in the nearest 'package.json' to make this file an ECMAScript module, or adjust your 'verbatimModuleSyntax', 'module', and 'moduleResolution' settings in TypeScript.
src/middleware/notFoundHandler.ts(5,19): error TS1484: 'Response' is a type and must be imported using a type-only import when 'verbatimModuleSyntax' is enabled.
src/middleware/notFoundHandler.ts(7,1): error TS1287: A top-level 'export' modifier cannot be used on value declarations in a CommonJS module when 'verbatimModuleSyntax' is enabled.
src/middleware/requestLogger.ts(5,10): error TS1295: ECMAScript imports and exports cannot be written in a CommonJS file under 'verbatimModuleSyntax'. Adjust the 'type' field in the nearest 'package.json' to make this file an ECMAScript module, or adjust your 'verbatimModuleSyntax', 'module', and 'moduleResolution' settings in TypeScript.
src/middleware/requestLogger.ts(5,10): error TS1484: 'Request' is a type and must be imported using a type-only import when 'verbatimModuleSyntax' is enabled.
src/middleware/requestLogger.ts(5,19): error TS1295: ECMAScript imports and exports cannot be written in a CommonJS file under 'verbatimModuleSyntax'. Adjust the 'type' field in the nearest 'package.json' to make this file an ECMAScript module, or adjust your 'verbatimModuleSyntax', 'module', and 'moduleResolution' settings in TypeScript.
src/middleware/requestLogger.ts(5,19): error TS1484: 'Response' is a type and must be imported using a type-only import when 'verbatimModuleSyntax' is enabled.
src/middleware/requestLogger.ts(5,29): error TS1295: ECMAScript imports and exports cannot be written in a CommonJS file under 'verbatimModuleSyntax'. Adjust the 'type' field in the nearest 'package.json' to make this file an ECMAScript module, or adjust your 'verbatimModuleSyntax', 'module', and 'moduleResolution' settings in TypeScript.
src/middleware/requestLogger.ts(5,29): error TS1484: 'NextFunction' is a type and must be imported using a type-only import when 'verbatimModuleSyntax' is enabled.
src/middleware/requestLogger.ts(6,8): error TS1295: ECMAScript imports and exports cannot be written in a CommonJS file under 'verbatimModuleSyntax'. Adjust the 'type' field in the nearest 'package.json' to make this file an ECMAScript module, or adjust your 'verbatimModuleSyntax', 'module', and 'moduleResolution' settings in TypeScript.
src/middleware/requestLogger.ts(8,1): error TS1287: A top-level 'export' modifier cannot be used on value declarations in a CommonJS module when 'verbatimModuleSyntax' is enabled.
src/models/index.ts(5,38): error TS2307: Cannot find module './user.model' or its corresponding type declarations.
src/models/index.ts(6,39): error TS2307: Cannot find module './chart.model' or its corresponding type declarations.
src/models/index.ts(7,59): error TS2307: Cannot find module './user.model' or its corresponding type declarations.
src/models/index.ts(8,62): error TS2307: Cannot find module './chart.model' or its corresponding type declarations.
src/models/index.ts(24,8): error TS2307: Cannot find module './calendar.model' or its corresponding type declarations.
src/modules/ai/config/openai.config.ts(13,1): error TS1287: A top-level 'export' modifier cannot be used on value declarations in a CommonJS module when 'verbatimModuleSyntax' is enabled.
src/modules/ai/config/openai.config.ts(23,1): error TS1287: A top-level 'export' modifier cannot be used on value declarations in a CommonJS module when 'verbatimModuleSyntax' is enabled.
src/modules/ai/config/openai.config.ts(125,1): error TS1287: A top-level 'export' modifier cannot be used on value declarations in a CommonJS module when 'verbatimModuleSyntax' is enabled.
src/modules/ai/config/openai.config.ts(148,1): error TS1295: ECMAScript imports and exports cannot be written in a CommonJS file under 'verbatimModuleSyntax'. Adjust the 'type' field in the nearest 'package.json' to make this file an ECMAScript module, or adjust your 'verbatimModuleSyntax', 'module', and 'moduleResolution' settings in TypeScript.
src/modules/ai/controllers/ai.controller.ts(6,10): error TS1295: ECMAScript imports and exports cannot be written in a CommonJS file under 'verbatimModuleSyntax'. Adjust the 'type' field in the nearest 'package.json' to make this file an ECMAScript module, or adjust your 'verbatimModuleSyntax', 'module', and 'moduleResolution' settings in TypeScript.
src/modules/ai/controllers/ai.controller.ts(6,10): error TS1484: 'Request' is a type and must be imported using a type-only import when 'verbatimModuleSyntax' is enabled.
src/modules/ai/controllers/ai.controller.ts(6,19): error TS1295: ECMAScript imports and exports cannot be written in a CommonJS file under 'verbatimModuleSyntax'. Adjust the 'type' field in the nearest 'package.json' to make this file an ECMAScript module, or adjust your 'verbatimModuleSyntax', 'module', and 'moduleResolution' settings in TypeScript.
src/modules/ai/controllers/ai.controller.ts(6,19): error TS1484: 'Response' is a type and must be imported using a type-only import when 'verbatimModuleSyntax' is enabled.
src/modules/ai/controllers/ai.controller.ts(7,10): error TS1295: ECMAScript imports and exports cannot be written in a CommonJS file under 'verbatimModuleSyntax'. Adjust the 'type' field in the nearest 'package.json' to make this file an ECMAScript module, or adjust your 'verbatimModuleSyntax', 'module', and 'moduleResolution' settings in TypeScript.
src/modules/ai/controllers/ai.controller.ts(8,8): error TS1295: ECMAScript imports and exports cannot be written in a CommonJS file under 'verbatimModuleSyntax'. Adjust the 'type' field in the nearest 'package.json' to make this file an ECMAScript module, or adjust your 'verbatimModuleSyntax', 'module', and 'moduleResolution' settings in TypeScript.
src/modules/ai/controllers/ai.controller.ts(9,8): error TS1295: ECMAScript imports and exports cannot be written in a CommonJS file under 'verbatimModuleSyntax'. Adjust the 'type' field in the nearest 'package.json' to make this file an ECMAScript module, or adjust your 'verbatimModuleSyntax', 'module', and 'moduleResolution' settings in TypeScript.
src/modules/ai/controllers/ai.controller.ts(10,8): error TS1295: ECMAScript imports and exports cannot be written in a CommonJS file under 'verbatimModuleSyntax'. Adjust the 'type' field in the nearest 'package.json' to make this file an ECMAScript module, or adjust your 'verbatimModuleSyntax', 'module', and 'moduleResolution' settings in TypeScript.
src/modules/ai/controllers/ai.controller.ts(13,11): error TS2430: Interface 'AuthenticatedRequest' incorrectly extends interface 'Request<ParamsDictionary, any, any, ParsedQs, Record<string, any>>'.
  Types of property 'user' are incompatible.
    Type '{ userId: number; email: string; } | undefined' is not assignable to type 'TokenPayload | undefined'.
      Type '{ userId: number; email: string; }' is not assignable to type 'TokenPayload'.
        Types of property 'userId' are incompatible.
          Type 'number' is not assignable to type 'string'.
src/modules/ai/controllers/ai.controller.ts(24,1): error TS1287: A top-level 'export' modifier cannot be used on value declarations in a CommonJS module when 'verbatimModuleSyntax' is enabled.
src/modules/ai/controllers/ai.controller.ts(46,1): error TS1287: A top-level 'export' modifier cannot be used on value declarations in a CommonJS module when 'verbatimModuleSyntax' is enabled.
src/modules/ai/controllers/ai.controller.ts(68,1): error TS1287: A top-level 'export' modifier cannot be used on value declarations in a CommonJS module when 'verbatimModuleSyntax' is enabled.
src/modules/ai/controllers/ai.controller.ts(98,1): error TS1287: A top-level 'export' modifier cannot be used on value declarations in a CommonJS module when 'verbatimModuleSyntax' is enabled.
src/modules/ai/controllers/ai.controller.ts(120,1): error TS1287: A top-level 'export' modifier cannot be used on value declarations in a CommonJS module when 'verbatimModuleSyntax' is enabled.
src/modules/ai/controllers/ai.controller.ts(142,1): error TS1287: A top-level 'export' modifier cannot be used on value declarations in a CommonJS module when 'verbatimModuleSyntax' is enabled.
src/modules/ai/controllers/ai.controller.ts(142,35): error TS6133: 'req' is declared but its value is never read.
src/modules/ai/controllers/ai.controller.ts(160,1): error TS1287: A top-level 'export' modifier cannot be used on value declarations in a CommonJS module when 'verbatimModuleSyntax' is enabled.
src/modules/ai/controllers/ai.controller.ts(160,37): error TS6133: 'req' is declared but its value is never read.
src/modules/ai/controllers/ai.controller.ts(173,1): error TS1287: A top-level 'export' modifier cannot be used on value declarations in a CommonJS module when 'verbatimModuleSyntax' is enabled.
src/modules/ai/controllers/aiUsage.controller.ts(6,10): error TS1295: ECMAScript imports and exports cannot be written in a CommonJS file under 'verbatimModuleSyntax'. Adjust the 'type' field in the nearest 'package.json' to make this file an ECMAScript module, or adjust your 'verbatimModuleSyntax', 'module', and 'moduleResolution' settings in TypeScript.
src/modules/ai/controllers/aiUsage.controller.ts(7,8): error TS1295: ECMAScript imports and exports cannot be written in a CommonJS file under 'verbatimModuleSyntax'. Adjust the 'type' field in the nearest 'package.json' to make this file an ECMAScript module, or adjust your 'verbatimModuleSyntax', 'module', and 'moduleResolution' settings in TypeScript.
src/modules/ai/controllers/aiUsage.controller.ts(8,10): error TS1295: ECMAScript imports and exports cannot be written in a CommonJS file under 'verbatimModuleSyntax'. Adjust the 'type' field in the nearest 'package.json' to make this file an ECMAScript module, or adjust your 'verbatimModuleSyntax', 'module', and 'moduleResolution' settings in TypeScript.
src/modules/ai/controllers/aiUsage.controller.ts(8,10): error TS1484: 'Request' is a type and must be imported using a type-only import when 'verbatimModuleSyntax' is enabled.
src/modules/ai/controllers/aiUsage.controller.ts(8,19): error TS1295: ECMAScript imports and exports cannot be written in a CommonJS file under 'verbatimModuleSyntax'. Adjust the 'type' field in the nearest 'package.json' to make this file an ECMAScript module, or adjust your 'verbatimModuleSyntax', 'module', and 'moduleResolution' settings in TypeScript.
src/modules/ai/controllers/aiUsage.controller.ts(8,19): error TS1484: 'Response' is a type and must be imported using a type-only import when 'verbatimModuleSyntax' is enabled.
src/modules/ai/controllers/aiUsage.controller.ts(9,1): error TS6133: 'logger' is declared but its value is never read.
src/modules/ai/controllers/aiUsage.controller.ts(9,8): error TS1295: ECMAScript imports and exports cannot be written in a CommonJS file under 'verbatimModuleSyntax'. Adjust the 'type' field in the nearest 'package.json' to make this file an ECMAScript module, or adjust your 'verbatimModuleSyntax', 'module', and 'moduleResolution' settings in TypeScript.
src/modules/ai/controllers/aiUsage.controller.ts(22,1): error TS1287: A top-level 'export' modifier cannot be used on value declarations in a CommonJS module when 'verbatimModuleSyntax' is enabled.
src/modules/ai/controllers/aiUsage.controller.ts(36,1): error TS1287: A top-level 'export' modifier cannot be used on value declarations in a CommonJS module when 'verbatimModuleSyntax' is enabled.
src/modules/ai/controllers/aiUsage.controller.ts(51,1): error TS1287: A top-level 'export' modifier cannot be used on value declarations in a CommonJS module when 'verbatimModuleSyntax' is enabled.
src/modules/ai/controllers/aiUsage.controller.ts(66,1): error TS1287: A top-level 'export' modifier cannot be used on value declarations in a CommonJS module when 'verbatimModuleSyntax' is enabled.
src/modules/ai/controllers/aiUsage.controller.ts(93,1): error TS1287: A top-level 'export' modifier cannot be used on value declarations in a CommonJS module when 'verbatimModuleSyntax' is enabled.
src/modules/ai/controllers/aiUsage.controller.ts(120,1): error TS1287: A top-level 'export' modifier cannot be used on value declarations in a CommonJS module when 'verbatimModuleSyntax' is enabled.
src/modules/ai/controllers/aiUsage.controller.ts(120,47): error TS6133: 'req' is declared but its value is never read.
src/modules/ai/controllers/aiUsage.controller.ts(132,1): error TS1287: A top-level 'export' modifier cannot be used on value declarations in a CommonJS module when 'verbatimModuleSyntax' is enabled.
src/modules/ai/examples/cache-usage-example.ts(6,8): error TS1295: ECMAScript imports and exports cannot be written in a CommonJS file under 'verbatimModuleSyntax'. Adjust the 'type' field in the nearest 'package.json' to make this file an ECMAScript module, or adjust your 'verbatimModuleSyntax', 'module', and 'moduleResolution' settings in TypeScript.
src/modules/ai/examples/cache-usage-example.ts(7,8): error TS1295: ECMAScript imports and exports cannot be written in a CommonJS file under 'verbatimModuleSyntax'. Adjust the 'type' field in the nearest 'package.json' to make this file an ECMAScript module, or adjust your 'verbatimModuleSyntax', 'module', and 'moduleResolution' settings in TypeScript.
src/modules/ai/examples/cache-usage-example.ts(12,1): error TS1287: A top-level 'export' modifier cannot be used on value declarations in a CommonJS module when 'verbatimModuleSyntax' is enabled.
src/modules/ai/examples/cache-usage-example.ts(33,1): error TS1287: A top-level 'export' modifier cannot be used on value declarations in a CommonJS module when 'verbatimModuleSyntax' is enabled.
src/modules/ai/examples/cache-usage-example.ts(60,1): error TS1287: A top-level 'export' modifier cannot be used on value declarations in a CommonJS module when 'verbatimModuleSyntax' is enabled.
src/modules/ai/examples/cache-usage-example.ts(72,1): error TS1287: A top-level 'export' modifier cannot be used on value declarations in a CommonJS module when 'verbatimModuleSyntax' is enabled.
src/modules/ai/examples/cache-usage-example.ts(92,1): error TS1287: A top-level 'export' modifier cannot be used on value declarations in a CommonJS module when 'verbatimModuleSyntax' is enabled.
src/modules/ai/examples/cache-usage-example.ts(105,1): error TS1287: A top-level 'export' modifier cannot be used on value declarations in a CommonJS module when 'verbatimModuleSyntax' is enabled.
src/modules/ai/examples/cache-usage-example.ts(116,1): error TS1287: A top-level 'export' modifier cannot be used on value declarations in a CommonJS module when 'verbatimModuleSyntax' is enabled.
src/modules/ai/examples/cache-usage-example.ts(141,33): error TS6133: 'chartId' is declared but its value is never read.
src/modules/ai/examples/cache-usage-example.ts(146,43): error TS6133: 'chartData' is declared but its value is never read.
src/modules/ai/index.ts(6,10): error TS1295: ECMAScript imports and exports cannot be written in a CommonJS file under 'verbatimModuleSyntax'. Adjust the 'type' field in the nearest 'package.json' to make this file an ECMAScript module, or adjust your 'verbatimModuleSyntax', 'module', and 'moduleResolution' settings in TypeScript.
src/modules/ai/index.ts(7,10): error TS1295: ECMAScript imports and exports cannot be written in a CommonJS file under 'verbatimModuleSyntax'. Adjust the 'type' field in the nearest 'package.json' to make this file an ECMAScript module, or adjust your 'verbatimModuleSyntax', 'module', and 'moduleResolution' settings in TypeScript.
src/modules/ai/index.ts(8,10): error TS1295: ECMAScript imports and exports cannot be written in a CommonJS file under 'verbatimModuleSyntax'. Adjust the 'type' field in the nearest 'package.json' to make this file an ECMAScript module, or adjust your 'verbatimModuleSyntax', 'module', and 'moduleResolution' settings in TypeScript.
src/modules/ai/models/aiCache.model.ts(7,8): error TS1295: ECMAScript imports and exports cannot be written in a CommonJS file under 'verbatimModuleSyntax'. Adjust the 'type' field in the nearest 'package.json' to make this file an ECMAScript module, or adjust your 'verbatimModuleSyntax', 'module', and 'moduleResolution' settings in TypeScript.
src/modules/ai/models/aiCache.model.ts(125,1): error TS1295: ECMAScript imports and exports cannot be written in a CommonJS file under 'verbatimModuleSyntax'. Adjust the 'type' field in the nearest 'package.json' to make this file an ECMAScript module, or adjust your 'verbatimModuleSyntax', 'module', and 'moduleResolution' settings in TypeScript.
src/modules/ai/models/aiUsage.model.ts(6,8): error TS1295: ECMAScript imports and exports cannot be written in a CommonJS file under 'verbatimModuleSyntax'. Adjust the 'type' field in the nearest 'package.json' to make this file an ECMAScript module, or adjust your 'verbatimModuleSyntax', 'module', and 'moduleResolution' settings in TypeScript.
src/modules/ai/models/aiUsage.model.ts(93,5): error TS2322: Type 'Dict<string | number>' is not assignable to type 'Record<string, number>'.
  'string' index signatures are incompatible.
    Type 'string | number' is not assignable to type 'number'.
      Type 'string' is not assignable to type 'number'.
src/modules/ai/models/aiUsage.model.ts(150,1): error TS1295: ECMAScript imports and exports cannot be written in a CommonJS file under 'verbatimModuleSyntax'. Adjust the 'type' field in the nearest 'package.json' to make this file an ECMAScript module, or adjust your 'verbatimModuleSyntax', 'module', and 'moduleResolution' settings in TypeScript.
src/modules/ai/prompts/index.ts(18,1): error TS1287: A top-level 'export' modifier cannot be used on value declarations in a CommonJS module when 'verbatimModuleSyntax' is enabled.
src/modules/ai/prompts/index.ts(45,12): error TS7053: Element implicitly has an 'any' type because expression of type 'string' can't be used to index type '{ natal: any; transit: any; synastry: any; }'.
  No index signature with a parameter of type 'string' was found on type '{ natal: any; transit: any; synastry: any; }'.
src/modules/ai/prompts/natalChart.prompts.ts(6,10): error TS1295: ECMAScript imports and exports cannot be written in a CommonJS file under 'verbatimModuleSyntax'. Adjust the 'type' field in the nearest 'package.json' to make this file an ECMAScript module, or adjust your 'verbatimModuleSyntax', 'module', and 'moduleResolution' settings in TypeScript.
src/modules/ai/prompts/natalChart.prompts.ts(6,10): error TS1484: 'PromptTemplate' is a type and must be imported using a type-only import when 'verbatimModuleSyntax' is enabled.
src/modules/ai/prompts/natalChart.prompts.ts(8,1): error TS1287: A top-level 'export' modifier cannot be used on value declarations in a CommonJS module when 'verbatimModuleSyntax' is enabled.
src/modules/ai/prompts/synastry.prompts.ts(6,10): error TS1295: ECMAScript imports and exports cannot be written in a CommonJS file under 'verbatimModuleSyntax'. Adjust the 'type' field in the nearest 'package.json' to make this file an ECMAScript module, or adjust your 'verbatimModuleSyntax', 'module', and 'moduleResolution' settings in TypeScript.
src/modules/ai/prompts/synastry.prompts.ts(6,10): error TS1484: 'PromptTemplate' is a type and must be imported using a type-only import when 'verbatimModuleSyntax' is enabled.
src/modules/ai/prompts/synastry.prompts.ts(8,1): error TS1287: A top-level 'export' modifier cannot be used on value declarations in a CommonJS module when 'verbatimModuleSyntax' is enabled.
src/modules/ai/prompts/transit.prompts.ts(6,10): error TS1295: ECMAScript imports and exports cannot be written in a CommonJS file under 'verbatimModuleSyntax'. Adjust the 'type' field in the nearest 'package.json' to make this file an ECMAScript module, or adjust your 'verbatimModuleSyntax', 'module', and 'moduleResolution' settings in TypeScript.
src/modules/ai/prompts/transit.prompts.ts(6,10): error TS1484: 'PromptTemplate' is a type and must be imported using a type-only import when 'verbatimModuleSyntax' is enabled.
src/modules/ai/prompts/transit.prompts.ts(8,1): error TS1287: A top-level 'export' modifier cannot be used on value declarations in a CommonJS module when 'verbatimModuleSyntax' is enabled.
src/modules/ai/routes/ai.routes.ts(6,10): error TS1295: ECMAScript imports and exports cannot be written in a CommonJS file under 'verbatimModuleSyntax'. Adjust the 'type' field in the nearest 'package.json' to make this file an ECMAScript module, or adjust your 'verbatimModuleSyntax', 'module', and 'moduleResolution' settings in TypeScript.
src/modules/ai/routes/ai.routes.ts(8,3): error TS1295: ECMAScript imports and exports cannot be written in a CommonJS file under 'verbatimModuleSyntax'. Adjust the 'type' field in the nearest 'package.json' to make this file an ECMAScript module, or adjust your 'verbatimModuleSyntax', 'module', and 'moduleResolution' settings in TypeScript.
src/modules/ai/routes/ai.routes.ts(9,3): error TS1295: ECMAScript imports and exports cannot be written in a CommonJS file under 'verbatimModuleSyntax'. Adjust the 'type' field in the nearest 'package.json' to make this file an ECMAScript module, or adjust your 'verbatimModuleSyntax', 'module', and 'moduleResolution' settings in TypeScript.
src/modules/ai/routes/ai.routes.ts(10,3): error TS1295: ECMAScript imports and exports cannot be written in a CommonJS file under 'verbatimModuleSyntax'. Adjust the 'type' field in the nearest 'package.json' to make this file an ECMAScript module, or adjust your 'verbatimModuleSyntax', 'module', and 'moduleResolution' settings in TypeScript.
src/modules/ai/routes/ai.routes.ts(11,3): error TS1295: ECMAScript imports and exports cannot be written in a CommonJS file under 'verbatimModuleSyntax'. Adjust the 'type' field in the nearest 'package.json' to make this file an ECMAScript module, or adjust your 'verbatimModuleSyntax', 'module', and 'moduleResolution' settings in TypeScript.
src/modules/ai/routes/ai.routes.ts(12,3): error TS1295: ECMAScript imports and exports cannot be written in a CommonJS file under 'verbatimModuleSyntax'. Adjust the 'type' field in the nearest 'package.json' to make this file an ECMAScript module, or adjust your 'verbatimModuleSyntax', 'module', and 'moduleResolution' settings in TypeScript.
src/modules/ai/routes/ai.routes.ts(13,3): error TS1295: ECMAScript imports and exports cannot be written in a CommonJS file under 'verbatimModuleSyntax'. Adjust the 'type' field in the nearest 'package.json' to make this file an ECMAScript module, or adjust your 'verbatimModuleSyntax', 'module', and 'moduleResolution' settings in TypeScript.
src/modules/ai/routes/ai.routes.ts(14,3): error TS1295: ECMAScript imports and exports cannot be written in a CommonJS file under 'verbatimModuleSyntax'. Adjust the 'type' field in the nearest 'package.json' to make this file an ECMAScript module, or adjust your 'verbatimModuleSyntax', 'module', and 'moduleResolution' settings in TypeScript.
src/modules/ai/routes/ai.routes.ts(15,3): error TS1295: ECMAScript imports and exports cannot be written in a CommonJS file under 'verbatimModuleSyntax'. Adjust the 'type' field in the nearest 'package.json' to make this file an ECMAScript module, or adjust your 'verbatimModuleSyntax', 'module', and 'moduleResolution' settings in TypeScript.
src/modules/ai/routes/ai.routes.ts(18,3): error TS1295: ECMAScript imports and exports cannot be written in a CommonJS file under 'verbatimModuleSyntax'. Adjust the 'type' field in the nearest 'package.json' to make this file an ECMAScript module, or adjust your 'verbatimModuleSyntax', 'module', and 'moduleResolution' settings in TypeScript.
src/modules/ai/routes/ai.routes.ts(19,3): error TS1295: ECMAScript imports and exports cannot be written in a CommonJS file under 'verbatimModuleSyntax'. Adjust the 'type' field in the nearest 'package.json' to make this file an ECMAScript module, or adjust your 'verbatimModuleSyntax', 'module', and 'moduleResolution' settings in TypeScript.
src/modules/ai/routes/ai.routes.ts(20,3): error TS1295: ECMAScript imports and exports cannot be written in a CommonJS file under 'verbatimModuleSyntax'. Adjust the 'type' field in the nearest 'package.json' to make this file an ECMAScript module, or adjust your 'verbatimModuleSyntax', 'module', and 'moduleResolution' settings in TypeScript.
src/modules/ai/routes/ai.routes.ts(21,3): error TS1295: ECMAScript imports and exports cannot be written in a CommonJS file under 'verbatimModuleSyntax'. Adjust the 'type' field in the nearest 'package.json' to make this file an ECMAScript module, or adjust your 'verbatimModuleSyntax', 'module', and 'moduleResolution' settings in TypeScript.
src/modules/ai/routes/ai.routes.ts(22,3): error TS1295: ECMAScript imports and exports cannot be written in a CommonJS file under 'verbatimModuleSyntax'. Adjust the 'type' field in the nearest 'package.json' to make this file an ECMAScript module, or adjust your 'verbatimModuleSyntax', 'module', and 'moduleResolution' settings in TypeScript.
src/modules/ai/routes/ai.routes.ts(23,3): error TS1295: ECMAScript imports and exports cannot be written in a CommonJS file under 'verbatimModuleSyntax'. Adjust the 'type' field in the nearest 'package.json' to make this file an ECMAScript module, or adjust your 'verbatimModuleSyntax', 'module', and 'moduleResolution' settings in TypeScript.
src/modules/ai/routes/ai.routes.ts(24,3): error TS1295: ECMAScript imports and exports cannot be written in a CommonJS file under 'verbatimModuleSyntax'. Adjust the 'type' field in the nearest 'package.json' to make this file an ECMAScript module, or adjust your 'verbatimModuleSyntax', 'module', and 'moduleResolution' settings in TypeScript.
src/modules/ai/routes/ai.routes.ts(26,10): error TS1295: ECMAScript imports and exports cannot be written in a CommonJS file under 'verbatimModuleSyntax'. Adjust the 'type' field in the nearest 'package.json' to make this file an ECMAScript module, or adjust your 'verbatimModuleSyntax', 'module', and 'moduleResolution' settings in TypeScript.
src/modules/ai/routes/ai.routes.ts(31,23): error TS2769: No overload matches this call.
  The last overload gave the following error.
    Argument of type '(req: AuthenticatedRequest, res: Response<any, Record<string, any>>) => Promise<void>' is not assignable to parameter of type 'Application<Record<string, any>>'.
      Type '(req: AuthenticatedRequest, res: Response<any, Record<string, any>>) => Promise<void>' is missing the following properties from type 'Application<Record<string, any>>': init, defaultConfiguration, engine, set, and 63 more.
src/modules/ai/routes/ai.routes.ts(36,23): error TS2769: No overload matches this call.
  The last overload gave the following error.
    Argument of type '(req: AuthenticatedRequest, res: Response<any, Record<string, any>>) => Promise<void>' is not assignable to parameter of type 'Application<Record<string, any>>'.
      Type '(req: AuthenticatedRequest, res: Response<any, Record<string, any>>) => Promise<void>' is missing the following properties from type 'Application<Record<string, any>>': init, defaultConfiguration, engine, set, and 63 more.
src/modules/ai/routes/ai.routes.ts(37,25): error TS2769: No overload matches this call.
  The last overload gave the following error.
    Argument of type '(req: AuthenticatedRequest, res: Response<any, Record<string, any>>) => Promise<void>' is not assignable to parameter of type 'Application<Record<string, any>>'.
      Type '(req: AuthenticatedRequest, res: Response<any, Record<string, any>>) => Promise<void>' is missing the following properties from type 'Application<Record<string, any>>': init, defaultConfiguration, engine, set, and 63 more.
src/modules/ai/routes/ai.routes.ts(38,31): error TS2769: No overload matches this call.
  The last overload gave the following error.
    Argument of type '(req: AuthenticatedRequest, res: Response<any, Record<string, any>>) => Promise<void>' is not assignable to parameter of type 'Application<Record<string, any>>'.
      Type '(req: AuthenticatedRequest, res: Response<any, Record<string, any>>) => Promise<void>' is missing the following properties from type 'Application<Record<string, any>>': init, defaultConfiguration, engine, set, and 63 more.
src/modules/ai/routes/ai.routes.ts(39,30): error TS2769: No overload matches this call.
  The last overload gave the following error.
    Argument of type '(req: AuthenticatedRequest, res: Response<any, Record<string, any>>) => Promise<void>' is not assignable to parameter of type 'Application<Record<string, any>>'.
      Type '(req: AuthenticatedRequest, res: Response<any, Record<string, any>>) => Promise<void>' is missing the following properties from type 'Application<Record<string, any>>': init, defaultConfiguration, engine, set, and 63 more.
src/modules/ai/routes/ai.routes.ts(40,30): error TS2769: No overload matches this call.
  The last overload gave the following error.
    Argument of type '(req: AuthenticatedRequest, res: Response<any, Record<string, any>>) => Promise<void>' is not assignable to parameter of type 'Application<Record<string, any>>'.
      Type '(req: AuthenticatedRequest, res: Response<any, Record<string, any>>) => Promise<void>' is missing the following properties from type 'Application<Record<string, any>>': init, defaultConfiguration, engine, set, and 63 more.
src/modules/ai/routes/ai.routes.ts(52,22): error TS2769: No overload matches this call.
  The last overload gave the following error.
    Argument of type '(req: AuthenticatedRequest, res: Response<any, Record<string, any>>) => Promise<void>' is not assignable to parameter of type 'Application<Record<string, any>>'.
      Type '(req: AuthenticatedRequest, res: Response<any, Record<string, any>>) => Promise<void>' is missing the following properties from type 'Application<Record<string, any>>': init, defaultConfiguration, engine, set, and 63 more.
src/modules/ai/routes/ai.routes.ts(53,29): error TS2769: No overload matches this call.
  The last overload gave the following error.
    Argument of type '(req: AuthenticatedRequest, res: Response<any, Record<string, any>>) => Promise<void>' is not assignable to parameter of type 'Application<Record<string, any>>'.
      Type '(req: AuthenticatedRequest, res: Response<any, Record<string, any>>) => Promise<void>' is missing the following properties from type 'Application<Record<string, any>>': init, defaultConfiguration, engine, set, and 63 more.
src/modules/ai/routes/ai.routes.ts(55,1): error TS1295: ECMAScript imports and exports cannot be written in a CommonJS file under 'verbatimModuleSyntax'. Adjust the 'type' field in the nearest 'package.json' to make this file an ECMAScript module, or adjust your 'verbatimModuleSyntax', 'module', and 'moduleResolution' settings in TypeScript.
src/modules/ai/services/aiCache.service.ts(7,8): error TS1295: ECMAScript imports and exports cannot be written in a CommonJS file under 'verbatimModuleSyntax'. Adjust the 'type' field in the nearest 'package.json' to make this file an ECMAScript module, or adjust your 'verbatimModuleSyntax', 'module', and 'moduleResolution' settings in TypeScript.
src/modules/ai/services/aiCache.service.ts(8,8): error TS1295: ECMAScript imports and exports cannot be written in a CommonJS file under 'verbatimModuleSyntax'. Adjust the 'type' field in the nearest 'package.json' to make this file an ECMAScript module, or adjust your 'verbatimModuleSyntax', 'module', and 'moduleResolution' settings in TypeScript.
src/modules/ai/services/aiCache.service.ts(9,8): error TS1295: ECMAScript imports and exports cannot be written in a CommonJS file under 'verbatimModuleSyntax'. Adjust the 'type' field in the nearest 'package.json' to make this file an ECMAScript module, or adjust your 'verbatimModuleSyntax', 'module', and 'moduleResolution' settings in TypeScript.
src/modules/ai/services/aiCache.service.ts(134,1): error TS1295: ECMAScript imports and exports cannot be written in a CommonJS file under 'verbatimModuleSyntax'. Adjust the 'type' field in the nearest 'package.json' to make this file an ECMAScript module, or adjust your 'verbatimModuleSyntax', 'module', and 'moduleResolution' settings in TypeScript.
src/modules/ai/services/aiInterpretation.service.ts(15,8): error TS1295: ECMAScript imports and exports cannot be written in a CommonJS file under 'verbatimModuleSyntax'. Adjust the 'type' field in the nearest 'package.json' to make this file an ECMAScript module, or adjust your 'verbatimModuleSyntax', 'module', and 'moduleResolution' settings in TypeScript.
src/modules/ai/services/aiInterpretation.service.ts(16,8): error TS1295: ECMAScript imports and exports cannot be written in a CommonJS file under 'verbatimModuleSyntax'. Adjust the 'type' field in the nearest 'package.json' to make this file an ECMAScript module, or adjust your 'verbatimModuleSyntax', 'module', and 'moduleResolution' settings in TypeScript.
src/modules/ai/services/aiInterpretation.service.ts(17,10): error TS1295: ECMAScript imports and exports cannot be written in a CommonJS file under 'verbatimModuleSyntax'. Adjust the 'type' field in the nearest 'package.json' to make this file an ECMAScript module, or adjust your 'verbatimModuleSyntax', 'module', and 'moduleResolution' settings in TypeScript.
src/modules/ai/services/aiInterpretation.service.ts(18,8): error TS1295: ECMAScript imports and exports cannot be written in a CommonJS file under 'verbatimModuleSyntax'. Adjust the 'type' field in the nearest 'package.json' to make this file an ECMAScript module, or adjust your 'verbatimModuleSyntax', 'module', and 'moduleResolution' settings in TypeScript.
src/modules/ai/services/aiInterpretation.service.ts(151,65): error TS2345: Argument of type 'ChartData' is not assignable to parameter of type 'PersonalityAnalysisRequest'.
  Types of property 'houses' are incompatible.
    Type 'HouseCusp[] | undefined' is not assignable to type 'HouseCusp[]'.
      Type 'undefined' is not assignable to type 'HouseCusp[]'.
src/modules/ai/services/aiInterpretation.service.ts(405,61): error TS2345: Argument of type 'ChartData' is not assignable to parameter of type 'PersonalityAnalysisRequest'.
  Types of property 'houses' are incompatible.
    Type 'HouseCusp[] | undefined' is not assignable to type 'HouseCusp[]'.
      Type 'undefined' is not assignable to type 'HouseCusp[]'.
src/modules/ai/services/aiInterpretation.service.ts(443,5): error TS2741: Property 'source' is missing in type '{ compatibility: number; analysis: string; ai: false; insights: never[]; }' but required in type 'InterpretationResult'.
src/modules/ai/services/aiInterpretation.service.ts(486,1): error TS1295: ECMAScript imports and exports cannot be written in a CommonJS file under 'verbatimModuleSyntax'. Adjust the 'type' field in the nearest 'package.json' to make this file an ECMAScript module, or adjust your 'verbatimModuleSyntax', 'module', and 'moduleResolution' settings in TypeScript.
src/modules/ai/services/aiUsage.service.ts(6,8): error TS1295: ECMAScript imports and exports cannot be written in a CommonJS file under 'verbatimModuleSyntax'. Adjust the 'type' field in the nearest 'package.json' to make this file an ECMAScript module, or adjust your 'verbatimModuleSyntax', 'module', and 'moduleResolution' settings in TypeScript.
src/modules/ai/services/aiUsage.service.ts(7,8): error TS1295: ECMAScript imports and exports cannot be written in a CommonJS file under 'verbatimModuleSyntax'. Adjust the 'type' field in the nearest 'package.json' to make this file an ECMAScript module, or adjust your 'verbatimModuleSyntax', 'module', and 'moduleResolution' settings in TypeScript.
src/modules/ai/services/aiUsage.service.ts(175,1): error TS1295: ECMAScript imports and exports cannot be written in a CommonJS file under 'verbatimModuleSyntax'. Adjust the 'type' field in the nearest 'package.json' to make this file an ECMAScript module, or adjust your 'verbatimModuleSyntax', 'module', and 'moduleResolution' settings in TypeScript.
src/modules/ai/services/openai.service.ts(6,8): error TS1295: ECMAScript imports and exports cannot be written in a CommonJS file under 'verbatimModuleSyntax'. Adjust the 'type' field in the nearest 'package.json' to make this file an ECMAScript module, or adjust your 'verbatimModuleSyntax', 'module', and 'moduleResolution' settings in TypeScript.
src/modules/ai/services/openai.service.ts(7,10): error TS1295: ECMAScript imports and exports cannot be written in a CommonJS file under 'verbatimModuleSyntax'. Adjust the 'type' field in the nearest 'package.json' to make this file an ECMAScript module, or adjust your 'verbatimModuleSyntax', 'module', and 'moduleResolution' settings in TypeScript.
src/modules/ai/services/openai.service.ts(7,24): error TS1295: ECMAScript imports and exports cannot be written in a CommonJS file under 'verbatimModuleSyntax'. Adjust the 'type' field in the nearest 'package.json' to make this file an ECMAScript module, or adjust your 'verbatimModuleSyntax', 'module', and 'moduleResolution' settings in TypeScript.
src/modules/ai/services/openai.service.ts(7,42): error TS1295: ECMAScript imports and exports cannot be written in a CommonJS file under 'verbatimModuleSyntax'. Adjust the 'type' field in the nearest 'package.json' to make this file an ECMAScript module, or adjust your 'verbatimModuleSyntax', 'module', and 'moduleResolution' settings in TypeScript.
src/modules/ai/services/openai.service.ts(8,8): error TS1295: ECMAScript imports and exports cannot be written in a CommonJS file under 'verbatimModuleSyntax'. Adjust the 'type' field in the nearest 'package.json' to make this file an ECMAScript module, or adjust your 'verbatimModuleSyntax', 'module', and 'moduleResolution' settings in TypeScript.
src/modules/ai/services/openai.service.ts(9,8): error TS1295: ECMAScript imports and exports cannot be written in a CommonJS file under 'verbatimModuleSyntax'. Adjust the 'type' field in the nearest 'package.json' to make this file an ECMAScript module, or adjust your 'verbatimModuleSyntax', 'module', and 'moduleResolution' settings in TypeScript.
src/modules/ai/services/openai.service.ts(719,1): error TS1295: ECMAScript imports and exports cannot be written in a CommonJS file under 'verbatimModuleSyntax'. Adjust the 'type' field in the nearest 'package.json' to make this file an ECMAScript module, or adjust your 'verbatimModuleSyntax', 'module', and 'moduleResolution' settings in TypeScript.
src/modules/analysis/controllers/analysis.controller.ts(6,10): error TS1295: ECMAScript imports and exports cannot be written in a CommonJS file under 'verbatimModuleSyntax'. Adjust the 'type' field in the nearest 'package.json' to make this file an ECMAScript module, or adjust your 'verbatimModuleSyntax', 'module', and 'moduleResolution' settings in TypeScript.
src/modules/analysis/controllers/analysis.controller.ts(6,10): error TS1484: 'Request' is a type and must be imported using a type-only import when 'verbatimModuleSyntax' is enabled.
src/modules/analysis/controllers/analysis.controller.ts(6,19): error TS1295: ECMAScript imports and exports cannot be written in a CommonJS file under 'verbatimModuleSyntax'. Adjust the 'type' field in the nearest 'package.json' to make this file an ECMAScript module, or adjust your 'verbatimModuleSyntax', 'module', and 'moduleResolution' settings in TypeScript.
src/modules/analysis/controllers/analysis.controller.ts(6,19): error TS1484: 'Response' is a type and must be imported using a type-only import when 'verbatimModuleSyntax' is enabled.
src/modules/analysis/controllers/analysis.controller.ts(7,26): error TS2307: Cannot find module '../../middleware/errorHandler' or its corresponding type declarations.
src/modules/analysis/controllers/analysis.controller.ts(8,22): error TS6133: 'UserModel' is declared but its value is never read.
src/modules/analysis/controllers/analysis.controller.ts(8,39): error TS2307: Cannot find module '../models' or its corresponding type declarations.
src/modules/analysis/controllers/analysis.controller.ts(9,32): error TS2307: Cannot find module '../services' or its corresponding type declarations.
src/modules/analysis/controllers/analysis.controller.ts(11,3): error TS1295: ECMAScript imports and exports cannot be written in a CommonJS file under 'verbatimModuleSyntax'. Adjust the 'type' field in the nearest 'package.json' to make this file an ECMAScript module, or adjust your 'verbatimModuleSyntax', 'module', and 'moduleResolution' settings in TypeScript.
src/modules/analysis/controllers/analysis.controller.ts(12,3): error TS1295: ECMAScript imports and exports cannot be written in a CommonJS file under 'verbatimModuleSyntax'. Adjust the 'type' field in the nearest 'package.json' to make this file an ECMAScript module, or adjust your 'verbatimModuleSyntax', 'module', and 'moduleResolution' settings in TypeScript.
src/modules/analysis/controllers/analysis.controller.ts(12,3): error TS6133: 'generateTransitAnalysis' is declared but its value is never read.
src/modules/analysis/controllers/analysis.controller.ts(18,1): error TS1287: A top-level 'export' modifier cannot be used on value declarations in a CommonJS module when 'verbatimModuleSyntax' is enabled.
src/modules/analysis/controllers/analysis.controller.ts(19,28): error TS2339: Property 'id' does not exist on type 'TokenPayload'.
src/modules/analysis/controllers/analysis.controller.ts(51,1): error TS1287: A top-level 'export' modifier cannot be used on value declarations in a CommonJS module when 'verbatimModuleSyntax' is enabled.
src/modules/analysis/controllers/analysis.controller.ts(52,28): error TS2339: Property 'id' does not exist on type 'TokenPayload'.
src/modules/analysis/controllers/analysis.controller.ts(84,1): error TS1287: A top-level 'export' modifier cannot be used on value declarations in a CommonJS module when 'verbatimModuleSyntax' is enabled.
src/modules/analysis/controllers/analysis.controller.ts(85,28): error TS2339: Property 'id' does not exist on type 'TokenPayload'.
src/modules/analysis/controllers/analysis.controller.ts(117,1): error TS1287: A top-level 'export' modifier cannot be used on value declarations in a CommonJS module when 'verbatimModuleSyntax' is enabled.
src/modules/analysis/controllers/analysis.controller.ts(118,28): error TS2339: Property 'id' does not exist on type 'TokenPayload'.
src/modules/analysis/controllers/analysis.controller.ts(143,1): error TS1287: A top-level 'export' modifier cannot be used on value declarations in a CommonJS module when 'verbatimModuleSyntax' is enabled.
src/modules/analysis/controllers/analysis.controller.ts(144,28): error TS2339: Property 'id' does not exist on type 'TokenPayload'.
src/modules/analysis/controllers/analysis.controller.ts(174,10): error TS6133: 'buildOverview' is declared but its value is never read.
src/modules/analysis/controllers/analysis.controller.ts(177,9): error TS6133: 'ascendant' is declared but its value is never read.
src/modules/analysis/controllers/analysis.controller.ts(237,10): error TS6133: 'buildMajorAspects' is declared but its value is never read.
src/modules/analysis/controllers/analysis.controller.ts(243,10): error TS6133: 'calculateDominantElements' is declared but its value is never read.
src/modules/analysis/controllers/analysis.controller.ts(246,37): error TS6133: 'key' is declared but its value is never read.
src/modules/analysis/controllers/analysis.controller.ts(257,10): error TS6133: 'identifyChartPattern' is declared but its value is never read.
src/modules/analysis/controllers/analysis.controller.ts(257,31): error TS6133: 'aspects' is declared but its value is never read.
src/modules/analysis/controllers/analysis.controller.ts(279,26): error TS6133: 'aspects' is declared but its value is never read.
src/modules/analysis/controllers/analysis.controller.ts(296,10): error TS6133: 'identifyPatterns' is declared but its value is never read.
src/modules/analysis/controllers/analysis.controller.ts(296,27): error TS6133: 'planets' is declared but its value is never read.
src/modules/analysis/controllers/analysis.controller.ts(296,41): error TS6133: 'aspects' is declared but its value is never read.
src/modules/analysis/controllers/analysis.controller.ts(307,31): error TS6133: 'planets' is declared but its value is never read.
src/modules/analysis/controllers/analysis.controller.ts(307,45): error TS6133: 'houses' is declared but its value is never read.
src/modules/analysis/controllers/analysis.controller.ts(312,30): error TS6133: 'planets' is declared but its value is never read.
src/modules/analysis/controllers/analysis.controller.ts(312,44): error TS6133: 'houses' is declared but its value is never read.
src/modules/analysis/controllers/analysis.controller.ts(318,28): error TS6133: 'planets' is declared but its value is never read.
src/modules/analysis/controllers/analysis.controller.ts(318,42): error TS6133: 'houses' is declared but its value is never read.
src/modules/analysis/index.ts(7,10): error TS2305: Module '"./routes/analysis.routes"' has no exported member 'analysisRoutes'.
src/modules/analysis/routes/analysis.routes.ts(5,10): error TS1295: ECMAScript imports and exports cannot be written in a CommonJS file under 'verbatimModuleSyntax'. Adjust the 'type' field in the nearest 'package.json' to make this file an ECMAScript module, or adjust your 'verbatimModuleSyntax', 'module', and 'moduleResolution' settings in TypeScript.
src/modules/analysis/routes/analysis.routes.ts(6,10): error TS1295: ECMAScript imports and exports cannot be written in a CommonJS file under 'verbatimModuleSyntax'. Adjust the 'type' field in the nearest 'package.json' to make this file an ECMAScript module, or adjust your 'verbatimModuleSyntax', 'module', and 'moduleResolution' settings in TypeScript.
src/modules/analysis/routes/analysis.routes.ts(7,10): error TS1295: ECMAScript imports and exports cannot be written in a CommonJS file under 'verbatimModuleSyntax'. Adjust the 'type' field in the nearest 'package.json' to make this file an ECMAScript module, or adjust your 'verbatimModuleSyntax', 'module', and 'moduleResolution' settings in TypeScript.
src/modules/analysis/routes/analysis.routes.ts(8,13): error TS1295: ECMAScript imports and exports cannot be written in a CommonJS file under 'verbatimModuleSyntax'. Adjust the 'type' field in the nearest 'package.json' to make this file an ECMAScript module, or adjust your 'verbatimModuleSyntax', 'module', and 'moduleResolution' settings in TypeScript.
src/modules/analysis/routes/analysis.routes.ts(10,7): error TS2451: Cannot redeclare block-scoped variable 'router'.
src/modules/analysis/routes/analysis.routes.ts(60,1): error TS1287: A top-level 'export' modifier cannot be used on value declarations in a CommonJS module when 'verbatimModuleSyntax' is enabled.
src/modules/analysis/routes/analysis.routes.ts(60,14): error TS2451: Cannot redeclare block-scoped variable 'router'.
src/modules/analysis/services/interpretation.service.ts(13,3): error TS6133: 'generatePersonalityAnalysis' is declared but its value is never read.
src/modules/analysis/services/interpretation.service.ts(14,8): error TS2307: Cannot find module '../../data/interpretations' or its corresponding type declarations.
src/modules/analysis/services/interpretation.service.ts(15,51): error TS2307: Cannot find module '../types/chart' or its corresponding type declarations.
src/modules/analysis/services/interpretation.service.ts(71,1): error TS1287: A top-level 'export' modifier cannot be used on value declarations in a CommonJS module when 'verbatimModuleSyntax' is enabled.
src/modules/analysis/services/interpretation.service.ts(295,3): error TS6133: 'planets' is declared but its value is never read.
src/modules/analysis/services/interpretation.service.ts(333,3): error TS6133: 'planets' is declared but its value is never read.
src/modules/analysis/services/interpretation.service.ts(388,3): error TS6133: 'planets' is declared but its value is never read.
src/modules/analysis/services/interpretation.service.ts(496,1): error TS1287: A top-level 'export' modifier cannot be used on value declarations in a CommonJS module when 'verbatimModuleSyntax' is enabled.
src/modules/auth/controllers/auth.controller.ts(5,10): error TS1295: ECMAScript imports and exports cannot be written in a CommonJS file under 'verbatimModuleSyntax'. Adjust the 'type' field in the nearest 'package.json' to make this file an ECMAScript module, or adjust your 'verbatimModuleSyntax', 'module', and 'moduleResolution' settings in TypeScript.
src/modules/auth/controllers/auth.controller.ts(5,10): error TS1484: 'Request' is a type and must be imported using a type-only import when 'verbatimModuleSyntax' is enabled.
src/modules/auth/controllers/auth.controller.ts(5,19): error TS1295: ECMAScript imports and exports cannot be written in a CommonJS file under 'verbatimModuleSyntax'. Adjust the 'type' field in the nearest 'package.json' to make this file an ECMAScript module, or adjust your 'verbatimModuleSyntax', 'module', and 'moduleResolution' settings in TypeScript.
src/modules/auth/controllers/auth.controller.ts(5,19): error TS1484: 'Response' is a type and must be imported using a type-only import when 'verbatimModuleSyntax' is enabled.
src/modules/auth/controllers/auth.controller.ts(6,10): error TS1295: ECMAScript imports and exports cannot be written in a CommonJS file under 'verbatimModuleSyntax'. Adjust the 'type' field in the nearest 'package.json' to make this file an ECMAScript module, or adjust your 'verbatimModuleSyntax', 'module', and 'moduleResolution' settings in TypeScript.
src/modules/auth/controllers/auth.controller.ts(7,10): error TS2614: Module '"../../users/models/user.model"' has no exported member 'UserModel'. Did you mean to use 'import UserModel from "../../users/models/user.model"' instead?
src/modules/auth/controllers/auth.controller.ts(8,53): error TS2307: Cannot find module '../../middleware/auth' or its corresponding type declarations.
src/modules/auth/controllers/auth.controller.ts(9,41): error TS6133: 'isValidEmail' is declared but its value is never read.
src/modules/auth/controllers/auth.controller.ts(9,55): error TS6133: 'validatePassword' is declared but its value is never read.
src/modules/auth/controllers/auth.controller.ts(9,90): error TS6133: 'randomToken' is declared but its value is never read.
src/modules/auth/controllers/auth.controller.ts(9,123): error TS2307: Cannot find module '../../utils/helpers' or its corresponding type declarations.
src/modules/auth/controllers/auth.controller.ts(10,1): error TS6133: 'asyncHandler' is declared but its value is never read.
src/modules/auth/controllers/auth.controller.ts(10,30): error TS2307: Cannot find module '../../middleware/errorHandler' or its corresponding type declarations.
src/modules/auth/controllers/auth.controller.ts(15,1): error TS1287: A top-level 'export' modifier cannot be used on value declarations in a CommonJS module when 'verbatimModuleSyntax' is enabled.
src/modules/auth/controllers/auth.controller.ts(52,1): error TS1287: A top-level 'export' modifier cannot be used on value declarations in a CommonJS module when 'verbatimModuleSyntax' is enabled.
src/modules/auth/controllers/auth.controller.ts(85,1): error TS1287: A top-level 'export' modifier cannot be used on value declarations in a CommonJS module when 'verbatimModuleSyntax' is enabled.
src/modules/auth/controllers/auth.controller.ts(86,28): error TS2339: Property 'id' does not exist on type 'TokenPayload'.
src/modules/auth/controllers/auth.controller.ts(102,1): error TS1287: A top-level 'export' modifier cannot be used on value declarations in a CommonJS module when 'verbatimModuleSyntax' is enabled.
src/modules/auth/controllers/auth.controller.ts(103,28): error TS2339: Property 'id' does not exist on type 'TokenPayload'.
src/modules/auth/controllers/auth.controller.ts(125,1): error TS1287: A top-level 'export' modifier cannot be used on value declarations in a CommonJS module when 'verbatimModuleSyntax' is enabled.
src/modules/auth/controllers/auth.controller.ts(126,28): error TS2339: Property 'id' does not exist on type 'TokenPayload'.
src/modules/auth/controllers/auth.controller.ts(145,1): error TS1287: A top-level 'export' modifier cannot be used on value declarations in a CommonJS module when 'verbatimModuleSyntax' is enabled.
src/modules/auth/controllers/auth.controller.ts(145,30): error TS6133: 'req' is declared but its value is never read.
src/modules/auth/controllers/auth.controller.ts(156,1): error TS1287: A top-level 'export' modifier cannot be used on value declarations in a CommonJS module when 'verbatimModuleSyntax' is enabled.
src/modules/auth/controllers/auth.controller.ts(159,28): error TS2339: Property 'id' does not exist on type 'TokenPayload'.
src/modules/auth/index.ts(7,10): error TS2305: Module '"./routes/auth.routes"' has no exported member 'authRoutes'.
src/modules/auth/routes/auth.routes.ts(5,10): error TS1295: ECMAScript imports and exports cannot be written in a CommonJS file under 'verbatimModuleSyntax'. Adjust the 'type' field in the nearest 'package.json' to make this file an ECMAScript module, or adjust your 'verbatimModuleSyntax', 'module', and 'moduleResolution' settings in TypeScript.
src/modules/auth/routes/auth.routes.ts(6,10): error TS1295: ECMAScript imports and exports cannot be written in a CommonJS file under 'verbatimModuleSyntax'. Adjust the 'type' field in the nearest 'package.json' to make this file an ECMAScript module, or adjust your 'verbatimModuleSyntax', 'module', and 'moduleResolution' settings in TypeScript.
src/modules/auth/routes/auth.routes.ts(7,10): error TS1295: ECMAScript imports and exports cannot be written in a CommonJS file under 'verbatimModuleSyntax'. Adjust the 'type' field in the nearest 'package.json' to make this file an ECMAScript module, or adjust your 'verbatimModuleSyntax', 'module', and 'moduleResolution' settings in TypeScript.
src/modules/auth/routes/auth.routes.ts(8,10): error TS1295: ECMAScript imports and exports cannot be written in a CommonJS file under 'verbatimModuleSyntax'. Adjust the 'type' field in the nearest 'package.json' to make this file an ECMAScript module, or adjust your 'verbatimModuleSyntax', 'module', and 'moduleResolution' settings in TypeScript.
src/modules/auth/routes/auth.routes.ts(9,10): error TS1295: ECMAScript imports and exports cannot be written in a CommonJS file under 'verbatimModuleSyntax'. Adjust the 'type' field in the nearest 'package.json' to make this file an ECMAScript module, or adjust your 'verbatimModuleSyntax', 'module', and 'moduleResolution' settings in TypeScript.
src/modules/auth/routes/auth.routes.ts(9,26): error TS1295: ECMAScript imports and exports cannot be written in a CommonJS file under 'verbatimModuleSyntax'. Adjust the 'type' field in the nearest 'package.json' to make this file an ECMAScript module, or adjust your 'verbatimModuleSyntax', 'module', and 'moduleResolution' settings in TypeScript.
src/modules/auth/routes/auth.routes.ts(10,13): error TS1295: ECMAScript imports and exports cannot be written in a CommonJS file under 'verbatimModuleSyntax'. Adjust the 'type' field in the nearest 'package.json' to make this file an ECMAScript module, or adjust your 'verbatimModuleSyntax', 'module', and 'moduleResolution' settings in TypeScript.
src/modules/auth/routes/auth.routes.ts(12,7): error TS2451: Cannot redeclare block-scoped variable 'router'.
src/modules/auth/routes/auth.routes.ts(73,53): error TS6133: 'req' is declared but its value is never read.
src/modules/auth/routes/auth.routes.ts(89,52): error TS6133: 'req' is declared but its value is never read.
src/modules/auth/routes/auth.routes.ts(100,1): error TS1287: A top-level 'export' modifier cannot be used on value declarations in a CommonJS module when 'verbatimModuleSyntax' is enabled.
src/modules/auth/routes/auth.routes.ts(100,14): error TS2451: Cannot redeclare block-scoped variable 'router'.
src/modules/calendar/controllers/calendar.controller.ts(6,10): error TS1295: ECMAScript imports and exports cannot be written in a CommonJS file under 'verbatimModuleSyntax'. Adjust the 'type' field in the nearest 'package.json' to make this file an ECMAScript module, or adjust your 'verbatimModuleSyntax', 'module', and 'moduleResolution' settings in TypeScript.
src/modules/calendar/controllers/calendar.controller.ts(6,10): error TS1484: 'Request' is a type and must be imported using a type-only import when 'verbatimModuleSyntax' is enabled.
src/modules/calendar/controllers/calendar.controller.ts(6,10): error TS6133: 'Request' is declared but its value is never read.
src/modules/calendar/controllers/calendar.controller.ts(6,19): error TS1295: ECMAScript imports and exports cannot be written in a CommonJS file under 'verbatimModuleSyntax'. Adjust the 'type' field in the nearest 'package.json' to make this file an ECMAScript module, or adjust your 'verbatimModuleSyntax', 'module', and 'moduleResolution' settings in TypeScript.
src/modules/calendar/controllers/calendar.controller.ts(6,19): error TS1484: 'Response' is a type and must be imported using a type-only import when 'verbatimModuleSyntax' is enabled.
src/modules/calendar/controllers/calendar.controller.ts(7,8): error TS1295: ECMAScript imports and exports cannot be written in a CommonJS file under 'verbatimModuleSyntax'. Adjust the 'type' field in the nearest 'package.json' to make this file an ECMAScript module, or adjust your 'verbatimModuleSyntax', 'module', and 'moduleResolution' settings in TypeScript.
src/modules/calendar/controllers/calendar.controller.ts(8,8): error TS1295: ECMAScript imports and exports cannot be written in a CommonJS file under 'verbatimModuleSyntax'. Adjust the 'type' field in the nearest 'package.json' to make this file an ECMAScript module, or adjust your 'verbatimModuleSyntax', 'module', and 'moduleResolution' settings in TypeScript.
src/modules/calendar/controllers/calendar.controller.ts(9,10): error TS2305: Module '"../../../middleware/auth"' has no exported member 'RequestWithUser'.
src/modules/calendar/controllers/calendar.controller.ts(132,1): error TS1295: ECMAScript imports and exports cannot be written in a CommonJS file under 'verbatimModuleSyntax'. Adjust the 'type' field in the nearest 'package.json' to make this file an ECMAScript module, or adjust your 'verbatimModuleSyntax', 'module', and 'moduleResolution' settings in TypeScript.
src/modules/calendar/index.ts(7,10): error TS2614: Module '"./routes/calendar.routes"' has no exported member 'calendarRoutes'. Did you mean to use 'import calendarRoutes from "./routes/calendar.routes"' instead?
src/modules/calendar/models/calendarEvent.model.ts(6,10): error TS2614: Module '"../../../db"' has no exported member 'knex'. Did you mean to use 'import knex from "../../../db"' instead?
src/modules/calendar/models/calendarEvent.model.ts(27,9): error TS2783: 'user_id' is specified more than once, so this usage will be overwritten.
src/modules/calendar/models/calendarEvent.model.ts(88,1): error TS1295: ECMAScript imports and exports cannot be written in a CommonJS file under 'verbatimModuleSyntax'. Adjust the 'type' field in the nearest 'package.json' to make this file an ECMAScript module, or adjust your 'verbatimModuleSyntax', 'module', and 'moduleResolution' settings in TypeScript.
src/modules/calendar/routes/calendar.routes.ts(6,10): error TS1295: ECMAScript imports and exports cannot be written in a CommonJS file under 'verbatimModuleSyntax'. Adjust the 'type' field in the nearest 'package.json' to make this file an ECMAScript module, or adjust your 'verbatimModuleSyntax', 'module', and 'moduleResolution' settings in TypeScript.
src/modules/calendar/routes/calendar.routes.ts(7,8): error TS1295: ECMAScript imports and exports cannot be written in a CommonJS file under 'verbatimModuleSyntax'. Adjust the 'type' field in the nearest 'package.json' to make this file an ECMAScript module, or adjust your 'verbatimModuleSyntax', 'module', and 'moduleResolution' settings in TypeScript.
src/modules/calendar/routes/calendar.routes.ts(8,10): error TS1295: ECMAScript imports and exports cannot be written in a CommonJS file under 'verbatimModuleSyntax'. Adjust the 'type' field in the nearest 'package.json' to make this file an ECMAScript module, or adjust your 'verbatimModuleSyntax', 'module', and 'moduleResolution' settings in TypeScript.
src/modules/calendar/routes/calendar.routes.ts(19,43): error TS2339: Property 'createCustomEvent' does not exist on type 'CalendarController'.
src/modules/calendar/routes/calendar.routes.ts(22,49): error TS2339: Property 'deleteEvent' does not exist on type 'CalendarController'.
src/modules/calendar/routes/calendar.routes.ts(24,1): error TS1295: ECMAScript imports and exports cannot be written in a CommonJS file under 'verbatimModuleSyntax'. Adjust the 'type' field in the nearest 'package.json' to make this file an ECMAScript module, or adjust your 'verbatimModuleSyntax', 'module', and 'moduleResolution' settings in TypeScript.
src/modules/calendar/services/calendar.service.ts(13,3): error TS1295: ECMAScript imports and exports cannot be written in a CommonJS file under 'verbatimModuleSyntax'. Adjust the 'type' field in the nearest 'package.json' to make this file an ECMAScript module, or adjust your 'verbatimModuleSyntax', 'module', and 'moduleResolution' settings in TypeScript.
src/modules/calendar/services/calendar.service.ts(13,3): error TS1484: 'Planet' is a type and must be imported using a type-only import when 'verbatimModuleSyntax' is enabled.
src/modules/calendar/services/calendar.service.ts(14,3): error TS1295: ECMAScript imports and exports cannot be written in a CommonJS file under 'verbatimModuleSyntax'. Adjust the 'type' field in the nearest 'package.json' to make this file an ECMAScript module, or adjust your 'verbatimModuleSyntax', 'module', and 'moduleResolution' settings in TypeScript.
src/modules/calendar/services/calendar.service.ts(14,3): error TS1484: 'MoonPhase' is a type and must be imported using a type-only import when 'verbatimModuleSyntax' is enabled.
src/modules/calendar/services/calendar.service.ts(15,3): error TS1295: ECMAScript imports and exports cannot be written in a CommonJS file under 'verbatimModuleSyntax'. Adjust the 'type' field in the nearest 'package.json' to make this file an ECMAScript module, or adjust your 'verbatimModuleSyntax', 'module', and 'moduleResolution' settings in TypeScript.
src/modules/calendar/services/calendar.service.ts(15,3): error TS1484: 'RetrogradePeriod' is a type and must be imported using a type-only import when 'verbatimModuleSyntax' is enabled.
src/modules/calendar/services/calendar.service.ts(16,3): error TS1295: ECMAScript imports and exports cannot be written in a CommonJS file under 'verbatimModuleSyntax'. Adjust the 'type' field in the nearest 'package.json' to make this file an ECMAScript module, or adjust your 'verbatimModuleSyntax', 'module', and 'moduleResolution' settings in TypeScript.
src/modules/calendar/services/calendar.service.ts(16,3): error TS1484: 'Eclipse' is a type and must be imported using a type-only import when 'verbatimModuleSyntax' is enabled.
src/modules/calendar/services/calendar.service.ts(17,3): error TS1295: ECMAScript imports and exports cannot be written in a CommonJS file under 'verbatimModuleSyntax'. Adjust the 'type' field in the nearest 'package.json' to make this file an ECMAScript module, or adjust your 'verbatimModuleSyntax', 'module', and 'moduleResolution' settings in TypeScript.
src/modules/calendar/services/calendar.service.ts(17,3): error TS1484: 'MoonPhaseEvent' is a type and must be imported using a type-only import when 'verbatimModuleSyntax' is enabled.
src/modules/calendar/services/calendar.service.ts(18,3): error TS1295: ECMAScript imports and exports cannot be written in a CommonJS file under 'verbatimModuleSyntax'. Adjust the 'type' field in the nearest 'package.json' to make this file an ECMAScript module, or adjust your 'verbatimModuleSyntax', 'module', and 'moduleResolution' settings in TypeScript.
src/modules/calendar/services/calendar.service.ts(18,3): error TS1484: 'AstrologicalEvent' is a type and must be imported using a type-only import when 'verbatimModuleSyntax' is enabled.
src/modules/calendar/services/calendar.service.ts(19,3): error TS1295: ECMAScript imports and exports cannot be written in a CommonJS file under 'verbatimModuleSyntax'. Adjust the 'type' field in the nearest 'package.json' to make this file an ECMAScript module, or adjust your 'verbatimModuleSyntax', 'module', and 'moduleResolution' settings in TypeScript.
src/modules/calendar/services/calendar.service.ts(19,3): error TS1484: 'AspectType' is a type and must be imported using a type-only import when 'verbatimModuleSyntax' is enabled.
src/modules/calendar/services/calendar.service.ts(38,7): error TS6133: 'ASPECT_ORBS' is declared but its value is never read.
src/modules/calendar/services/calendar.service.ts(73,1): error TS1287: A top-level 'export' modifier cannot be used on value declarations in a CommonJS module when 'verbatimModuleSyntax' is enabled.
src/modules/calendar/services/calendar.service.ts(103,1): error TS1287: A top-level 'export' modifier cannot be used on value declarations in a CommonJS module when 'verbatimModuleSyntax' is enabled.
src/modules/calendar/services/calendar.service.ts(118,1): error TS1287: A top-level 'export' modifier cannot be used on value declarations in a CommonJS module when 'verbatimModuleSyntax' is enabled.
src/modules/calendar/services/calendar.service.ts(128,1): error TS1287: A top-level 'export' modifier cannot be used on value declarations in a CommonJS module when 'verbatimModuleSyntax' is enabled.
src/modules/calendar/services/calendar.service.ts(189,1): error TS1287: A top-level 'export' modifier cannot be used on value declarations in a CommonJS module when 'verbatimModuleSyntax' is enabled.
src/modules/calendar/services/calendar.service.ts(251,11): error TS6133: 'marsRetroYears' is declared but its value is never read.
src/modules/calendar/services/calendar.service.ts(303,1): error TS1287: A top-level 'export' modifier cannot be used on value declarations in a CommonJS module when 'verbatimModuleSyntax' is enabled.
src/modules/calendar/services/calendar.service.ts(360,1): error TS1287: A top-level 'export' modifier cannot be used on value declarations in a CommonJS module when 'verbatimModuleSyntax' is enabled.
src/modules/calendar/services/calendar.service.ts(362,9): error TS6133: 'synodicMonth' is declared but its value is never read.
src/modules/calendar/services/calendar.service.ts(404,1): error TS1287: A top-level 'export' modifier cannot be used on value declarations in a CommonJS module when 'verbatimModuleSyntax' is enabled.
src/modules/calendar/services/calendar.service.ts(458,1): error TS1287: A top-level 'export' modifier cannot be used on value declarations in a CommonJS module when 'verbatimModuleSyntax' is enabled.
src/modules/calendar/services/calendar.service.ts(494,1): error TS1287: A top-level 'export' modifier cannot be used on value declarations in a CommonJS module when 'verbatimModuleSyntax' is enabled.
src/modules/calendar/services/calendar.service.ts(557,1): error TS1295: ECMAScript imports and exports cannot be written in a CommonJS file under 'verbatimModuleSyntax'. Adjust the 'type' field in the nearest 'package.json' to make this file an ECMAScript module, or adjust your 'verbatimModuleSyntax', 'module', and 'moduleResolution' settings in TypeScript.
src/modules/calendar/services/globalEvents.service.ts(10,1): error TS6133: 'swisseph' is declared but its value is never read.
src/modules/calendar/services/globalEvents.service.ts(10,8): error TS1295: ECMAScript imports and exports cannot be written in a CommonJS file under 'verbatimModuleSyntax'. Adjust the 'type' field in the nearest 'package.json' to make this file an ECMAScript module, or adjust your 'verbatimModuleSyntax', 'module', and 'moduleResolution' settings in TypeScript.
src/modules/calendar/services/globalEvents.service.ts(11,1): error TS6133: 'julday' is declared but its value is never read.
src/modules/calendar/services/globalEvents.service.ts(11,10): error TS2614: Module '"../../shared/services/swissEphemeris.service"' has no exported member 'julday'. Did you mean to use 'import julday from "../../shared/services/swissEphemeris.service"' instead?
src/modules/calendar/services/globalEvents.service.ts(43,36): error TS6133: 'year' is declared but its value is never read.
src/modules/calendar/services/globalEvents.service.ts(44,11): error TS6133: 'retrogrades' is declared but its value is never read.
src/modules/calendar/services/globalEvents.service.ts(98,11): error TS6133: 'retrogrades' is declared but its value is never read.
src/modules/calendar/services/globalEvents.service.ts(129,11): error TS6133: 'retrogrades' is declared but its value is never read.
src/modules/calendar/services/globalEvents.service.ts(338,11): error TS6133: 'eclipses' is declared but its value is never read.
src/modules/calendar/services/globalEvents.service.ts(412,1): error TS1295: ECMAScript imports and exports cannot be written in a CommonJS file under 'verbatimModuleSyntax'. Adjust the 'type' field in the nearest 'package.json' to make this file an ECMAScript module, or adjust your 'verbatimModuleSyntax', 'module', and 'moduleResolution' settings in TypeScript.
src/modules/calendar/services/index.ts(7,3): error TS1295: ECMAScript imports and exports cannot be written in a CommonJS file under 'verbatimModuleSyntax'. Adjust the 'type' field in the nearest 'package.json' to make this file an ECMAScript module, or adjust your 'verbatimModuleSyntax', 'module', and 'moduleResolution' settings in TypeScript.
src/modules/calendar/services/index.ts(8,3): error TS1295: ECMAScript imports and exports cannot be written in a CommonJS file under 'verbatimModuleSyntax'. Adjust the 'type' field in the nearest 'package.json' to make this file an ECMAScript module, or adjust your 'verbatimModuleSyntax', 'module', and 'moduleResolution' settings in TypeScript.
src/modules/calendar/services/index.ts(9,3): error TS1295: ECMAScript imports and exports cannot be written in a CommonJS file under 'verbatimModuleSyntax'. Adjust the 'type' field in the nearest 'package.json' to make this file an ECMAScript module, or adjust your 'verbatimModuleSyntax', 'module', and 'moduleResolution' settings in TypeScript.
src/modules/calendar/services/index.ts(10,3): error TS1295: ECMAScript imports and exports cannot be written in a CommonJS file under 'verbatimModuleSyntax'. Adjust the 'type' field in the nearest 'package.json' to make this file an ECMAScript module, or adjust your 'verbatimModuleSyntax', 'module', and 'moduleResolution' settings in TypeScript.
src/modules/calendar/services/index.ts(11,3): error TS1295: ECMAScript imports and exports cannot be written in a CommonJS file under 'verbatimModuleSyntax'. Adjust the 'type' field in the nearest 'package.json' to make this file an ECMAScript module, or adjust your 'verbatimModuleSyntax', 'module', and 'moduleResolution' settings in TypeScript.
src/modules/calendar/services/index.ts(12,3): error TS1295: ECMAScript imports and exports cannot be written in a CommonJS file under 'verbatimModuleSyntax'. Adjust the 'type' field in the nearest 'package.json' to make this file an ECMAScript module, or adjust your 'verbatimModuleSyntax', 'module', and 'moduleResolution' settings in TypeScript.
src/modules/calendar/services/index.ts(13,3): error TS1295: ECMAScript imports and exports cannot be written in a CommonJS file under 'verbatimModuleSyntax'. Adjust the 'type' field in the nearest 'package.json' to make this file an ECMAScript module, or adjust your 'verbatimModuleSyntax', 'module', and 'moduleResolution' settings in TypeScript.
src/modules/calendar/services/index.ts(14,3): error TS1295: ECMAScript imports and exports cannot be written in a CommonJS file under 'verbatimModuleSyntax'. Adjust the 'type' field in the nearest 'package.json' to make this file an ECMAScript module, or adjust your 'verbatimModuleSyntax', 'module', and 'moduleResolution' settings in TypeScript.
src/modules/calendar/services/index.ts(15,3): error TS1295: ECMAScript imports and exports cannot be written in a CommonJS file under 'verbatimModuleSyntax'. Adjust the 'type' field in the nearest 'package.json' to make this file an ECMAScript module, or adjust your 'verbatimModuleSyntax', 'module', and 'moduleResolution' settings in TypeScript.
src/modules/calendar/services/index.ts(16,3): error TS1295: ECMAScript imports and exports cannot be written in a CommonJS file under 'verbatimModuleSyntax'. Adjust the 'type' field in the nearest 'package.json' to make this file an ECMAScript module, or adjust your 'verbatimModuleSyntax', 'module', and 'moduleResolution' settings in TypeScript.
src/modules/charts/controllers/chart.controller.ts(5,10): error TS1295: ECMAScript imports and exports cannot be written in a CommonJS file under 'verbatimModuleSyntax'. Adjust the 'type' field in the nearest 'package.json' to make this file an ECMAScript module, or adjust your 'verbatimModuleSyntax', 'module', and 'moduleResolution' settings in TypeScript.
src/modules/charts/controllers/chart.controller.ts(5,10): error TS1484: 'Request' is a type and must be imported using a type-only import when 'verbatimModuleSyntax' is enabled.
src/modules/charts/controllers/chart.controller.ts(5,19): error TS1295: ECMAScript imports and exports cannot be written in a CommonJS file under 'verbatimModuleSyntax'. Adjust the 'type' field in the nearest 'package.json' to make this file an ECMAScript module, or adjust your 'verbatimModuleSyntax', 'module', and 'moduleResolution' settings in TypeScript.
src/modules/charts/controllers/chart.controller.ts(5,19): error TS1484: 'Response' is a type and must be imported using a type-only import when 'verbatimModuleSyntax' is enabled.
src/modules/charts/controllers/chart.controller.ts(6,26): error TS2307: Cannot find module '../../middleware/errorHandler' or its corresponding type declarations.
src/modules/charts/controllers/chart.controller.ts(7,28): error TS2307: Cannot find module '../models' or its corresponding type declarations.
src/modules/charts/controllers/chart.controller.ts(8,32): error TS2307: Cannot find module '../services' or its corresponding type declarations.
src/modules/charts/controllers/chart.controller.ts(13,1): error TS1287: A top-level 'export' modifier cannot be used on value declarations in a CommonJS module when 'verbatimModuleSyntax' is enabled.
src/modules/charts/controllers/chart.controller.ts(14,28): error TS2339: Property 'id' does not exist on type 'TokenPayload'.
src/modules/charts/controllers/chart.controller.ts(62,1): error TS1287: A top-level 'export' modifier cannot be used on value declarations in a CommonJS module when 'verbatimModuleSyntax' is enabled.
src/modules/charts/controllers/chart.controller.ts(63,28): error TS2339: Property 'id' does not exist on type 'TokenPayload'.
src/modules/charts/controllers/chart.controller.ts(88,1): error TS1287: A top-level 'export' modifier cannot be used on value declarations in a CommonJS module when 'verbatimModuleSyntax' is enabled.
src/modules/charts/controllers/chart.controller.ts(89,28): error TS2339: Property 'id' does not exist on type 'TokenPayload'.
src/modules/charts/controllers/chart.controller.ts(107,1): error TS1287: A top-level 'export' modifier cannot be used on value declarations in a CommonJS module when 'verbatimModuleSyntax' is enabled.
src/modules/charts/controllers/chart.controller.ts(108,28): error TS2339: Property 'id' does not exist on type 'TokenPayload'.
src/modules/charts/controllers/chart.controller.ts(133,1): error TS1287: A top-level 'export' modifier cannot be used on value declarations in a CommonJS module when 'verbatimModuleSyntax' is enabled.
src/modules/charts/controllers/chart.controller.ts(134,28): error TS2339: Property 'id' does not exist on type 'TokenPayload'.
src/modules/charts/controllers/chart.controller.ts(152,1): error TS1287: A top-level 'export' modifier cannot be used on value declarations in a CommonJS module when 'verbatimModuleSyntax' is enabled.
src/modules/charts/controllers/chart.controller.ts(153,28): error TS2339: Property 'id' does not exist on type 'TokenPayload'.
src/modules/charts/index.ts(7,10): error TS2305: Module '"./routes/chart.routes"' has no exported member 'chartRoutes'.
src/modules/charts/models/chart.model.ts(5,16): error TS2307: Cannot find module '../db' or its corresponding type declarations.
src/modules/charts/models/chart.model.ts(182,1): error TS1295: ECMAScript imports and exports cannot be written in a CommonJS file under 'verbatimModuleSyntax'. Adjust the 'type' field in the nearest 'package.json' to make this file an ECMAScript module, or adjust your 'verbatimModuleSyntax', 'module', and 'moduleResolution' settings in TypeScript.
src/modules/charts/routes/chart.routes.ts(5,10): error TS1295: ECMAScript imports and exports cannot be written in a CommonJS file under 'verbatimModuleSyntax'. Adjust the 'type' field in the nearest 'package.json' to make this file an ECMAScript module, or adjust your 'verbatimModuleSyntax', 'module', and 'moduleResolution' settings in TypeScript.
src/modules/charts/routes/chart.routes.ts(6,10): error TS1295: ECMAScript imports and exports cannot be written in a CommonJS file under 'verbatimModuleSyntax'. Adjust the 'type' field in the nearest 'package.json' to make this file an ECMAScript module, or adjust your 'verbatimModuleSyntax', 'module', and 'moduleResolution' settings in TypeScript.
src/modules/charts/routes/chart.routes.ts(7,10): error TS1295: ECMAScript imports and exports cannot be written in a CommonJS file under 'verbatimModuleSyntax'. Adjust the 'type' field in the nearest 'package.json' to make this file an ECMAScript module, or adjust your 'verbatimModuleSyntax', 'module', and 'moduleResolution' settings in TypeScript.
src/modules/charts/routes/chart.routes.ts(8,13): error TS1295: ECMAScript imports and exports cannot be written in a CommonJS file under 'verbatimModuleSyntax'. Adjust the 'type' field in the nearest 'package.json' to make this file an ECMAScript module, or adjust your 'verbatimModuleSyntax', 'module', and 'moduleResolution' settings in TypeScript.
src/modules/charts/routes/chart.routes.ts(10,7): error TS2451: Cannot redeclare block-scoped variable 'router'.
src/modules/charts/routes/chart.routes.ts(69,1): error TS1287: A top-level 'export' modifier cannot be used on value declarations in a CommonJS module when 'verbatimModuleSyntax' is enabled.
src/modules/charts/routes/chart.routes.ts(69,14): error TS2451: Cannot redeclare block-scoped variable 'router'.
src/modules/index.ts(11,1): error TS2308: Module './calendar' has already exported a member named 'MoonPhase'. Consider explicitly re-exporting to resolve the ambiguity.
src/modules/index.ts(12,1): error TS2308: Module './calendar' has already exported a member named 'Planet'. Consider explicitly re-exporting to resolve the ambiguity.
src/modules/index.ts(12,1): error TS2308: Module './charts' has already exported a member named 'Chart'. Consider explicitly re-exporting to resolve the ambiguity.
src/modules/index.ts(12,1): error TS2308: Module './lunar' has already exported a member named 'NatalChart'. Consider explicitly re-exporting to resolve the ambiguity.
src/modules/index.ts(12,1): error TS2308: Module './lunar' has already exported a member named 'ZodiacSign'. Consider explicitly re-exporting to resolve the ambiguity.
src/modules/index.ts(13,1): error TS2308: Module './charts' has already exported a member named 'getUserCharts'. Consider explicitly re-exporting to resolve the ambiguity.
src/modules/index.ts(14,1): error TS2308: Module './calendar' has already exported a member named 'AspectType'. Consider explicitly re-exporting to resolve the ambiguity.
src/modules/index.ts(14,1): error TS2308: Module './calendar' has already exported a member named 'getZodiacSign'. Consider explicitly re-exporting to resolve the ambiguity.
src/modules/index.ts(14,1): error TS2308: Module './lunar' has already exported a member named 'ZodiacSign'. Consider explicitly re-exporting to resolve the ambiguity.
src/modules/index.ts(14,1): error TS2308: Module './transits' has already exported a member named 'calculateTransits'. Consider explicitly re-exporting to resolve the ambiguity.
src/modules/lunar/controllers/lunarReturn.controller.ts(6,10): error TS1295: ECMAScript imports and exports cannot be written in a CommonJS file under 'verbatimModuleSyntax'. Adjust the 'type' field in the nearest 'package.json' to make this file an ECMAScript module, or adjust your 'verbatimModuleSyntax', 'module', and 'moduleResolution' settings in TypeScript.
src/modules/lunar/controllers/lunarReturn.controller.ts(6,10): error TS1484: 'Request' is a type and must be imported using a type-only import when 'verbatimModuleSyntax' is enabled.
src/modules/lunar/controllers/lunarReturn.controller.ts(6,19): error TS1295: ECMAScript imports and exports cannot be written in a CommonJS file under 'verbatimModuleSyntax'. Adjust the 'type' field in the nearest 'package.json' to make this file an ECMAScript module, or adjust your 'verbatimModuleSyntax', 'module', and 'moduleResolution' settings in TypeScript.
src/modules/lunar/controllers/lunarReturn.controller.ts(6,19): error TS1484: 'Response' is a type and must be imported using a type-only import when 'verbatimModuleSyntax' is enabled.
src/modules/lunar/controllers/lunarReturn.controller.ts(6,29): error TS1295: ECMAScript imports and exports cannot be written in a CommonJS file under 'verbatimModuleSyntax'. Adjust the 'type' field in the nearest 'package.json' to make this file an ECMAScript module, or adjust your 'verbatimModuleSyntax', 'module', and 'moduleResolution' settings in TypeScript.
src/modules/lunar/controllers/lunarReturn.controller.ts(6,29): error TS1484: 'NextFunction' is a type and must be imported using a type-only import when 'verbatimModuleSyntax' is enabled.
src/modules/lunar/controllers/lunarReturn.controller.ts(8,3): error TS1295: ECMAScript imports and exports cannot be written in a CommonJS file under 'verbatimModuleSyntax'. Adjust the 'type' field in the nearest 'package.json' to make this file an ECMAScript module, or adjust your 'verbatimModuleSyntax', 'module', and 'moduleResolution' settings in TypeScript.
src/modules/lunar/controllers/lunarReturn.controller.ts(9,3): error TS1295: ECMAScript imports and exports cannot be written in a CommonJS file under 'verbatimModuleSyntax'. Adjust the 'type' field in the nearest 'package.json' to make this file an ECMAScript module, or adjust your 'verbatimModuleSyntax', 'module', and 'moduleResolution' settings in TypeScript.
src/modules/lunar/controllers/lunarReturn.controller.ts(10,3): error TS1295: ECMAScript imports and exports cannot be written in a CommonJS file under 'verbatimModuleSyntax'. Adjust the 'type' field in the nearest 'package.json' to make this file an ECMAScript module, or adjust your 'verbatimModuleSyntax', 'module', and 'moduleResolution' settings in TypeScript.
src/modules/lunar/controllers/lunarReturn.controller.ts(11,3): error TS1295: ECMAScript imports and exports cannot be written in a CommonJS file under 'verbatimModuleSyntax'. Adjust the 'type' field in the nearest 'package.json' to make this file an ECMAScript module, or adjust your 'verbatimModuleSyntax', 'module', and 'moduleResolution' settings in TypeScript.
src/modules/lunar/controllers/lunarReturn.controller.ts(13,10): error TS1295: ECMAScript imports and exports cannot be written in a CommonJS file under 'verbatimModuleSyntax'. Adjust the 'type' field in the nearest 'package.json' to make this file an ECMAScript module, or adjust your 'verbatimModuleSyntax', 'module', and 'moduleResolution' settings in TypeScript.
src/modules/lunar/controllers/lunarReturn.controller.ts(13,10): error TS1484: 'NatalChart' is a type and must be imported using a type-only import when 'verbatimModuleSyntax' is enabled.
src/modules/lunar/controllers/lunarReturn.controller.ts(13,22): error TS1295: ECMAScript imports and exports cannot be written in a CommonJS file under 'verbatimModuleSyntax'. Adjust the 'type' field in the nearest 'package.json' to make this file an ECMAScript module, or adjust your 'verbatimModuleSyntax', 'module', and 'moduleResolution' settings in TypeScript.
src/modules/lunar/controllers/lunarReturn.controller.ts(13,22): error TS1484: 'LunarReturnChart' is a type and must be imported using a type-only import when 'verbatimModuleSyntax' is enabled.
src/modules/lunar/controllers/lunarReturn.controller.ts(13,22): error TS6133: 'LunarReturnChart' is declared but its value is never read.
src/modules/lunar/controllers/lunarReturn.controller.ts(13,40): error TS1295: ECMAScript imports and exports cannot be written in a CommonJS file under 'verbatimModuleSyntax'. Adjust the 'type' field in the nearest 'package.json' to make this file an ECMAScript module, or adjust your 'verbatimModuleSyntax', 'module', and 'moduleResolution' settings in TypeScript.
src/modules/lunar/controllers/lunarReturn.controller.ts(13,40): error TS1484: 'LunarMonthForecast' is a type and must be imported using a type-only import when 'verbatimModuleSyntax' is enabled.
src/modules/lunar/controllers/lunarReturn.controller.ts(13,40): error TS6133: 'LunarMonthForecast' is declared but its value is never read.
src/modules/lunar/controllers/lunarReturn.controller.ts(14,20): error TS2307: Cannot find module '../db' or its corresponding type declarations.
src/modules/lunar/controllers/lunarReturn.controller.ts(20,1): error TS1287: A top-level 'export' modifier cannot be used on value declarations in a CommonJS module when 'verbatimModuleSyntax' is enabled.
src/modules/lunar/controllers/lunarReturn.controller.ts(20,23): error TS7030: Not all code paths return a value.
src/modules/lunar/controllers/lunarReturn.controller.ts(73,1): error TS1287: A top-level 'export' modifier cannot be used on value declarations in a CommonJS module when 'verbatimModuleSyntax' is enabled.
src/modules/lunar/controllers/lunarReturn.controller.ts(73,23): error TS7030: Not all code paths return a value.
src/modules/lunar/controllers/lunarReturn.controller.ts(99,1): error TS1287: A top-level 'export' modifier cannot be used on value declarations in a CommonJS module when 'verbatimModuleSyntax' is enabled.
src/modules/lunar/controllers/lunarReturn.controller.ts(99,23): error TS7030: Not all code paths return a value.
src/modules/lunar/controllers/lunarReturn.controller.ts(167,1): error TS1287: A top-level 'export' modifier cannot be used on value declarations in a CommonJS module when 'verbatimModuleSyntax' is enabled.
src/modules/lunar/controllers/lunarReturn.controller.ts(167,23): error TS7030: Not all code paths return a value.
src/modules/lunar/controllers/lunarReturn.controller.ts(263,1): error TS1287: A top-level 'export' modifier cannot be used on value declarations in a CommonJS module when 'verbatimModuleSyntax' is enabled.
src/modules/lunar/controllers/lunarReturn.controller.ts(263,23): error TS7030: Not all code paths return a value.
src/modules/lunar/controllers/lunarReturn.controller.ts(322,1): error TS1287: A top-level 'export' modifier cannot be used on value declarations in a CommonJS module when 'verbatimModuleSyntax' is enabled.
src/modules/lunar/controllers/lunarReturn.controller.ts(322,23): error TS7030: Not all code paths return a value.
src/modules/lunar/controllers/lunarReturn.controller.ts(363,1): error TS1287: A top-level 'export' modifier cannot be used on value declarations in a CommonJS module when 'verbatimModuleSyntax' is enabled.
src/modules/lunar/controllers/lunarReturn.controller.ts(363,23): error TS7030: Not all code paths return a value.
src/modules/lunar/controllers/lunarReturn.controller.ts(437,1): error TS1295: ECMAScript imports and exports cannot be written in a CommonJS file under 'verbatimModuleSyntax'. Adjust the 'type' field in the nearest 'package.json' to make this file an ECMAScript module, or adjust your 'verbatimModuleSyntax', 'module', and 'moduleResolution' settings in TypeScript.
src/modules/lunar/index.ts(7,10): error TS2305: Module '"./routes/lunarReturn.routes"' has no exported member 'lunarReturnRoutes'.
src/modules/lunar/index.ts(9,1): error TS2308: Module './controllers/lunarReturn.controller' has already exported a member named 'getCurrentLunarReturn'. Consider explicitly re-exporting to resolve the ambiguity.
src/modules/lunar/index.ts(9,1): error TS2308: Module './models/lunarReturn.model' has already exported a member named 'KeyDate'. Consider explicitly re-exporting to resolve the ambiguity.
src/modules/lunar/index.ts(9,1): error TS2308: Module './models/lunarReturn.model' has already exported a member named 'LunarAspect'. Consider explicitly re-exporting to resolve the ambiguity.
src/modules/lunar/index.ts(9,1): error TS2308: Module './models/lunarReturn.model' has already exported a member named 'LunarMonthForecast'. Consider explicitly re-exporting to resolve the ambiguity.
src/modules/lunar/index.ts(9,1): error TS2308: Module './models/lunarReturn.model' has already exported a member named 'LunarReturnChart'. Consider explicitly re-exporting to resolve the ambiguity.
src/modules/lunar/index.ts(9,1): error TS2308: Module './models/lunarReturn.model' has already exported a member named 'MonthlyPrediction'. Consider explicitly re-exporting to resolve the ambiguity.
src/modules/lunar/index.ts(9,1): error TS2308: Module './models/lunarReturn.model' has already exported a member named 'MonthlyRitual'. Consider explicitly re-exporting to resolve the ambiguity.
src/modules/lunar/index.ts(9,1): error TS2308: Module './models/lunarReturn.model' has already exported a member named 'NatalChart'. Consider explicitly re-exporting to resolve the ambiguity.
src/modules/lunar/routes/lunarReturn.routes.ts(6,10): error TS1295: ECMAScript imports and exports cannot be written in a CommonJS file under 'verbatimModuleSyntax'. Adjust the 'type' field in the nearest 'package.json' to make this file an ECMAScript module, or adjust your 'verbatimModuleSyntax', 'module', and 'moduleResolution' settings in TypeScript.
src/modules/lunar/routes/lunarReturn.routes.ts(7,13): error TS1295: ECMAScript imports and exports cannot be written in a CommonJS file under 'verbatimModuleSyntax'. Adjust the 'type' field in the nearest 'package.json' to make this file an ECMAScript module, or adjust your 'verbatimModuleSyntax', 'module', and 'moduleResolution' settings in TypeScript.
src/modules/lunar/routes/lunarReturn.routes.ts(8,10): error TS1295: ECMAScript imports and exports cannot be written in a CommonJS file under 'verbatimModuleSyntax'. Adjust the 'type' field in the nearest 'package.json' to make this file an ECMAScript module, or adjust your 'verbatimModuleSyntax', 'module', and 'moduleResolution' settings in TypeScript.
src/modules/lunar/routes/lunarReturn.routes.ts(10,7): error TS2451: Cannot redeclare block-scoped variable 'router'.
src/modules/lunar/routes/lunarReturn.routes.ts(68,1): error TS1287: A top-level 'export' modifier cannot be used on value declarations in a CommonJS module when 'verbatimModuleSyntax' is enabled.
src/modules/lunar/routes/lunarReturn.routes.ts(68,14): error TS2451: Cannot redeclare block-scoped variable 'router'.
src/modules/lunar/services/index.ts(7,3): error TS1295: ECMAScript imports and exports cannot be written in a CommonJS file under 'verbatimModuleSyntax'. Adjust the 'type' field in the nearest 'package.json' to make this file an ECMAScript module, or adjust your 'verbatimModuleSyntax', 'module', and 'moduleResolution' settings in TypeScript.
src/modules/lunar/services/index.ts(8,3): error TS1295: ECMAScript imports and exports cannot be written in a CommonJS file under 'verbatimModuleSyntax'. Adjust the 'type' field in the nearest 'package.json' to make this file an ECMAScript module, or adjust your 'verbatimModuleSyntax', 'module', and 'moduleResolution' settings in TypeScript.
src/modules/lunar/services/index.ts(9,3): error TS1295: ECMAScript imports and exports cannot be written in a CommonJS file under 'verbatimModuleSyntax'. Adjust the 'type' field in the nearest 'package.json' to make this file an ECMAScript module, or adjust your 'verbatimModuleSyntax', 'module', and 'moduleResolution' settings in TypeScript.
src/modules/lunar/services/index.ts(10,3): error TS1295: ECMAScript imports and exports cannot be written in a CommonJS file under 'verbatimModuleSyntax'. Adjust the 'type' field in the nearest 'package.json' to make this file an ECMAScript module, or adjust your 'verbatimModuleSyntax', 'module', and 'moduleResolution' settings in TypeScript.
src/modules/lunar/services/lunarReturn.service.ts(11,8): error TS2307: Cannot find module './calendar.service' or its corresponding type declarations.
src/modules/lunar/services/lunarReturn.service.ts(12,21): error TS6133: 'Planet' is declared but its value is never read.
src/modules/lunar/services/lunarReturn.service.ts(12,29): error TS6133: 'ZodiacSign' is declared but its value is never read.
src/modules/lunar/services/lunarReturn.service.ts(12,47): error TS2307: Cannot find module '../models/calendar.model' or its corresponding type declarations.
src/modules/lunar/services/lunarReturn.service.ts(87,1): error TS1287: A top-level 'export' modifier cannot be used on value declarations in a CommonJS module when 'verbatimModuleSyntax' is enabled.
src/modules/lunar/services/lunarReturn.service.ts(94,9): error TS6133: 'synodicMonthDays' is declared but its value is never read.
src/modules/lunar/services/lunarReturn.service.ts(111,30): error TS2588: Cannot assign to 'currentMoonDegree' because it is a constant.
src/modules/lunar/services/lunarReturn.service.ts(128,1): error TS1287: A top-level 'export' modifier cannot be used on value declarations in a CommonJS module when 'verbatimModuleSyntax' is enabled.
src/modules/lunar/services/lunarReturn.service.ts(182,9): error TS6133: 'natalMoonDegree' is declared but its value is never read.
src/modules/lunar/services/lunarReturn.service.ts(306,1): error TS1287: A top-level 'export' modifier cannot be used on value declarations in a CommonJS module when 'verbatimModuleSyntax' is enabled.
src/modules/lunar/services/lunarReturn.service.ts(354,9): error TS6133: 'lunarMonth' is declared but its value is never read.
src/modules/lunar/services/lunarReturn.service.ts(456,26): error TS6133: 'returnDate' is declared but its value is never read.
src/modules/lunar/services/lunarReturn.service.ts(456,44): error TS6133: 'chart' is declared but its value is never read.
src/modules/lunar/services/lunarReturn.service.ts(641,1): error TS1287: A top-level 'export' modifier cannot be used on value declarations in a CommonJS module when 'verbatimModuleSyntax' is enabled.
src/modules/lunar/services/lunarReturn.service.ts(641,45): error TS6133: 'userId' is declared but its value is never read.
src/modules/lunar/services/lunarReturn.service.ts(666,1): error TS1295: ECMAScript imports and exports cannot be written in a CommonJS file under 'verbatimModuleSyntax'. Adjust the 'type' field in the nearest 'package.json' to make this file an ECMAScript module, or adjust your 'verbatimModuleSyntax', 'module', and 'moduleResolution' settings in TypeScript.
src/modules/notifications/controllers/pushNotification.controller.ts(5,10): error TS1295: ECMAScript imports and exports cannot be written in a CommonJS file under 'verbatimModuleSyntax'. Adjust the 'type' field in the nearest 'package.json' to make this file an ECMAScript module, or adjust your 'verbatimModuleSyntax', 'module', and 'moduleResolution' settings in TypeScript.
src/modules/notifications/controllers/pushNotification.controller.ts(6,8): error TS1295: ECMAScript imports and exports cannot be written in a CommonJS file under 'verbatimModuleSyntax'. Adjust the 'type' field in the nearest 'package.json' to make this file an ECMAScript module, or adjust your 'verbatimModuleSyntax', 'module', and 'moduleResolution' settings in TypeScript.
src/modules/notifications/controllers/pushNotification.controller.ts(7,10): error TS1295: ECMAScript imports and exports cannot be written in a CommonJS file under 'verbatimModuleSyntax'. Adjust the 'type' field in the nearest 'package.json' to make this file an ECMAScript module, or adjust your 'verbatimModuleSyntax', 'module', and 'moduleResolution' settings in TypeScript.
src/modules/notifications/controllers/pushNotification.controller.ts(7,10): error TS1484: 'Request' is a type and must be imported using a type-only import when 'verbatimModuleSyntax' is enabled.
src/modules/notifications/controllers/pushNotification.controller.ts(7,19): error TS1295: ECMAScript imports and exports cannot be written in a CommonJS file under 'verbatimModuleSyntax'. Adjust the 'type' field in the nearest 'package.json' to make this file an ECMAScript module, or adjust your 'verbatimModuleSyntax', 'module', and 'moduleResolution' settings in TypeScript.
src/modules/notifications/controllers/pushNotification.controller.ts(7,19): error TS1484: 'Response' is a type and must be imported using a type-only import when 'verbatimModuleSyntax' is enabled.
src/modules/notifications/controllers/pushNotification.controller.ts(9,1): error TS1287: A top-level 'export' modifier cannot be used on value declarations in a CommonJS module when 'verbatimModuleSyntax' is enabled.
src/modules/notifications/controllers/pushNotification.controller.ts(11,28): error TS2339: Property 'id' does not exist on type 'TokenPayload'.
src/modules/notifications/controllers/pushNotification.controller.ts(26,1): error TS1287: A top-level 'export' modifier cannot be used on value declarations in a CommonJS module when 'verbatimModuleSyntax' is enabled.
src/modules/notifications/controllers/pushNotification.controller.ts(26,48): error TS7030: Not all code paths return a value.
src/modules/notifications/controllers/pushNotification.controller.ts(28,28): error TS2339: Property 'id' does not exist on type 'TokenPayload'.
src/modules/notifications/controllers/pushNotification.controller.ts(51,1): error TS1287: A top-level 'export' modifier cannot be used on value declarations in a CommonJS module when 'verbatimModuleSyntax' is enabled.
src/modules/notifications/controllers/pushNotification.controller.ts(52,28): error TS2339: Property 'id' does not exist on type 'TokenPayload'.
src/modules/notifications/controllers/pushNotification.controller.ts(62,1): error TS1287: A top-level 'export' modifier cannot be used on value declarations in a CommonJS module when 'verbatimModuleSyntax' is enabled.
src/modules/notifications/controllers/pushNotification.controller.ts(63,28): error TS2339: Property 'id' does not exist on type 'TokenPayload'.
src/modules/notifications/controllers/pushNotification.controller.ts(78,1): error TS1287: A top-level 'export' modifier cannot be used on value declarations in a CommonJS module when 'verbatimModuleSyntax' is enabled.
src/modules/notifications/controllers/pushNotification.controller.ts(78,47): error TS7030: Not all code paths return a value.
src/modules/notifications/controllers/pushNotification.controller.ts(78,54): error TS6133: 'req' is declared but its value is never read.
src/modules/notifications/index.ts(6,10): error TS1295: ECMAScript imports and exports cannot be written in a CommonJS file under 'verbatimModuleSyntax'. Adjust the 'type' field in the nearest 'package.json' to make this file an ECMAScript module, or adjust your 'verbatimModuleSyntax', 'module', and 'moduleResolution' settings in TypeScript.
src/modules/notifications/index.ts(7,10): error TS1295: ECMAScript imports and exports cannot be written in a CommonJS file under 'verbatimModuleSyntax'. Adjust the 'type' field in the nearest 'package.json' to make this file an ECMAScript module, or adjust your 'verbatimModuleSyntax', 'module', and 'moduleResolution' settings in TypeScript.
src/modules/notifications/index.ts(9,10): error TS1295: ECMAScript imports and exports cannot be written in a CommonJS file under 'verbatimModuleSyntax'. Adjust the 'type' field in the nearest 'package.json' to make this file an ECMAScript module, or adjust your 'verbatimModuleSyntax', 'module', and 'moduleResolution' settings in TypeScript.
src/modules/notifications/models/pushSubscription.model.ts(5,8): error TS1295: ECMAScript imports and exports cannot be written in a CommonJS file under 'verbatimModuleSyntax'. Adjust the 'type' field in the nearest 'package.json' to make this file an ECMAScript module, or adjust your 'verbatimModuleSyntax', 'module', and 'moduleResolution' settings in TypeScript.
src/modules/notifications/models/pushSubscription.model.ts(81,1): error TS1295: ECMAScript imports and exports cannot be written in a CommonJS file under 'verbatimModuleSyntax'. Adjust the 'type' field in the nearest 'package.json' to make this file an ECMAScript module, or adjust your 'verbatimModuleSyntax', 'module', and 'moduleResolution' settings in TypeScript.
src/modules/notifications/routes/pushNotification.routes.ts(5,8): error TS1295: ECMAScript imports and exports cannot be written in a CommonJS file under 'verbatimModuleSyntax'. Adjust the 'type' field in the nearest 'package.json' to make this file an ECMAScript module, or adjust your 'verbatimModuleSyntax', 'module', and 'moduleResolution' settings in TypeScript.
src/modules/notifications/routes/pushNotification.routes.ts(7,3): error TS1295: ECMAScript imports and exports cannot be written in a CommonJS file under 'verbatimModuleSyntax'. Adjust the 'type' field in the nearest 'package.json' to make this file an ECMAScript module, or adjust your 'verbatimModuleSyntax', 'module', and 'moduleResolution' settings in TypeScript.
src/modules/notifications/routes/pushNotification.routes.ts(8,3): error TS1295: ECMAScript imports and exports cannot be written in a CommonJS file under 'verbatimModuleSyntax'. Adjust the 'type' field in the nearest 'package.json' to make this file an ECMAScript module, or adjust your 'verbatimModuleSyntax', 'module', and 'moduleResolution' settings in TypeScript.
src/modules/notifications/routes/pushNotification.routes.ts(9,3): error TS1295: ECMAScript imports and exports cannot be written in a CommonJS file under 'verbatimModuleSyntax'. Adjust the 'type' field in the nearest 'package.json' to make this file an ECMAScript module, or adjust your 'verbatimModuleSyntax', 'module', and 'moduleResolution' settings in TypeScript.
src/modules/notifications/routes/pushNotification.routes.ts(10,3): error TS1295: ECMAScript imports and exports cannot be written in a CommonJS file under 'verbatimModuleSyntax'. Adjust the 'type' field in the nearest 'package.json' to make this file an ECMAScript module, or adjust your 'verbatimModuleSyntax', 'module', and 'moduleResolution' settings in TypeScript.
src/modules/notifications/routes/pushNotification.routes.ts(11,3): error TS1295: ECMAScript imports and exports cannot be written in a CommonJS file under 'verbatimModuleSyntax'. Adjust the 'type' field in the nearest 'package.json' to make this file an ECMAScript module, or adjust your 'verbatimModuleSyntax', 'module', and 'moduleResolution' settings in TypeScript.
src/modules/notifications/routes/pushNotification.routes.ts(13,10): error TS1295: ECMAScript imports and exports cannot be written in a CommonJS file under 'verbatimModuleSyntax'. Adjust the 'type' field in the nearest 'package.json' to make this file an ECMAScript module, or adjust your 'verbatimModuleSyntax', 'module', and 'moduleResolution' settings in TypeScript.
src/modules/notifications/routes/pushNotification.routes.ts(27,1): error TS1295: ECMAScript imports and exports cannot be written in a CommonJS file under 'verbatimModuleSyntax'. Adjust the 'type' field in the nearest 'package.json' to make this file an ECMAScript module, or adjust your 'verbatimModuleSyntax', 'module', and 'moduleResolution' settings in TypeScript.
src/modules/notifications/services/pushNotification.service.ts(6,21): error TS7016: Could not find a declaration file for module 'web-push'. 'C:/Users/plner/MVP_Projects/node_modules/web-push/src/index.js' implicitly has an 'any' type.
  Try `npm i --save-dev @types/web-push` if it exists or add a new declaration (.d.ts) file containing `declare module 'web-push';`
src/modules/notifications/services/pushNotification.service.ts(7,8): error TS1295: ECMAScript imports and exports cannot be written in a CommonJS file under 'verbatimModuleSyntax'. Adjust the 'type' field in the nearest 'package.json' to make this file an ECMAScript module, or adjust your 'verbatimModuleSyntax', 'module', and 'moduleResolution' settings in TypeScript.
src/modules/notifications/services/pushNotification.service.ts(8,8): error TS1295: ECMAScript imports and exports cannot be written in a CommonJS file under 'verbatimModuleSyntax'. Adjust the 'type' field in the nearest 'package.json' to make this file an ECMAScript module, or adjust your 'verbatimModuleSyntax', 'module', and 'moduleResolution' settings in TypeScript.
src/modules/notifications/services/pushNotification.service.ts(15,5): error TS6133: 'vapidConfigured' is declared but its value is never read.
src/modules/notifications/services/pushNotification.service.ts(190,1): error TS1295: ECMAScript imports and exports cannot be written in a CommonJS file under 'verbatimModuleSyntax'. Adjust the 'type' field in the nearest 'package.json' to make this file an ECMAScript module, or adjust your 'verbatimModuleSyntax', 'module', and 'moduleResolution' settings in TypeScript.
src/modules/shared/services/swissEphemeris.service.ts(6,8): error TS1295: ECMAScript imports and exports cannot be written in a CommonJS file under 'verbatimModuleSyntax'. Adjust the 'type' field in the nearest 'package.json' to make this file an ECMAScript module, or adjust your 'verbatimModuleSyntax', 'module', and 'moduleResolution' settings in TypeScript.
src/modules/shared/services/swissEphemeris.service.ts(7,20): error TS2307: Cannot find module '../config' or its corresponding type declarations.
src/modules/shared/services/swissEphemeris.service.ts(14,1): error TS1287: A top-level 'export' modifier cannot be used on value declarations in a CommonJS module when 'verbatimModuleSyntax' is enabled.
src/modules/shared/services/swissEphemeris.service.ts(32,1): error TS1287: A top-level 'export' modifier cannot be used on value declarations in a CommonJS module when 'verbatimModuleSyntax' is enabled.
src/modules/shared/services/swissEphemeris.service.ts(50,1): error TS1287: A top-level 'export' modifier cannot be used on value declarations in a CommonJS module when 'verbatimModuleSyntax' is enabled.
src/modules/shared/services/swissEphemeris.service.ts(66,1): error TS1287: A top-level 'export' modifier cannot be used on value declarations in a CommonJS module when 'verbatimModuleSyntax' is enabled.
src/modules/shared/services/swissEphemeris.service.ts(79,1): error TS1287: A top-level 'export' modifier cannot be used on value declarations in a CommonJS module when 'verbatimModuleSyntax' is enabled.
src/modules/shared/services/swissEphemeris.service.ts(93,1): error TS1287: A top-level 'export' modifier cannot be used on value declarations in a CommonJS module when 'verbatimModuleSyntax' is enabled.
src/modules/shared/services/swissEphemeris.service.ts(103,1): error TS1287: A top-level 'export' modifier cannot be used on value declarations in a CommonJS module when 'verbatimModuleSyntax' is enabled.
src/modules/shared/services/swissEphemeris.service.ts(119,1): error TS1287: A top-level 'export' modifier cannot be used on value declarations in a CommonJS module when 'verbatimModuleSyntax' is enabled.
src/modules/shared/services/swissEphemeris.service.ts(133,1): error TS1287: A top-level 'export' modifier cannot be used on value declarations in a CommonJS module when 'verbatimModuleSyntax' is enabled.
src/modules/shared/services/swissEphemeris.service.ts(152,1): error TS1287: A top-level 'export' modifier cannot be used on value declarations in a CommonJS module when 'verbatimModuleSyntax' is enabled.
src/modules/shared/services/swissEphemeris.service.ts(155,3): error TS6133: 'geoLatitude' is declared but its value is never read.
src/modules/shared/services/swissEphemeris.service.ts(156,3): error TS6133: 'geoLongitude' is declared but its value is never read.
src/modules/shared/services/swissEphemeris.service.ts(177,14): error TS2339: Property 'error' does not exist on type '{ longitude: number; latitude: number; distance: number; longitudeSpeed: number; latitudeSpeed: number; distanceSpeed: number; rflag: number; } | { rectAscension: number; declination: number; ... 4 more ...; rflag: number; } | { ...; } | { ...; }'.
  Property 'error' does not exist on type '{ longitude: number; latitude: number; distance: number; longitudeSpeed: number; latitudeSpeed: number; distanceSpeed: number; rflag: number; }'.
src/modules/shared/services/swissEphemeris.service.ts(178,68): error TS2339: Property 'error' does not exist on type '{ longitude: number; latitude: number; distance: number; longitudeSpeed: number; latitudeSpeed: number; distanceSpeed: number; rflag: number; } | { rectAscension: number; declination: number; ... 4 more ...; rflag: number; } | { ...; } | { ...; }'.
  Property 'error' does not exist on type '{ longitude: number; latitude: number; distance: number; longitudeSpeed: number; latitudeSpeed: number; distanceSpeed: number; rflag: number; }'.
src/modules/shared/services/swissEphemeris.service.ts(181,28): error TS2339: Property 'data' does not exist on type '{ longitude: number; latitude: number; distance: number; longitudeSpeed: number; latitudeSpeed: number; distanceSpeed: number; rflag: number; } | { rectAscension: number; declination: number; ... 4 more ...; rflag: number; } | { ...; } | { ...; }'.
  Property 'data' does not exist on type '{ longitude: number; latitude: number; distance: number; longitudeSpeed: number; latitudeSpeed: number; distanceSpeed: number; rflag: number; }'.
src/modules/shared/services/swissEphemeris.service.ts(182,27): error TS2339: Property 'data' does not exist on type '{ longitude: number; latitude: number; distance: number; longitudeSpeed: number; latitudeSpeed: number; distanceSpeed: number; rflag: number; } | { rectAscension: number; declination: number; ... 4 more ...; rflag: number; } | { ...; } | { ...; }'.
  Property 'data' does not exist on type '{ longitude: number; latitude: number; distance: number; longitudeSpeed: number; latitudeSpeed: number; distanceSpeed: number; rflag: number; }'.
src/modules/shared/services/swissEphemeris.service.ts(183,27): error TS2339: Property 'data' does not exist on type '{ longitude: number; latitude: number; distance: number; longitudeSpeed: number; latitudeSpeed: number; distanceSpeed: number; rflag: number; } | { rectAscension: number; declination: number; ... 4 more ...; rflag: number; } | { ...; } | { ...; }'.
  Property 'data' does not exist on type '{ longitude: number; latitude: number; distance: number; longitudeSpeed: number; latitudeSpeed: number; distanceSpeed: number; rflag: number; }'.
src/modules/shared/services/swissEphemeris.service.ts(184,24): error TS2339: Property 'data' does not exist on type '{ longitude: number; latitude: number; distance: number; longitudeSpeed: number; latitudeSpeed: number; distanceSpeed: number; rflag: number; } | { rectAscension: number; declination: number; ... 4 more ...; rflag: number; } | { ...; } | { ...; }'.
  Property 'data' does not exist on type '{ longitude: number; latitude: number; distance: number; longitudeSpeed: number; latitudeSpeed: number; distanceSpeed: number; rflag: number; }'.
src/modules/shared/services/swissEphemeris.service.ts(212,1): error TS1287: A top-level 'export' modifier cannot be used on value declarations in a CommonJS module when 'verbatimModuleSyntax' is enabled.
src/modules/shared/services/swissEphemeris.service.ts(229,1): error TS1287: A top-level 'export' modifier cannot be used on value declarations in a CommonJS module when 'verbatimModuleSyntax' is enabled.
src/modules/shared/services/swissEphemeris.service.ts(257,25): error TS2339: Property 'house' does not exist on type '{ house: number[]; ascendant: number; mc: number; armc: number; vertex: number; equatorialAscendant: number; kochCoAscendant: number; munkaseyCoAscendant: number; munkaseyPolarAscendant: number; } | { ...; }'.
  Property 'house' does not exist on type '{ error: string; }'.
src/modules/shared/services/swissEphemeris.service.ts(257,36): error TS7006: Parameter 'cusp' implicitly has an 'any' type.
src/modules/shared/services/swissEphemeris.service.ts(257,42): error TS7006: Parameter 'index' implicitly has an 'any' type.
src/modules/shared/services/swissEphemeris.service.ts(258,19): error TS6133: 'position' is declared but its value is never read.
src/modules/shared/services/swissEphemeris.service.ts(271,50): error TS2339: Property 'ascendant' does not exist on type '{ house: number[]; ascendant: number; mc: number; armc: number; vertex: number; equatorialAscendant: number; kochCoAscendant: number; munkaseyCoAscendant: number; munkaseyPolarAscendant: number; } | { ...; }'.
  Property 'ascendant' does not exist on type '{ error: string; }'.
src/modules/shared/services/swissEphemeris.service.ts(272,49): error TS2339: Property 'mc' does not exist on type '{ house: number[]; ascendant: number; mc: number; armc: number; vertex: number; equatorialAscendant: number; kochCoAscendant: number; munkaseyCoAscendant: number; munkaseyPolarAscendant: number; } | { ...; }'.
  Property 'mc' does not exist on type '{ error: string; }'.
src/modules/shared/services/swissEphemeris.service.ts(278,33): error TS2339: Property 'ascendant' does not exist on type '{ house: number[]; ascendant: number; mc: number; armc: number; vertex: number; equatorialAscendant: number; kochCoAscendant: number; munkaseyCoAscendant: number; munkaseyPolarAscendant: number; } | { ...; }'.
  Property 'ascendant' does not exist on type '{ error: string; }'.
src/modules/shared/services/swissEphemeris.service.ts(282,33): error TS2339: Property 'mc' does not exist on type '{ house: number[]; ascendant: number; mc: number; armc: number; vertex: number; equatorialAscendant: number; kochCoAscendant: number; munkaseyCoAscendant: number; munkaseyPolarAscendant: number; } | { ...; }'.
  Property 'mc' does not exist on type '{ error: string; }'.
src/modules/shared/services/swissEphemeris.service.ts(291,1): error TS1287: A top-level 'export' modifier cannot be used on value declarations in a CommonJS module when 'verbatimModuleSyntax' is enabled.
src/modules/shared/services/swissEphemeris.service.ts(326,1): error TS1287: A top-level 'export' modifier cannot be used on value declarations in a CommonJS module when 'verbatimModuleSyntax' is enabled.
src/modules/shared/services/swissEphemeris.service.ts(372,1): error TS1287: A top-level 'export' modifier cannot be used on value declarations in a CommonJS module when 'verbatimModuleSyntax' is enabled.
src/modules/shared/services/swissEphemeris.service.ts(409,1): error TS1287: A top-level 'export' modifier cannot be used on value declarations in a CommonJS module when 'verbatimModuleSyntax' is enabled.
src/modules/shared/services/swissEphemeris.service.ts(489,1): error TS1295: ECMAScript imports and exports cannot be written in a CommonJS file under 'verbatimModuleSyntax'. Adjust the 'type' field in the nearest 'package.json' to make this file an ECMAScript module, or adjust your 'verbatimModuleSyntax', 'module', and 'moduleResolution' settings in TypeScript.
src/modules/solar/controllers/solarReturn.controller.ts(6,10): error TS1295: ECMAScript imports and exports cannot be written in a CommonJS file under 'verbatimModuleSyntax'. Adjust the 'type' field in the nearest 'package.json' to make this file an ECMAScript module, or adjust your 'verbatimModuleSyntax', 'module', and 'moduleResolution' settings in TypeScript.
src/modules/solar/controllers/solarReturn.controller.ts(6,10): error TS1484: 'Request' is a type and must be imported using a type-only import when 'verbatimModuleSyntax' is enabled.
src/modules/solar/controllers/solarReturn.controller.ts(6,19): error TS1295: ECMAScript imports and exports cannot be written in a CommonJS file under 'verbatimModuleSyntax'. Adjust the 'type' field in the nearest 'package.json' to make this file an ECMAScript module, or adjust your 'verbatimModuleSyntax', 'module', and 'moduleResolution' settings in TypeScript.
src/modules/solar/controllers/solarReturn.controller.ts(6,19): error TS1484: 'Response' is a type and must be imported using a type-only import when 'verbatimModuleSyntax' is enabled.
src/modules/solar/controllers/solarReturn.controller.ts(7,8): error TS1295: ECMAScript imports and exports cannot be written in a CommonJS file under 'verbatimModuleSyntax'. Adjust the 'type' field in the nearest 'package.json' to make this file an ECMAScript module, or adjust your 'verbatimModuleSyntax', 'module', and 'moduleResolution' settings in TypeScript.
src/modules/solar/controllers/solarReturn.controller.ts(8,8): error TS1295: ECMAScript imports and exports cannot be written in a CommonJS file under 'verbatimModuleSyntax'. Adjust the 'type' field in the nearest 'package.json' to make this file an ECMAScript module, or adjust your 'verbatimModuleSyntax', 'module', and 'moduleResolution' settings in TypeScript.
src/modules/solar/controllers/solarReturn.controller.ts(9,10): error TS1295: ECMAScript imports and exports cannot be written in a CommonJS file under 'verbatimModuleSyntax'. Adjust the 'type' field in the nearest 'package.json' to make this file an ECMAScript module, or adjust your 'verbatimModuleSyntax', 'module', and 'moduleResolution' settings in TypeScript.
src/modules/solar/controllers/solarReturn.controller.ts(11,3): error TS1295: ECMAScript imports and exports cannot be written in a CommonJS file under 'verbatimModuleSyntax'. Adjust the 'type' field in the nearest 'package.json' to make this file an ECMAScript module, or adjust your 'verbatimModuleSyntax', 'module', and 'moduleResolution' settings in TypeScript.
src/modules/solar/controllers/solarReturn.controller.ts(12,3): error TS1295: ECMAScript imports and exports cannot be written in a CommonJS file under 'verbatimModuleSyntax'. Adjust the 'type' field in the nearest 'package.json' to make this file an ECMAScript module, or adjust your 'verbatimModuleSyntax', 'module', and 'moduleResolution' settings in TypeScript.
src/modules/solar/controllers/solarReturn.controller.ts(13,3): error TS1295: ECMAScript imports and exports cannot be written in a CommonJS file under 'verbatimModuleSyntax'. Adjust the 'type' field in the nearest 'package.json' to make this file an ECMAScript module, or adjust your 'verbatimModuleSyntax', 'module', and 'moduleResolution' settings in TypeScript.
src/modules/solar/controllers/solarReturn.controller.ts(14,3): error TS1295: ECMAScript imports and exports cannot be written in a CommonJS file under 'verbatimModuleSyntax'. Adjust the 'type' field in the nearest 'package.json' to make this file an ECMAScript module, or adjust your 'verbatimModuleSyntax', 'module', and 'moduleResolution' settings in TypeScript.
src/modules/solar/controllers/solarReturn.controller.ts(16,10): error TS1295: ECMAScript imports and exports cannot be written in a CommonJS file under 'verbatimModuleSyntax'. Adjust the 'type' field in the nearest 'package.json' to make this file an ECMAScript module, or adjust your 'verbatimModuleSyntax', 'module', and 'moduleResolution' settings in TypeScript.
src/modules/solar/controllers/solarReturn.controller.ts(17,10): error TS1295: ECMAScript imports and exports cannot be written in a CommonJS file under 'verbatimModuleSyntax'. Adjust the 'type' field in the nearest 'package.json' to make this file an ECMAScript module, or adjust your 'verbatimModuleSyntax', 'module', and 'moduleResolution' settings in TypeScript.
src/modules/solar/controllers/solarReturn.controller.ts(17,10): error TS1484: 'SolarReturnCalculationParams' is a type and must be imported using a type-only import when 'verbatimModuleSyntax' is enabled.
src/modules/solar/controllers/solarReturn.controller.ts(17,40): error TS1295: ECMAScript imports and exports cannot be written in a CommonJS file under 'verbatimModuleSyntax'. Adjust the 'type' field in the nearest 'package.json' to make this file an ECMAScript module, or adjust your 'verbatimModuleSyntax', 'module', and 'moduleResolution' settings in TypeScript.
src/modules/solar/controllers/solarReturn.controller.ts(17,40): error TS1484: 'SolarReturnRecalculationParams' is a type and must be imported using a type-only import when 'verbatimModuleSyntax' is enabled.
src/modules/solar/controllers/solarReturn.controller.ts(17,40): error TS6133: 'SolarReturnRecalculationParams' is declared but its value is never read.
src/modules/solar/controllers/solarReturn.controller.ts(19,1): error TS1287: A top-level 'export' modifier cannot be used on value declarations in a CommonJS module when 'verbatimModuleSyntax' is enabled.
src/modules/solar/controllers/solarReturn.controller.ts(318,1): error TS1295: ECMAScript imports and exports cannot be written in a CommonJS file under 'verbatimModuleSyntax'. Adjust the 'type' field in the nearest 'package.json' to make this file an ECMAScript module, or adjust your 'verbatimModuleSyntax', 'module', and 'moduleResolution' settings in TypeScript.
src/modules/solar/index.ts(7,10): error TS1295: ECMAScript imports and exports cannot be written in a CommonJS file under 'verbatimModuleSyntax'. Adjust the 'type' field in the nearest 'package.json' to make this file an ECMAScript module, or adjust your 'verbatimModuleSyntax', 'module', and 'moduleResolution' settings in TypeScript.
src/modules/solar/models/solarReturn.model.ts(6,18): error TS2307: Cannot find module '../../db' or its corresponding type declarations.
src/modules/solar/models/solarReturn.model.ts(7,10): error TS1295: ECMAScript imports and exports cannot be written in a CommonJS file under 'verbatimModuleSyntax'. Adjust the 'type' field in the nearest 'package.json' to make this file an ECMAScript module, or adjust your 'verbatimModuleSyntax', 'module', and 'moduleResolution' settings in TypeScript.
src/modules/solar/models/solarReturn.model.ts(7,10): error TS1484: 'SolarReturn' is a type and must be imported using a type-only import when 'verbatimModuleSyntax' is enabled.
src/modules/solar/models/solarReturn.model.ts(7,23): error TS1295: ECMAScript imports and exports cannot be written in a CommonJS file under 'verbatimModuleSyntax'. Adjust the 'type' field in the nearest 'package.json' to make this file an ECMAScript module, or adjust your 'verbatimModuleSyntax', 'module', and 'moduleResolution' settings in TypeScript.
src/modules/solar/models/solarReturn.model.ts(7,23): error TS1484: 'SolarReturnInput' is a type and must be imported using a type-only import when 'verbatimModuleSyntax' is enabled.
src/modules/solar/models/solarReturn.model.ts(7,41): error TS1295: ECMAScript imports and exports cannot be written in a CommonJS file under 'verbatimModuleSyntax'. Adjust the 'type' field in the nearest 'package.json' to make this file an ECMAScript module, or adjust your 'verbatimModuleSyntax', 'module', and 'moduleResolution' settings in TypeScript.
src/modules/solar/models/solarReturn.model.ts(7,41): error TS1484: 'SolarReturnLocation' is a type and must be imported using a type-only import when 'verbatimModuleSyntax' is enabled.
src/modules/solar/models/solarReturn.model.ts(7,62): error TS1295: ECMAScript imports and exports cannot be written in a CommonJS file under 'verbatimModuleSyntax'. Adjust the 'type' field in the nearest 'package.json' to make this file an ECMAScript module, or adjust your 'verbatimModuleSyntax', 'module', and 'moduleResolution' settings in TypeScript.
src/modules/solar/models/solarReturn.model.ts(7,62): error TS1484: 'SolarReturnChartData' is a type and must be imported using a type-only import when 'verbatimModuleSyntax' is enabled.
src/modules/solar/models/solarReturn.model.ts(9,1): error TS1287: A top-level 'export' modifier cannot be used on value declarations in a CommonJS module when 'verbatimModuleSyntax' is enabled.
src/modules/solar/models/solarReturn.model.ts(63,29): error TS7006: Parameter 'sr' implicitly has an 'any' type.
src/modules/solar/models/solarReturn.model.ts(75,29): error TS7006: Parameter 'sr' implicitly has an 'any' type.
src/modules/solar/models/solarReturn.model.ts(87,29): error TS7006: Parameter 'sr' implicitly has an 'any' type.
src/modules/solar/models/solarReturn.model.ts(98,29): error TS7006: Parameter 'sr' implicitly has an 'any' type.
src/modules/solar/models/solarReturn.model.ts(183,1): error TS1295: ECMAScript imports and exports cannot be written in a CommonJS file under 'verbatimModuleSyntax'. Adjust the 'type' field in the nearest 'package.json' to make this file an ECMAScript module, or adjust your 'verbatimModuleSyntax', 'module', and 'moduleResolution' settings in TypeScript.
src/modules/solar/routes/solarReturn.routes.ts(6,10): error TS1295: ECMAScript imports and exports cannot be written in a CommonJS file under 'verbatimModuleSyntax'. Adjust the 'type' field in the nearest 'package.json' to make this file an ECMAScript module, or adjust your 'verbatimModuleSyntax', 'module', and 'moduleResolution' settings in TypeScript.
src/modules/solar/routes/solarReturn.routes.ts(7,8): error TS1295: ECMAScript imports and exports cannot be written in a CommonJS file under 'verbatimModuleSyntax'. Adjust the 'type' field in the nearest 'package.json' to make this file an ECMAScript module, or adjust your 'verbatimModuleSyntax', 'module', and 'moduleResolution' settings in TypeScript.
src/modules/solar/routes/solarReturn.routes.ts(8,10): error TS1295: ECMAScript imports and exports cannot be written in a CommonJS file under 'verbatimModuleSyntax'. Adjust the 'type' field in the nearest 'package.json' to make this file an ECMAScript module, or adjust your 'verbatimModuleSyntax', 'module', and 'moduleResolution' settings in TypeScript.
src/modules/solar/routes/solarReturn.routes.ts(9,10): error TS1295: ECMAScript imports and exports cannot be written in a CommonJS file under 'verbatimModuleSyntax'. Adjust the 'type' field in the nearest 'package.json' to make this file an ECMAScript module, or adjust your 'verbatimModuleSyntax', 'module', and 'moduleResolution' settings in TypeScript.
src/modules/solar/routes/solarReturn.routes.ts(10,10): error TS1295: ECMAScript imports and exports cannot be written in a CommonJS file under 'verbatimModuleSyntax'. Adjust the 'type' field in the nearest 'package.json' to make this file an ECMAScript module, or adjust your 'verbatimModuleSyntax', 'module', and 'moduleResolution' settings in TypeScript.
src/modules/solar/routes/solarReturn.routes.ts(11,8): error TS1295: ECMAScript imports and exports cannot be written in a CommonJS file under 'verbatimModuleSyntax'. Adjust the 'type' field in the nearest 'package.json' to make this file an ECMAScript module, or adjust your 'verbatimModuleSyntax', 'module', and 'moduleResolution' settings in TypeScript.
src/modules/solar/routes/solarReturn.routes.ts(56,33): error TS2554: Expected 3 arguments, but got 2.
src/modules/solar/routes/solarReturn.routes.ts(68,33): error TS2554: Expected 3 arguments, but got 2.
src/modules/solar/routes/solarReturn.routes.ts(80,33): error TS2554: Expected 3 arguments, but got 2.
src/modules/solar/routes/solarReturn.routes.ts(92,33): error TS2554: Expected 3 arguments, but got 2.
src/modules/solar/routes/solarReturn.routes.ts(105,33): error TS2554: Expected 3 arguments, but got 2.
src/modules/solar/routes/solarReturn.routes.ts(117,33): error TS2554: Expected 3 arguments, but got 2.
src/modules/solar/routes/solarReturn.routes.ts(129,33): error TS2554: Expected 3 arguments, but got 2.
src/modules/solar/routes/solarReturn.routes.ts(141,33): error TS2554: Expected 3 arguments, but got 2.
src/modules/solar/routes/solarReturn.routes.ts(145,10): error TS1295: ECMAScript imports and exports cannot be written in a CommonJS file under 'verbatimModuleSyntax'. Adjust the 'type' field in the nearest 'package.json' to make this file an ECMAScript module, or adjust your 'verbatimModuleSyntax', 'module', and 'moduleResolution' settings in TypeScript.
src/modules/solar/services/solarReturn.service.ts(6,10): error TS2595: 'swisseph' can only be imported by using a default import.
src/modules/solar/services/solarReturn.service.ts(8,3): error TS1295: ECMAScript imports and exports cannot be written in a CommonJS file under 'verbatimModuleSyntax'. Adjust the 'type' field in the nearest 'package.json' to make this file an ECMAScript module, or adjust your 'verbatimModuleSyntax', 'module', and 'moduleResolution' settings in TypeScript.
src/modules/solar/services/solarReturn.service.ts(8,3): error TS1484: 'SolarReturnCalculationParams' is a type and must be imported using a type-only import when 'verbatimModuleSyntax' is enabled.
src/modules/solar/services/solarReturn.service.ts(9,3): error TS1295: ECMAScript imports and exports cannot be written in a CommonJS file under 'verbatimModuleSyntax'. Adjust the 'type' field in the nearest 'package.json' to make this file an ECMAScript module, or adjust your 'verbatimModuleSyntax', 'module', and 'moduleResolution' settings in TypeScript.
src/modules/solar/services/solarReturn.service.ts(9,3): error TS1484: 'SolarReturnChartData' is a type and must be imported using a type-only import when 'verbatimModuleSyntax' is enabled.
src/modules/solar/services/solarReturn.service.ts(10,3): error TS1295: ECMAScript imports and exports cannot be written in a CommonJS file under 'verbatimModuleSyntax'. Adjust the 'type' field in the nearest 'package.json' to make this file an ECMAScript module, or adjust your 'verbatimModuleSyntax', 'module', and 'moduleResolution' settings in TypeScript.
src/modules/solar/services/solarReturn.service.ts(10,3): error TS1484: 'PlanetaryPosition' is a type and must be imported using a type-only import when 'verbatimModuleSyntax' is enabled.
src/modules/solar/services/solarReturn.service.ts(11,3): error TS1295: ECMAScript imports and exports cannot be written in a CommonJS file under 'verbatimModuleSyntax'. Adjust the 'type' field in the nearest 'package.json' to make this file an ECMAScript module, or adjust your 'verbatimModuleSyntax', 'module', and 'moduleResolution' settings in TypeScript.
src/modules/solar/services/solarReturn.service.ts(11,3): error TS1484: 'HouseCusp' is a type and must be imported using a type-only import when 'verbatimModuleSyntax' is enabled.
src/modules/solar/services/solarReturn.service.ts(12,3): error TS1295: ECMAScript imports and exports cannot be written in a CommonJS file under 'verbatimModuleSyntax'. Adjust the 'type' field in the nearest 'package.json' to make this file an ECMAScript module, or adjust your 'verbatimModuleSyntax', 'module', and 'moduleResolution' settings in TypeScript.
src/modules/solar/services/solarReturn.service.ts(12,3): error TS1484: 'Aspect' is a type and must be imported using a type-only import when 'verbatimModuleSyntax' is enabled.
src/modules/solar/services/solarReturn.service.ts(13,3): error TS1295: ECMAScript imports and exports cannot be written in a CommonJS file under 'verbatimModuleSyntax'. Adjust the 'type' field in the nearest 'package.json' to make this file an ECMAScript module, or adjust your 'verbatimModuleSyntax', 'module', and 'moduleResolution' settings in TypeScript.
src/modules/solar/services/solarReturn.service.ts(13,3): error TS1484: 'HouseCusp' is a type and must be imported using a type-only import when 'verbatimModuleSyntax' is enabled.
src/modules/solar/services/solarReturn.service.ts(15,1): error TS6133: 'solarReturnModel' is declared but its value is never read.
src/modules/solar/services/solarReturn.service.ts(15,8): error TS1295: ECMAScript imports and exports cannot be written in a CommonJS file under 'verbatimModuleSyntax'. Adjust the 'type' field in the nearest 'package.json' to make this file an ECMAScript module, or adjust your 'verbatimModuleSyntax', 'module', and 'moduleResolution' settings in TypeScript.
src/modules/solar/services/solarReturn.service.ts(17,1): error TS1287: A top-level 'export' modifier cannot be used on value declarations in a CommonJS module when 'verbatimModuleSyntax' is enabled.
src/modules/solar/services/solarReturn.service.ts(93,5): error TS6133: 'location' is declared but its value is never read.
src/modules/solar/services/solarReturn.service.ts(166,56): error TS7006: Parameter 'cusp' implicitly has an 'any' type.
src/modules/solar/services/solarReturn.service.ts(166,62): error TS7006: Parameter 'index' implicitly has an 'any' type.
src/modules/solar/services/solarReturn.service.ts(176,52): error TS2339: Property 'longitude' does not exist on type 'PlanetaryPosition'.
src/modules/solar/services/solarReturn.service.ts(451,31): error TS6133: 'chartId' is declared but its value is never read.
src/modules/solar/services/solarReturn.service.ts(464,1): error TS1295: ECMAScript imports and exports cannot be written in a CommonJS file under 'verbatimModuleSyntax'. Adjust the 'type' field in the nearest 'package.json' to make this file an ECMAScript module, or adjust your 'verbatimModuleSyntax', 'module', and 'moduleResolution' settings in TypeScript.
src/modules/synastry/controllers/synastry.controller.ts(6,10): error TS1295: ECMAScript imports and exports cannot be written in a CommonJS file under 'verbatimModuleSyntax'. Adjust the 'type' field in the nearest 'package.json' to make this file an ECMAScript module, or adjust your 'verbatimModuleSyntax', 'module', and 'moduleResolution' settings in TypeScript.
src/modules/synastry/controllers/synastry.controller.ts(6,10): error TS1484: 'Request' is a type and must be imported using a type-only import when 'verbatimModuleSyntax' is enabled.
src/modules/synastry/controllers/synastry.controller.ts(6,19): error TS1295: ECMAScript imports and exports cannot be written in a CommonJS file under 'verbatimModuleSyntax'. Adjust the 'type' field in the nearest 'package.json' to make this file an ECMAScript module, or adjust your 'verbatimModuleSyntax', 'module', and 'moduleResolution' settings in TypeScript.
src/modules/synastry/controllers/synastry.controller.ts(6,19): error TS1484: 'Response' is a type and must be imported using a type-only import when 'verbatimModuleSyntax' is enabled.
src/modules/synastry/controllers/synastry.controller.ts(6,29): error TS1295: ECMAScript imports and exports cannot be written in a CommonJS file under 'verbatimModuleSyntax'. Adjust the 'type' field in the nearest 'package.json' to make this file an ECMAScript module, or adjust your 'verbatimModuleSyntax', 'module', and 'moduleResolution' settings in TypeScript.
src/modules/synastry/controllers/synastry.controller.ts(6,29): error TS1484: 'NextFunction' is a type and must be imported using a type-only import when 'verbatimModuleSyntax' is enabled.
src/modules/synastry/controllers/synastry.controller.ts(8,3): error TS1295: ECMAScript imports and exports cannot be written in a CommonJS file under 'verbatimModuleSyntax'. Adjust the 'type' field in the nearest 'package.json' to make this file an ECMAScript module, or adjust your 'verbatimModuleSyntax', 'module', and 'moduleResolution' settings in TypeScript.
src/modules/synastry/controllers/synastry.controller.ts(9,3): error TS1295: ECMAScript imports and exports cannot be written in a CommonJS file under 'verbatimModuleSyntax'. Adjust the 'type' field in the nearest 'package.json' to make this file an ECMAScript module, or adjust your 'verbatimModuleSyntax', 'module', and 'moduleResolution' settings in TypeScript.
src/modules/synastry/controllers/synastry.controller.ts(10,3): error TS1295: ECMAScript imports and exports cannot be written in a CommonJS file under 'verbatimModuleSyntax'. Adjust the 'type' field in the nearest 'package.json' to make this file an ECMAScript module, or adjust your 'verbatimModuleSyntax', 'module', and 'moduleResolution' settings in TypeScript.
src/modules/synastry/controllers/synastry.controller.ts(10,3): error TS6133: 'generateCompatibilityReport' is declared but its value is never read.
src/modules/synastry/controllers/synastry.controller.ts(11,3): error TS1295: ECMAScript imports and exports cannot be written in a CommonJS file under 'verbatimModuleSyntax'. Adjust the 'type' field in the nearest 'package.json' to make this file an ECMAScript module, or adjust your 'verbatimModuleSyntax', 'module', and 'moduleResolution' settings in TypeScript.
src/modules/synastry/controllers/synastry.controller.ts(12,3): error TS1295: ECMAScript imports and exports cannot be written in a CommonJS file under 'verbatimModuleSyntax'. Adjust the 'type' field in the nearest 'package.json' to make this file an ECMAScript module, or adjust your 'verbatimModuleSyntax', 'module', and 'moduleResolution' settings in TypeScript.
src/modules/synastry/controllers/synastry.controller.ts(14,10): error TS2305: Module '"../models/synastry.model"' has no exported member 'Chart'.
src/modules/synastry/controllers/synastry.controller.ts(14,17): error TS1295: ECMAScript imports and exports cannot be written in a CommonJS file under 'verbatimModuleSyntax'. Adjust the 'type' field in the nearest 'package.json' to make this file an ECMAScript module, or adjust your 'verbatimModuleSyntax', 'module', and 'moduleResolution' settings in TypeScript.
src/modules/synastry/controllers/synastry.controller.ts(14,17): error TS1484: 'CompatibilityReport' is a type and must be imported using a type-only import when 'verbatimModuleSyntax' is enabled.
src/modules/synastry/controllers/synastry.controller.ts(14,17): error TS6133: 'CompatibilityReport' is declared but its value is never read.
src/modules/synastry/controllers/synastry.controller.ts(14,38): error TS1295: ECMAScript imports and exports cannot be written in a CommonJS file under 'verbatimModuleSyntax'. Adjust the 'type' field in the nearest 'package.json' to make this file an ECMAScript module, or adjust your 'verbatimModuleSyntax', 'module', and 'moduleResolution' settings in TypeScript.
src/modules/synastry/controllers/synastry.controller.ts(14,38): error TS1484: 'SynastryChart' is a type and must be imported using a type-only import when 'verbatimModuleSyntax' is enabled.
src/modules/synastry/controllers/synastry.controller.ts(14,38): error TS6133: 'SynastryChart' is declared but its value is never read.
src/modules/synastry/controllers/synastry.controller.ts(14,53): error TS1295: ECMAScript imports and exports cannot be written in a CommonJS file under 'verbatimModuleSyntax'. Adjust the 'type' field in the nearest 'package.json' to make this file an ECMAScript module, or adjust your 'verbatimModuleSyntax', 'module', and 'moduleResolution' settings in TypeScript.
src/modules/synastry/controllers/synastry.controller.ts(14,53): error TS1484: 'CompositeChart' is a type and must be imported using a type-only import when 'verbatimModuleSyntax' is enabled.
src/modules/synastry/controllers/synastry.controller.ts(14,53): error TS6133: 'CompositeChart' is declared but its value is never read.
src/modules/synastry/controllers/synastry.controller.ts(15,20): error TS2307: Cannot find module '../db' or its corresponding type declarations.
src/modules/synastry/controllers/synastry.controller.ts(21,1): error TS1287: A top-level 'export' modifier cannot be used on value declarations in a CommonJS module when 'verbatimModuleSyntax' is enabled.
src/modules/synastry/controllers/synastry.controller.ts(21,23): error TS7030: Not all code paths return a value.
src/modules/synastry/controllers/synastry.controller.ts(283,1): error TS1287: A top-level 'export' modifier cannot be used on value declarations in a CommonJS module when 'verbatimModuleSyntax' is enabled.
src/modules/synastry/controllers/synastry.controller.ts(283,23): error TS7030: Not all code paths return a value.
src/modules/synastry/controllers/synastry.controller.ts(387,1): error TS1287: A top-level 'export' modifier cannot be used on value declarations in a CommonJS module when 'verbatimModuleSyntax' is enabled.
src/modules/synastry/controllers/synastry.controller.ts(387,23): error TS7030: Not all code paths return a value.
src/modules/synastry/controllers/synastry.controller.ts(447,1): error TS1287: A top-level 'export' modifier cannot be used on value declarations in a CommonJS module when 'verbatimModuleSyntax' is enabled.
src/modules/synastry/controllers/synastry.controller.ts(447,23): error TS7030: Not all code paths return a value.
src/modules/synastry/controllers/synastry.controller.ts(491,1): error TS1287: A top-level 'export' modifier cannot be used on value declarations in a CommonJS module when 'verbatimModuleSyntax' is enabled.
src/modules/synastry/controllers/synastry.controller.ts(491,23): error TS7030: Not all code paths return a value.
src/modules/synastry/controllers/synastry.controller.ts(532,1): error TS1287: A top-level 'export' modifier cannot be used on value declarations in a CommonJS module when 'verbatimModuleSyntax' is enabled.
src/modules/synastry/controllers/synastry.controller.ts(532,23): error TS7030: Not all code paths return a value.
src/modules/synastry/controllers/synastry.controller.ts(583,1): error TS1295: ECMAScript imports and exports cannot be written in a CommonJS file under 'verbatimModuleSyntax'. Adjust the 'type' field in the nearest 'package.json' to make this file an ECMAScript module, or adjust your 'verbatimModuleSyntax', 'module', and 'moduleResolution' settings in TypeScript.
src/modules/synastry/index.ts(7,10): error TS2305: Module '"./routes/synastry.routes"' has no exported member 'synastryRoutes'.
src/modules/synastry/index.ts(9,1): error TS2308: Module './models/synastry.model' has already exported a member named 'CompatibilityReport'. Consider explicitly re-exporting to resolve the ambiguity.
src/modules/synastry/index.ts(9,1): error TS2308: Module './models/synastry.model' has already exported a member named 'CompatibilityScores'. Consider explicitly re-exporting to resolve the ambiguity.
src/modules/synastry/index.ts(9,1): error TS2308: Module './models/synastry.model' has already exported a member named 'CompositeChart'. Consider explicitly re-exporting to resolve the ambiguity.
src/modules/synastry/index.ts(9,1): error TS2308: Module './models/synastry.model' has already exported a member named 'CompositePlanet'. Consider explicitly re-exporting to resolve the ambiguity.
src/modules/synastry/index.ts(9,1): error TS2308: Module './models/synastry.model' has already exported a member named 'ElementalBalance'. Consider explicitly re-exporting to resolve the ambiguity.
src/modules/synastry/index.ts(9,1): error TS2308: Module './models/synastry.model' has already exported a member named 'PlanetPosition'. Consider explicitly re-exporting to resolve the ambiguity.
src/modules/synastry/index.ts(9,1): error TS2308: Module './models/synastry.model' has already exported a member named 'SynastryAspect'. Consider explicitly re-exporting to resolve the ambiguity.
src/modules/synastry/index.ts(9,1): error TS2308: Module './models/synastry.model' has already exported a member named 'SynastryChart'. Consider explicitly re-exporting to resolve the ambiguity.
src/modules/synastry/models/synastry.model.ts(7,36): error TS2307: Cannot find module './calendar.model' or its corresponding type declarations.
src/modules/synastry/models/synastry.model.ts(31,9): error TS2304: Cannot find name 'ZodiacSign'.
src/modules/synastry/models/synastry.model.ts(62,9): error TS2304: Cannot find name 'ZodiacSign'.
src/modules/synastry/routes/synastry.routes.ts(6,10): error TS1295: ECMAScript imports and exports cannot be written in a CommonJS file under 'verbatimModuleSyntax'. Adjust the 'type' field in the nearest 'package.json' to make this file an ECMAScript module, or adjust your 'verbatimModuleSyntax', 'module', and 'moduleResolution' settings in TypeScript.
src/modules/synastry/routes/synastry.routes.ts(7,13): error TS1295: ECMAScript imports and exports cannot be written in a CommonJS file under 'verbatimModuleSyntax'. Adjust the 'type' field in the nearest 'package.json' to make this file an ECMAScript module, or adjust your 'verbatimModuleSyntax', 'module', and 'moduleResolution' settings in TypeScript.
src/modules/synastry/routes/synastry.routes.ts(8,10): error TS1295: ECMAScript imports and exports cannot be written in a CommonJS file under 'verbatimModuleSyntax'. Adjust the 'type' field in the nearest 'package.json' to make this file an ECMAScript module, or adjust your 'verbatimModuleSyntax', 'module', and 'moduleResolution' settings in TypeScript.
src/modules/synastry/routes/synastry.routes.ts(10,7): error TS2451: Cannot redeclare block-scoped variable 'router'.
src/modules/synastry/routes/synastry.routes.ts(61,1): error TS1287: A top-level 'export' modifier cannot be used on value declarations in a CommonJS module when 'verbatimModuleSyntax' is enabled.
src/modules/synastry/routes/synastry.routes.ts(61,14): error TS2451: Cannot redeclare block-scoped variable 'router'.
src/modules/synastry/services/synastry.service.ts(7,3): error TS6133: 'calculateJulianDay' is declared but its value is never read.
src/modules/synastry/services/synastry.service.ts(10,8): error TS2307: Cannot find module './calendar.service' or its corresponding type declarations.
src/modules/synastry/services/synastry.service.ts(11,10): error TS6133: 'MoonPhase' is declared but its value is never read.
src/modules/synastry/services/synastry.service.ts(11,47): error TS2307: Cannot find module '../models/calendar.model' or its corresponding type declarations.
src/modules/synastry/services/synastry.service.ts(131,1): error TS1287: A top-level 'export' modifier cannot be used on value declarations in a CommonJS module when 'verbatimModuleSyntax' is enabled.
src/modules/synastry/services/synastry.service.ts(196,1): error TS1287: A top-level 'export' modifier cannot be used on value declarations in a CommonJS module when 'verbatimModuleSyntax' is enabled.
src/modules/synastry/services/synastry.service.ts(228,1): error TS1287: A top-level 'export' modifier cannot be used on value declarations in a CommonJS module when 'verbatimModuleSyntax' is enabled.
src/modules/synastry/services/synastry.service.ts(286,1): error TS1287: A top-level 'export' modifier cannot be used on value declarations in a CommonJS module when 'verbatimModuleSyntax' is enabled.
src/modules/synastry/services/synastry.service.ts(306,1): error TS1287: A top-level 'export' modifier cannot be used on value declarations in a CommonJS module when 'verbatimModuleSyntax' is enabled.
src/modules/synastry/services/synastry.service.ts(355,1): error TS1287: A top-level 'export' modifier cannot be used on value declarations in a CommonJS module when 'verbatimModuleSyntax' is enabled.
src/modules/synastry/services/synastry.service.ts(380,1): error TS1287: A top-level 'export' modifier cannot be used on value declarations in a CommonJS module when 'verbatimModuleSyntax' is enabled.
src/modules/synastry/services/synastry.service.ts(447,3): error TS6133: 'orb' is declared but its value is never read.
src/modules/synastry/services/synastry.service.ts(512,31): error TS6133: 'aspects' is declared but its value is never read.
src/modules/synastry/services/synastry.service.ts(572,32): error TS6133: 'aspects' is declared but its value is never read.
src/modules/synastry/services/synastry.service.ts(635,42): error TS6133: 'compositePlanets' is declared but its value is never read.
src/modules/synastry/services/synastry.service.ts(642,3): error TS6133: 'aspects' is declared but its value is never read.
src/modules/synastry/services/synastry.service.ts(681,1): error TS1295: ECMAScript imports and exports cannot be written in a CommonJS file under 'verbatimModuleSyntax'. Adjust the 'type' field in the nearest 'package.json' to make this file an ECMAScript module, or adjust your 'verbatimModuleSyntax', 'module', and 'moduleResolution' settings in TypeScript.
src/modules/transits/controllers/transit.controller.ts(6,10): error TS1295: ECMAScript imports and exports cannot be written in a CommonJS file under 'verbatimModuleSyntax'. Adjust the 'type' field in the nearest 'package.json' to make this file an ECMAScript module, or adjust your 'verbatimModuleSyntax', 'module', and 'moduleResolution' settings in TypeScript.
src/modules/transits/controllers/transit.controller.ts(6,10): error TS1484: 'Request' is a type and must be imported using a type-only import when 'verbatimModuleSyntax' is enabled.
src/modules/transits/controllers/transit.controller.ts(6,19): error TS1295: ECMAScript imports and exports cannot be written in a CommonJS file under 'verbatimModuleSyntax'. Adjust the 'type' field in the nearest 'package.json' to make this file an ECMAScript module, or adjust your 'verbatimModuleSyntax', 'module', and 'moduleResolution' settings in TypeScript.
src/modules/transits/controllers/transit.controller.ts(6,19): error TS1484: 'Response' is a type and must be imported using a type-only import when 'verbatimModuleSyntax' is enabled.
src/modules/transits/controllers/transit.controller.ts(7,26): error TS2307: Cannot find module '../../middleware/errorHandler' or its corresponding type declarations.
src/modules/transits/controllers/transit.controller.ts(8,28): error TS2307: Cannot find module '../models' or its corresponding type declarations.
src/modules/transits/controllers/transit.controller.ts(9,32): error TS2307: Cannot find module '../services' or its corresponding type declarations.
src/modules/transits/controllers/transit.controller.ts(10,10): error TS1295: ECMAScript imports and exports cannot be written in a CommonJS file under 'verbatimModuleSyntax'. Adjust the 'type' field in the nearest 'package.json' to make this file an ECMAScript module, or adjust your 'verbatimModuleSyntax', 'module', and 'moduleResolution' settings in TypeScript.
src/modules/transits/controllers/transit.controller.ts(10,19): error TS1295: ECMAScript imports and exports cannot be written in a CommonJS file under 'verbatimModuleSyntax'. Adjust the 'type' field in the nearest 'package.json' to make this file an ECMAScript module, or adjust your 'verbatimModuleSyntax', 'module', and 'moduleResolution' settings in TypeScript.
src/modules/transits/controllers/transit.controller.ts(10,30): error TS1295: ECMAScript imports and exports cannot be written in a CommonJS file under 'verbatimModuleSyntax'. Adjust the 'type' field in the nearest 'package.json' to make this file an ECMAScript module, or adjust your 'verbatimModuleSyntax', 'module', and 'moduleResolution' settings in TypeScript.
src/modules/transits/controllers/transit.controller.ts(10,40): error TS1295: ECMAScript imports and exports cannot be written in a CommonJS file under 'verbatimModuleSyntax'. Adjust the 'type' field in the nearest 'package.json' to make this file an ECMAScript module, or adjust your 'verbatimModuleSyntax', 'module', and 'moduleResolution' settings in TypeScript.
src/modules/transits/controllers/transit.controller.ts(15,1): error TS1287: A top-level 'export' modifier cannot be used on value declarations in a CommonJS module when 'verbatimModuleSyntax' is enabled.
src/modules/transits/controllers/transit.controller.ts(16,28): error TS2339: Property 'id' does not exist on type 'TokenPayload'.
src/modules/transits/controllers/transit.controller.ts(53,7): error TS7006: Parameter 'a' implicitly has an 'any' type.
src/modules/transits/controllers/transit.controller.ts(80,1): error TS1287: A top-level 'export' modifier cannot be used on value declarations in a CommonJS module when 'verbatimModuleSyntax' is enabled.
src/modules/transits/controllers/transit.controller.ts(81,28): error TS2339: Property 'id' does not exist on type 'TokenPayload'.
src/modules/transits/controllers/transit.controller.ts(107,5): error TS7006: Parameter 'a' implicitly has an 'any' type.
src/modules/transits/controllers/transit.controller.ts(132,1): error TS1287: A top-level 'export' modifier cannot be used on value declarations in a CommonJS module when 'verbatimModuleSyntax' is enabled.
src/modules/transits/controllers/transit.controller.ts(133,28): error TS2339: Property 'id' does not exist on type 'TokenPayload'.
src/modules/transits/controllers/transit.controller.ts(152,9): error TS6133: 'startDate' is declared but its value is never read.
src/modules/transits/controllers/transit.controller.ts(167,7): error TS7006: Parameter 'a' implicitly has an 'any' type.
src/modules/transits/controllers/transit.controller.ts(205,1): error TS1287: A top-level 'export' modifier cannot be used on value declarations in a CommonJS module when 'verbatimModuleSyntax' is enabled.
src/modules/transits/controllers/transit.controller.ts(206,9): error TS6133: 'userId' is declared but its value is never read.
src/modules/transits/controllers/transit.controller.ts(206,28): error TS2339: Property 'id' does not exist on type 'TokenPayload'.
src/modules/transits/controllers/transit.controller.ts(207,9): error TS6133: 'id' is declared but its value is never read.
src/modules/transits/controllers/transit.controller.ts(221,1): error TS1287: A top-level 'export' modifier cannot be used on value declarations in a CommonJS module when 'verbatimModuleSyntax' is enabled.
src/modules/transits/controllers/transit.controller.ts(222,28): error TS2339: Property 'id' does not exist on type 'TokenPayload'.
src/modules/transits/controllers/transit.controller.ts(258,9): error TS7034: Variable 'transitForecast' implicitly has type 'any[]' in some locations where its type cannot be determined.
src/modules/transits/controllers/transit.controller.ts(275,7): error TS7006: Parameter 'a' implicitly has an 'any' type.
src/modules/transits/controllers/transit.controller.ts(279,34): error TS7006: Parameter 'aspect' implicitly has an 'any' type.
src/modules/transits/controllers/transit.controller.ts(290,25): error TS7005: Variable 'transitForecast' implicitly has an 'any[]' type.
src/modules/transits/controllers/transit.controller.ts(305,17): error TS7005: Variable 'transitForecast' implicitly has an 'any[]' type.
src/modules/transits/index.ts(7,10): error TS2305: Module '"./routes/transit.routes"' has no exported member 'transitRoutes'.
src/modules/transits/routes/transit.routes.ts(5,10): error TS1295: ECMAScript imports and exports cannot be written in a CommonJS file under 'verbatimModuleSyntax'. Adjust the 'type' field in the nearest 'package.json' to make this file an ECMAScript module, or adjust your 'verbatimModuleSyntax', 'module', and 'moduleResolution' settings in TypeScript.
src/modules/transits/routes/transit.routes.ts(6,10): error TS1295: ECMAScript imports and exports cannot be written in a CommonJS file under 'verbatimModuleSyntax'. Adjust the 'type' field in the nearest 'package.json' to make this file an ECMAScript module, or adjust your 'verbatimModuleSyntax', 'module', and 'moduleResolution' settings in TypeScript.
src/modules/transits/routes/transit.routes.ts(7,10): error TS1295: ECMAScript imports and exports cannot be written in a CommonJS file under 'verbatimModuleSyntax'. Adjust the 'type' field in the nearest 'package.json' to make this file an ECMAScript module, or adjust your 'verbatimModuleSyntax', 'module', and 'moduleResolution' settings in TypeScript.
src/modules/transits/routes/transit.routes.ts(8,10): error TS1295: ECMAScript imports and exports cannot be written in a CommonJS file under 'verbatimModuleSyntax'. Adjust the 'type' field in the nearest 'package.json' to make this file an ECMAScript module, or adjust your 'verbatimModuleSyntax', 'module', and 'moduleResolution' settings in TypeScript.
src/modules/transits/routes/transit.routes.ts(9,10): error TS1295: ECMAScript imports and exports cannot be written in a CommonJS file under 'verbatimModuleSyntax'. Adjust the 'type' field in the nearest 'package.json' to make this file an ECMAScript module, or adjust your 'verbatimModuleSyntax', 'module', and 'moduleResolution' settings in TypeScript.
src/modules/transits/routes/transit.routes.ts(10,13): error TS1295: ECMAScript imports and exports cannot be written in a CommonJS file under 'verbatimModuleSyntax'. Adjust the 'type' field in the nearest 'package.json' to make this file an ECMAScript module, or adjust your 'verbatimModuleSyntax', 'module', and 'moduleResolution' settings in TypeScript.
src/modules/transits/routes/transit.routes.ts(12,7): error TS2451: Cannot redeclare block-scoped variable 'router'.
src/modules/transits/routes/transit.routes.ts(62,1): error TS1287: A top-level 'export' modifier cannot be used on value declarations in a CommonJS module when 'verbatimModuleSyntax' is enabled.
src/modules/transits/routes/transit.routes.ts(62,14): error TS2451: Cannot redeclare block-scoped variable 'router'.
src/modules/users/controllers/user.controller.ts(5,10): error TS1295: ECMAScript imports and exports cannot be written in a CommonJS file under 'verbatimModuleSyntax'. Adjust the 'type' field in the nearest 'package.json' to make this file an ECMAScript module, or adjust your 'verbatimModuleSyntax', 'module', and 'moduleResolution' settings in TypeScript.
src/modules/users/controllers/user.controller.ts(5,10): error TS1484: 'Request' is a type and must be imported using a type-only import when 'verbatimModuleSyntax' is enabled.
src/modules/users/controllers/user.controller.ts(5,19): error TS1295: ECMAScript imports and exports cannot be written in a CommonJS file under 'verbatimModuleSyntax'. Adjust the 'type' field in the nearest 'package.json' to make this file an ECMAScript module, or adjust your 'verbatimModuleSyntax', 'module', and 'moduleResolution' settings in TypeScript.
src/modules/users/controllers/user.controller.ts(5,19): error TS1484: 'Response' is a type and must be imported using a type-only import when 'verbatimModuleSyntax' is enabled.
src/modules/users/controllers/user.controller.ts(6,26): error TS2307: Cannot find module '../../middleware/errorHandler' or its corresponding type declarations.
src/modules/users/controllers/user.controller.ts(7,27): error TS2307: Cannot find module '../models' or its corresponding type declarations.
src/modules/users/controllers/user.controller.ts(8,30): error TS2307: Cannot find module '../../utils/helpers' or its corresponding type declarations.
src/modules/users/controllers/user.controller.ts(13,1): error TS1287: A top-level 'export' modifier cannot be used on value declarations in a CommonJS module when 'verbatimModuleSyntax' is enabled.
src/modules/users/controllers/user.controller.ts(14,28): error TS2339: Property 'id' does not exist on type 'TokenPayload'.
src/modules/users/controllers/user.controller.ts(30,1): error TS1287: A top-level 'export' modifier cannot be used on value declarations in a CommonJS module when 'verbatimModuleSyntax' is enabled.
src/modules/users/controllers/user.controller.ts(31,28): error TS2339: Property 'id' does not exist on type 'TokenPayload'.
src/modules/users/controllers/user.controller.ts(53,1): error TS1287: A top-level 'export' modifier cannot be used on value declarations in a CommonJS module when 'verbatimModuleSyntax' is enabled.
src/modules/users/controllers/user.controller.ts(54,28): error TS2339: Property 'id' does not exist on type 'TokenPayload'.
src/modules/users/controllers/user.controller.ts(70,1): error TS1287: A top-level 'export' modifier cannot be used on value declarations in a CommonJS module when 'verbatimModuleSyntax' is enabled.
src/modules/users/controllers/user.controller.ts(71,28): error TS2339: Property 'id' does not exist on type 'TokenPayload'.
src/modules/users/controllers/user.controller.ts(87,1): error TS1287: A top-level 'export' modifier cannot be used on value declarations in a CommonJS module when 'verbatimModuleSyntax' is enabled.
src/modules/users/controllers/user.controller.ts(88,28): error TS2339: Property 'id' does not exist on type 'TokenPayload'.
src/modules/users/controllers/user.controller.ts(106,1): error TS1287: A top-level 'export' modifier cannot be used on value declarations in a CommonJS module when 'verbatimModuleSyntax' is enabled.
src/modules/users/controllers/user.controller.ts(107,28): error TS2339: Property 'id' does not exist on type 'TokenPayload'.
src/modules/users/index.ts(7,10): error TS2305: Module '"./routes/user.routes"' has no exported member 'userRoutes'.
src/modules/users/models/user.model.ts(5,16): error TS2307: Cannot find module '../db' or its corresponding type declarations.
src/modules/users/models/user.model.ts(167,1): error TS1295: ECMAScript imports and exports cannot be written in a CommonJS file under 'verbatimModuleSyntax'. Adjust the 'type' field in the nearest 'package.json' to make this file an ECMAScript module, or adjust your 'verbatimModuleSyntax', 'module', and 'moduleResolution' settings in TypeScript.
src/modules/users/routes/user.routes.ts(5,10): error TS1295: ECMAScript imports and exports cannot be written in a CommonJS file under 'verbatimModuleSyntax'. Adjust the 'type' field in the nearest 'package.json' to make this file an ECMAScript module, or adjust your 'verbatimModuleSyntax', 'module', and 'moduleResolution' settings in TypeScript.
src/modules/users/routes/user.routes.ts(6,10): error TS1295: ECMAScript imports and exports cannot be written in a CommonJS file under 'verbatimModuleSyntax'. Adjust the 'type' field in the nearest 'package.json' to make this file an ECMAScript module, or adjust your 'verbatimModuleSyntax', 'module', and 'moduleResolution' settings in TypeScript.
src/modules/users/routes/user.routes.ts(7,10): error TS1295: ECMAScript imports and exports cannot be written in a CommonJS file under 'verbatimModuleSyntax'. Adjust the 'type' field in the nearest 'package.json' to make this file an ECMAScript module, or adjust your 'verbatimModuleSyntax', 'module', and 'moduleResolution' settings in TypeScript.
src/modules/users/routes/user.routes.ts(8,13): error TS1295: ECMAScript imports and exports cannot be written in a CommonJS file under 'verbatimModuleSyntax'. Adjust the 'type' field in the nearest 'package.json' to make this file an ECMAScript module, or adjust your 'verbatimModuleSyntax', 'module', and 'moduleResolution' settings in TypeScript.
src/modules/users/routes/user.routes.ts(10,7): error TS2451: Cannot redeclare block-scoped variable 'router'.
src/modules/users/routes/user.routes.ts(69,1): error TS1287: A top-level 'export' modifier cannot be used on value declarations in a CommonJS module when 'verbatimModuleSyntax' is enabled.
src/modules/users/routes/user.routes.ts(69,14): error TS2451: Cannot redeclare block-scoped variable 'router'.
src/server.ts(5,8): error TS1295: ECMAScript imports and exports cannot be written in a CommonJS file under 'verbatimModuleSyntax'. Adjust the 'type' field in the nearest 'package.json' to make this file an ECMAScript module, or adjust your 'verbatimModuleSyntax', 'module', and 'moduleResolution' settings in TypeScript.
src/server.ts(5,19): error TS1295: ECMAScript imports and exports cannot be written in a CommonJS file under 'verbatimModuleSyntax'. Adjust the 'type' field in the nearest 'package.json' to make this file an ECMAScript module, or adjust your 'verbatimModuleSyntax', 'module', and 'moduleResolution' settings in TypeScript.
src/server.ts(5,19): error TS1484: 'Application' is a type and must be imported using a type-only import when 'verbatimModuleSyntax' is enabled.
src/server.ts(5,32): error TS1295: ECMAScript imports and exports cannot be written in a CommonJS file under 'verbatimModuleSyntax'. Adjust the 'type' field in the nearest 'package.json' to make this file an ECMAScript module, or adjust your 'verbatimModuleSyntax', 'module', and 'moduleResolution' settings in TypeScript.
src/server.ts(5,32): error TS1484: 'Request' is a type and must be imported using a type-only import when 'verbatimModuleSyntax' is enabled.
src/server.ts(5,41): error TS1295: ECMAScript imports and exports cannot be written in a CommonJS file under 'verbatimModuleSyntax'. Adjust the 'type' field in the nearest 'package.json' to make this file an ECMAScript module, or adjust your 'verbatimModuleSyntax', 'module', and 'moduleResolution' settings in TypeScript.
src/server.ts(5,41): error TS1484: 'Response' is a type and must be imported using a type-only import when 'verbatimModuleSyntax' is enabled.
src/server.ts(5,51): error TS1295: ECMAScript imports and exports cannot be written in a CommonJS file under 'verbatimModuleSyntax'. Adjust the 'type' field in the nearest 'package.json' to make this file an ECMAScript module, or adjust your 'verbatimModuleSyntax', 'module', and 'moduleResolution' settings in TypeScript.
src/server.ts(5,51): error TS1484: 'NextFunction' is a type and must be imported using a type-only import when 'verbatimModuleSyntax' is enabled.
src/server.ts(5,51): error TS6133: 'NextFunction' is declared but its value is never read.
src/server.ts(6,8): error TS1295: ECMAScript imports and exports cannot be written in a CommonJS file under 'verbatimModuleSyntax'. Adjust the 'type' field in the nearest 'package.json' to make this file an ECMAScript module, or adjust your 'verbatimModuleSyntax', 'module', and 'moduleResolution' settings in TypeScript.
src/server.ts(7,8): error TS1295: ECMAScript imports and exports cannot be written in a CommonJS file under 'verbatimModuleSyntax'. Adjust the 'type' field in the nearest 'package.json' to make this file an ECMAScript module, or adjust your 'verbatimModuleSyntax', 'module', and 'moduleResolution' settings in TypeScript.
src/server.ts(8,8): error TS1295: ECMAScript imports and exports cannot be written in a CommonJS file under 'verbatimModuleSyntax'. Adjust the 'type' field in the nearest 'package.json' to make this file an ECMAScript module, or adjust your 'verbatimModuleSyntax', 'module', and 'moduleResolution' settings in TypeScript.
src/server.ts(9,8): error TS1295: ECMAScript imports and exports cannot be written in a CommonJS file under 'verbatimModuleSyntax'. Adjust the 'type' field in the nearest 'package.json' to make this file an ECMAScript module, or adjust your 'verbatimModuleSyntax', 'module', and 'moduleResolution' settings in TypeScript.
src/server.ts(10,8): error TS1295: ECMAScript imports and exports cannot be written in a CommonJS file under 'verbatimModuleSyntax'. Adjust the 'type' field in the nearest 'package.json' to make this file an ECMAScript module, or adjust your 'verbatimModuleSyntax', 'module', and 'moduleResolution' settings in TypeScript.
src/server.ts(12,10): error TS1295: ECMAScript imports and exports cannot be written in a CommonJS file under 'verbatimModuleSyntax'. Adjust the 'type' field in the nearest 'package.json' to make this file an ECMAScript module, or adjust your 'verbatimModuleSyntax', 'module', and 'moduleResolution' settings in TypeScript.
src/server.ts(13,10): error TS1295: ECMAScript imports and exports cannot be written in a CommonJS file under 'verbatimModuleSyntax'. Adjust the 'type' field in the nearest 'package.json' to make this file an ECMAScript module, or adjust your 'verbatimModuleSyntax', 'module', and 'moduleResolution' settings in TypeScript.
src/server.ts(14,10): error TS1295: ECMAScript imports and exports cannot be written in a CommonJS file under 'verbatimModuleSyntax'. Adjust the 'type' field in the nearest 'package.json' to make this file an ECMAScript module, or adjust your 'verbatimModuleSyntax', 'module', and 'moduleResolution' settings in TypeScript.
src/server.ts(15,10): error TS1295: ECMAScript imports and exports cannot be written in a CommonJS file under 'verbatimModuleSyntax'. Adjust the 'type' field in the nearest 'package.json' to make this file an ECMAScript module, or adjust your 'verbatimModuleSyntax', 'module', and 'moduleResolution' settings in TypeScript.
src/server.ts(18,8): error TS1295: ECMAScript imports and exports cannot be written in a CommonJS file under 'verbatimModuleSyntax'. Adjust the 'type' field in the nearest 'package.json' to make this file an ECMAScript module, or adjust your 'verbatimModuleSyntax', 'module', and 'moduleResolution' settings in TypeScript.
src/server.ts(110,21): error TS6133: 'req' is declared but its value is never read.
src/server.ts(186,1): error TS1295: ECMAScript imports and exports cannot be written in a CommonJS file under 'verbatimModuleSyntax'. Adjust the 'type' field in the nearest 'package.json' to make this file an ECMAScript module, or adjust your 'verbatimModuleSyntax', 'module', and 'moduleResolution' settings in TypeScript.
src/utils/appError.ts(9,1): error TS1287: A top-level 'export' modifier cannot be used on value declarations in a CommonJS module when 'verbatimModuleSyntax' is enabled.
src/utils/appError.ts(44,7): error TS2698: Spread types may only be created from object types.
src/utils/appError.ts(52,1): error TS1287: A top-level 'export' modifier cannot be used on value declarations in a CommonJS module when 'verbatimModuleSyntax' is enabled.
src/utils/appError.ts(61,1): error TS1287: A top-level 'export' modifier cannot be used on value declarations in a CommonJS module when 'verbatimModuleSyntax' is enabled.
src/utils/appError.ts(70,1): error TS1287: A top-level 'export' modifier cannot be used on value declarations in a CommonJS module when 'verbatimModuleSyntax' is enabled.
src/utils/appError.ts(79,1): error TS1287: A top-level 'export' modifier cannot be used on value declarations in a CommonJS module when 'verbatimModuleSyntax' is enabled.
src/utils/appError.ts(88,1): error TS1287: A top-level 'export' modifier cannot be used on value declarations in a CommonJS module when 'verbatimModuleSyntax' is enabled.
src/utils/appError.ts(97,1): error TS1287: A top-level 'export' modifier cannot be used on value declarations in a CommonJS module when 'verbatimModuleSyntax' is enabled.
src/utils/appError.ts(106,1): error TS1287: A top-level 'export' modifier cannot be used on value declarations in a CommonJS module when 'verbatimModuleSyntax' is enabled.
src/utils/appError.ts(115,1): error TS1287: A top-level 'export' modifier cannot be used on value declarations in a CommonJS module when 'verbatimModuleSyntax' is enabled.
src/utils/appError.ts(124,1): error TS1287: A top-level 'export' modifier cannot be used on value declarations in a CommonJS module when 'verbatimModuleSyntax' is enabled.
src/utils/appError.ts(133,1): error TS1287: A top-level 'export' modifier cannot be used on value declarations in a CommonJS module when 'verbatimModuleSyntax' is enabled.
src/utils/appError.ts(142,1): error TS1287: A top-level 'export' modifier cannot be used on value declarations in a CommonJS module when 'verbatimModuleSyntax' is enabled.
src/utils/appError.ts(151,1): error TS1287: A top-level 'export' modifier cannot be used on value declarations in a CommonJS module when 'verbatimModuleSyntax' is enabled.
src/utils/appError.ts(161,1): error TS1287: A top-level 'export' modifier cannot be used on value declarations in a CommonJS module when 'verbatimModuleSyntax' is enabled.
src/utils/appError.ts(173,7): error TS2322: Type 'typeof DatabaseError' is not assignable to type 'new (msg?: string | undefined, details?: unknown) => AppError'.
  Types of construct signatures are incompatible.
    Type 'new (message: string, details?: unknown) => DatabaseError' is not assignable to type 'new (msg?: string | undefined, details?: unknown) => AppError'.
      Types of parameters 'message' and 'msg' are incompatible.
        Type 'string | undefined' is not assignable to type 'string'.
          Type 'undefined' is not assignable to type 'string'.
src/utils/appError.ts(175,7): error TS2322: Type 'typeof TokenError' is not assignable to type 'new (msg?: string | undefined, details?: unknown) => AppError'.
  Types of construct signatures are incompatible.
    Type 'new (message: string, details?: unknown) => TokenError' is not assignable to type 'new (msg?: string | undefined, details?: unknown) => AppError'.
      Types of parameters 'message' and 'msg' are incompatible.
        Type 'string | undefined' is not assignable to type 'string'.
          Type 'undefined' is not assignable to type 'string'.
src/utils/appError.ts(188,1): error TS1295: ECMAScript imports and exports cannot be written in a CommonJS file under 'verbatimModuleSyntax'. Adjust the 'type' field in the nearest 'package.json' to make this file an ECMAScript module, or adjust your 'verbatimModuleSyntax', 'module', and 'moduleResolution' settings in TypeScript.
src/utils/helpers.ts(5,13): error TS1295: ECMAScript imports and exports cannot be written in a CommonJS file under 'verbatimModuleSyntax'. Adjust the 'type' field in the nearest 'package.json' to make this file an ECMAScript module, or adjust your 'verbatimModuleSyntax', 'module', and 'moduleResolution' settings in TypeScript.
src/utils/helpers.ts(10,1): error TS1287: A top-level 'export' modifier cannot be used on value declarations in a CommonJS module when 'verbatimModuleSyntax' is enabled.
src/utils/helpers.ts(18,1): error TS1287: A top-level 'export' modifier cannot be used on value declarations in a CommonJS module when 'verbatimModuleSyntax' is enabled.
src/utils/helpers.ts(25,1): error TS1287: A top-level 'export' modifier cannot be used on value declarations in a CommonJS module when 'verbatimModuleSyntax' is enabled.
src/utils/helpers.ts(33,1): error TS1287: A top-level 'export' modifier cannot be used on value declarations in a CommonJS module when 'verbatimModuleSyntax' is enabled.
src/utils/helpers.ts(64,1): error TS1287: A top-level 'export' modifier cannot be used on value declarations in a CommonJS module when 'verbatimModuleSyntax' is enabled.
src/utils/helpers.ts(72,1): error TS1287: A top-level 'export' modifier cannot be used on value declarations in a CommonJS module when 'verbatimModuleSyntax' is enabled.
src/utils/logger.ts(6,8): error TS1295: ECMAScript imports and exports cannot be written in a CommonJS file under 'verbatimModuleSyntax'. Adjust the 'type' field in the nearest 'package.json' to make this file an ECMAScript module, or adjust your 'verbatimModuleSyntax', 'module', and 'moduleResolution' settings in TypeScript.
src/utils/logger.ts(7,8): error TS1295: ECMAScript imports and exports cannot be written in a CommonJS file under 'verbatimModuleSyntax'. Adjust the 'type' field in the nearest 'package.json' to make this file an ECMAScript module, or adjust your 'verbatimModuleSyntax', 'module', and 'moduleResolution' settings in TypeScript.
src/utils/logger.ts(8,8): error TS1295: ECMAScript imports and exports cannot be written in a CommonJS file under 'verbatimModuleSyntax'. Adjust the 'type' field in the nearest 'package.json' to make this file an ECMAScript module, or adjust your 'verbatimModuleSyntax', 'module', and 'moduleResolution' settings in TypeScript.
src/utils/logger.ts(9,8): error TS1295: ECMAScript imports and exports cannot be written in a CommonJS file under 'verbatimModuleSyntax'. Adjust the 'type' field in the nearest 'package.json' to make this file an ECMAScript module, or adjust your 'verbatimModuleSyntax', 'module', and 'moduleResolution' settings in TypeScript.
src/utils/logger.ts(23,7): error TS6133: 'devFormat' is declared but its value is never read.
src/utils/logger.ts(181,1): error TS1287: A top-level 'export' modifier cannot be used on value declarations in a CommonJS module when 'verbatimModuleSyntax' is enabled.
src/utils/logger.ts(188,1): error TS1287: A top-level 'export' modifier cannot be used on value declarations in a CommonJS module when 'verbatimModuleSyntax' is enabled.
src/utils/logger.ts(188,42): error TS6133: 'res' is declared but its value is never read.
src/utils/logger.ts(208,1): error TS1287: A top-level 'export' modifier cannot be used on value declarations in a CommonJS module when 'verbatimModuleSyntax' is enabled.
src/utils/logger.ts(218,1): error TS1287: A top-level 'export' modifier cannot be used on value declarations in a CommonJS module when 'verbatimModuleSyntax' is enabled.
src/utils/logger.ts(250,1): error TS1287: A top-level 'export' modifier cannot be used on value declarations in a CommonJS module when 'verbatimModuleSyntax' is enabled.
src/utils/logger.ts(282,1): error TS1287: A top-level 'export' modifier cannot be used on value declarations in a CommonJS module when 'verbatimModuleSyntax' is enabled.
src/utils/logger.ts(312,1): error TS1287: A top-level 'export' modifier cannot be used on value declarations in a CommonJS module when 'verbatimModuleSyntax' is enabled.
src/utils/logger.ts(331,1): error TS1295: ECMAScript imports and exports cannot be written in a CommonJS file under 'verbatimModuleSyntax'. Adjust the 'type' field in the nearest 'package.json' to make this file an ECMAScript module, or adjust your 'verbatimModuleSyntax', 'module', and 'moduleResolution' settings in TypeScript.
src/utils/logger.ts(332,10): error TS1295: ECMAScript imports and exports cannot be written in a CommonJS file under 'verbatimModuleSyntax'. Adjust the 'type' field in the nearest 'package.json' to make this file an ECMAScript module, or adjust your 'verbatimModuleSyntax', 'module', and 'moduleResolution' settings in TypeScript.
src/utils/validators.ts(5,8): error TS1295: ECMAScript imports and exports cannot be written in a CommonJS file under 'verbatimModuleSyntax'. Adjust the 'type' field in the nearest 'package.json' to make this file an ECMAScript module, or adjust your 'verbatimModuleSyntax', 'module', and 'moduleResolution' settings in TypeScript.
src/utils/validators.ts(8,1): error TS1287: A top-level 'export' modifier cannot be used on value declarations in a CommonJS module when 'verbatimModuleSyntax' is enabled.
src/utils/validators.ts(14,1): error TS1287: A top-level 'export' modifier cannot be used on value declarations in a CommonJS module when 'verbatimModuleSyntax' is enabled.
src/utils/validators.ts(19,1): error TS1287: A top-level 'export' modifier cannot be used on value declarations in a CommonJS module when 'verbatimModuleSyntax' is enabled.
src/utils/validators.ts(24,1): error TS1287: A top-level 'export' modifier cannot be used on value declarations in a CommonJS module when 'verbatimModuleSyntax' is enabled.
src/utils/validators.ts(36,101): error TS2339: Property 'strip' does not exist on type 'Root'.
src/utils/validators.ts(39,1): error TS1287: A top-level 'export' modifier cannot be used on value declarations in a CommonJS module when 'verbatimModuleSyntax' is enabled.
src/utils/validators.ts(47,1): error TS1287: A top-level 'export' modifier cannot be used on value declarations in a CommonJS module when 'verbatimModuleSyntax' is enabled.
src/utils/validators.ts(54,1): error TS1287: A top-level 'export' modifier cannot be used on value declarations in a CommonJS module when 'verbatimModuleSyntax' is enabled.
src/utils/validators.ts(62,1): error TS1287: A top-level 'export' modifier cannot be used on value declarations in a CommonJS module when 'verbatimModuleSyntax' is enabled.
src/utils/validators.ts(89,1): error TS1287: A top-level 'export' modifier cannot be used on value declarations in a CommonJS module when 'verbatimModuleSyntax' is enabled.
